[0mGET / [32m200[0m 49.633 ms - 6846[0m
[0mGET /javascript/chat_engine.js [36m304[0m 1.767 ms - -[0m
[0mGET /javascript/home_posts.js [36m304[0m 1.713 ms - -[0m
[0mGET /javascript/posts_comments.js [36m304[0m 1.365 ms - -[0m
[0mGET /javascript/toggle-likes.js [36m304[0m 0.534 ms - -[0m
[0mGET /users/sign-in [36m304[0m 14.495 ms - -[0m
[0mGET /css/layout.css [32m200[0m 3.910 ms - 1135[0m
[0mGET /css/header.css [32m200[0m 4.836 ms - 1858[0m
[0mGET /css/footer.css [32m200[0m 4.118 ms - 252[0m
[0mPOST /users/create-session [36m302[0m 33.239 ms - 46[0m
[0mGET / [32m200[0m 27.468 ms - 11945[0m
[0mGET /css/layout.css [36m304[0m 0.492 ms - -[0m
[0mGET /css/header.css [36m304[0m 0.893 ms - -[0m
[0mGET /css/footer.css [36m304[0m 0.715 ms - -[0m
[0mGET /css/home.css [32m200[0m 2.668 ms - 4270[0m
[0mGET /css/chat-box.css [32m200[0m 2.784 ms - 1276[0m
[0mGET /javascript/chat_engine.js [36m304[0m 1.048 ms - -[0m
[0mGET /javascript/home_posts.js [36m304[0m 0.920 ms - -[0m
[0mGET /javascript/posts_comments.js [36m304[0m 0.610 ms - -[0m
[0mGET /javascript/toggle-likes.js [36m304[0m 0.640 ms - -[0m
[0mGET / [32m200[0m 37.578 ms - 11637[0m
[0mGET /css/layout.css [36m304[0m 0.351 ms - -[0m
[0mGET /css/header.css [36m304[0m 0.501 ms - -[0m
[0mGET /css/footer.css [36m304[0m 0.900 ms - -[0m
[0mGET /css/home.css [36m304[0m 0.229 ms - -[0m
[0mGET /css/chat-box.css [36m304[0m 0.216 ms - -[0m
[0mGET /javascript/chat_engine.js [36m304[0m 0.879 ms - -[0m
[0mGET /javascript/home_posts.js [36m304[0m 0.795 ms - -[0m
[0mGET /javascript/posts_comments.js [36m304[0m 0.486 ms - -[0m
[0mGET /javascript/toggle-likes.js [36m304[0m 0.428 ms - -[0m
[0mGET /css/layout.css [36m304[0m 1.352 ms - -[0m
[0mGET /css/header.css [36m304[0m 1.528 ms - -[0m
[0mGET /css/footer.css [36m304[0m 1.452 ms - -[0m
[0mGET /css/home.css [36m304[0m 1.367 ms - -[0m
[0mGET /css/chat-box.css [36m304[0m 0.198 ms - -[0m
[0mGET / [36m304[0m 25.212 ms - -[0m
[0mGET /css/layout.css [36m304[0m 0.631 ms - -[0m
[0mGET /css/header.css [36m304[0m 0.758 ms - -[0m
[0mGET /css/footer.css [36m304[0m 0.355 ms - -[0m
[0mGET /css/home.css [36m304[0m 0.424 ms - -[0m
[0mGET /css/chat-box.css [36m304[0m 0.197 ms - -[0m
[0mGET /javascript/chat_engine.js [36m304[0m 0.697 ms - -[0m
[0mGET /javascript/home_posts.js [36m304[0m 1.091 ms - -[0m
[0mGET /javascript/posts_comments.js [36m304[0m 0.488 ms - -[0m
[0mGET /javascript/toggle-likes.js [36m304[0m 0.512 ms - -[0m
[0mGET /css/layout.css [36m304[0m 0.924 ms - -[0m
[0mGET /css/header.css [36m304[0m 1.336 ms - -[0m
[0mGET /css/footer.css [36m304[0m 0.727 ms - -[0m
[0mGET /css/home.css [36m304[0m 0.729 ms - -[0m
[0mGET /css/chat-box.css [36m304[0m 0.742 ms - -[0m
[0mGET / [36m304[0m 41.967 ms - -[0m
[0mGET /javascript/chat_engine.js [36m304[0m 1.226 ms - -[0m
[0mGET /javascript/home_posts.js [36m304[0m 1.283 ms - -[0m
[0mGET /javascript/posts_comments.js [36m304[0m 0.925 ms - -[0m
[0mGET /javascript/toggle-likes.js [36m304[0m 0.260 ms - -[0m
[0mPOST /comments/add-comment [0m-[0m - ms - -[0m
[0mPOST /comments/add-comment [36m302[0m 56.986 ms - 88[0m
[0mGET / [32m200[0m 25.109 ms - 12866[0m
[0mGET /javascript/chat_engine.js [36m304[0m 0.478 ms - -[0m
[0mGET /javascript/home_posts.js [36m304[0m 0.825 ms - -[0m
[0mGET /javascript/posts_comments.js [36m304[0m 0.756 ms - -[0m
[0mGET /javascript/toggle-likes.js [36m304[0m 0.715 ms - -[0m
[0mPOST /comments/add-comment [36m302[0m 21.103 ms - 88[0m
[0mGET / [32m200[0m 35.520 ms - 14096[0m
[0mGET /css/layout.css [32m200[0m 2.422 ms - 1135[0m
[0mGET /css/header.css [32m200[0m 3.106 ms - 1858[0m
[0mGET /css/footer.css [32m200[0m 3.210 ms - 252[0m
[0mGET /css/home.css [32m200[0m 2.436 ms - 4270[0m
[0mGET /css/chat-box.css [32m200[0m 2.775 ms - 1276[0m
[0mGET /javascript/chat_engine.js [36m304[0m 0.512 ms - -[0m
[0mGET /javascript/home_posts.js [36m304[0m 1.403 ms - -[0m
[0mGET /javascript/posts_comments.js [36m304[0m 0.693 ms - -[0m
[0mGET /javascript/toggle-likes.js [36m304[0m 0.165 ms - -[0m
[0mGET / [32m200[0m 41.800 ms - 14106[0m
[0mGET /css/layout.css [36m304[0m 0.651 ms - -[0m
[0mGET /css/header.css [36m304[0m 0.425 ms - -[0m
[0mGET /css/footer.css [36m304[0m 0.656 ms - -[0m
[0mGET /css/home.css [36m304[0m 0.749 ms - -[0m
[0mGET /css/chat-box.css [36m304[0m 0.825 ms - -[0m
[0mGET /javascript/chat_engine.js [36m304[0m 0.732 ms - -[0m
[0mGET /javascript/home_posts.js [36m304[0m 0.953 ms - -[0m
[0mGET /javascript/posts_comments.js [36m304[0m 0.936 ms - -[0m
[0mGET /javascript/toggle-likes.js [36m304[0m 0.795 ms - -[0m
[0mGET / [36m304[0m 39.684 ms - -[0m
[0mGET /css/layout.css [36m304[0m 0.333 ms - -[0m
[0mGET /css/header.css [36m304[0m 0.386 ms - -[0m
[0mGET /css/footer.css [36m304[0m 0.499 ms - -[0m
[0mGET /css/home.css [36m304[0m 0.443 ms - -[0m
[0mGET /css/chat-box.css [36m304[0m 0.496 ms - -[0m
[0mGET /javascript/chat_engine.js [36m304[0m 0.483 ms - -[0m
[0mGET /javascript/home_posts.js [36m304[0m 0.819 ms - -[0m
[0mGET /javascript/posts_comments.js [36m304[0m 0.528 ms - -[0m
[0mGET /javascript/toggle-likes.js [36m304[0m 0.208 ms - -[0m
[0mGET / [36m304[0m 24.438 ms - -[0m
[0mGET /css/layout.css [36m304[0m 0.779 ms - -[0m
[0mGET /css/header.css [36m304[0m 0.291 ms - -[0m
[0mGET /css/home.css [36m304[0m 0.868 ms - -[0m
[0mGET /css/footer.css [36m304[0m 0.910 ms - -[0m
[0mGET /css/chat-box.css [36m304[0m 0.781 ms - -[0m
[0mGET /javascript/chat_engine.js [36m304[0m 0.443 ms - -[0m
[0mGET /javascript/home_posts.js [36m304[0m 1.940 ms - -[0m
[0mGET /javascript/posts_comments.js [36m304[0m 2.231 ms - -[0m
[0mGET /javascript/toggle-likes.js [36m304[0m 1.748 ms - -[0m
[0mGET /css/layout.css [36m304[0m 0.620 ms - -[0m
[0mGET /css/header.css [36m304[0m 0.881 ms - -[0m
[0mGET /css/footer.css [36m304[0m 1.144 ms - -[0m
[0mGET /css/home.css [36m304[0m 0.533 ms - -[0m
[0mGET /css/chat-box.css [36m304[0m 0.570 ms - -[0m
[0mGET / [36m304[0m 70.196 ms - -[0m
[0mGET /javascript/chat_engine.js [36m304[0m 1.268 ms - -[0m
[0mGET /javascript/home_posts.js [36m304[0m 1.256 ms - -[0m
[0mGET /javascript/posts_comments.js [36m304[0m 0.859 ms - -[0m
[0mGET /javascript/toggle-likes.js [36m304[0m 0.612 ms - -[0m
[0mGET /users/sign-out [36m302[0m 25.845 ms - 72[0m
[0mGET /users/sign-in [32m200[0m 8.336 ms - 2900[0m
[0mGET /css/layout.css [32m200[0m 3.661 ms - 1135[0m
[0mGET /css/header.css [32m200[0m 3.691 ms - 1858[0m
[0mGET /css/footer.css [32m200[0m 3.753 ms - 252[0m
[0mPOST /users/create-session [36m302[0m 32.246 ms - 46[0m
[0mGET / [32m200[0m 34.658 ms - 14414[0m
[0mGET /css/layout.css [36m304[0m 0.691 ms - -[0m
[0mGET /css/header.css [36m304[0m 0.365 ms - -[0m
[0mGET /css/footer.css [36m304[0m 0.414 ms - -[0m
[0mGET /css/home.css [32m200[0m 1.584 ms - 4270[0m
[0mGET /css/chat-box.css [32m200[0m 1.069 ms - 1276[0m
[0mGET /javascript/chat_engine.js [36m304[0m 0.908 ms - -[0m
[0mGET /javascript/home_posts.js [36m304[0m 1.002 ms - -[0m
[0mGET /javascript/posts_comments.js [36m304[0m 0.613 ms - -[0m
[0mGET /javascript/toggle-likes.js [36m304[0m 0.554 ms - -[0m
[0mGET /css/layout.css [36m304[0m 1.142 ms - -[0m
[0mGET /css/footer.css [36m304[0m 1.516 ms - -[0m
[0mGET /css/header.css [36m304[0m 1.431 ms - -[0m
[0mGET /css/home.css [36m304[0m 1.756 ms - -[0m
[0mGET /css/chat-box.css [36m304[0m 0.569 ms - -[0m
[0mGET / [32m200[0m 32.871 ms - 14106[0m
[0mGET /css/layout.css [36m304[0m 0.318 ms - -[0m
[0mGET /css/header.css [36m304[0m 0.208 ms - -[0m
[0mGET /css/footer.css [36m304[0m 0.210 ms - -[0m
[0mGET /css/home.css [36m304[0m 0.370 ms - -[0m
[0mGET /css/chat-box.css [36m304[0m 0.555 ms - -[0m
[0mGET /javascript/chat_engine.js [36m304[0m 1.434 ms - -[0m
[0mGET /javascript/home_posts.js [36m304[0m 1.276 ms - -[0m
[0mGET /javascript/posts_comments.js [36m304[0m 0.226 ms - -[0m
[0mGET /javascript/toggle-likes.js [36m304[0m 0.239 ms - -[0m
[0mGET /css/header.css [36m304[0m 0.290 ms - -[0m
[0mGET /css/layout.css [36m304[0m 0.724 ms - -[0m
[0mGET /css/footer.css [36m304[0m 0.204 ms - -[0m
[0mGET /css/home.css [36m304[0m 0.942 ms - -[0m
[0mGET /css/chat-box.css [36m304[0m 0.880 ms - -[0m
[0mGET / [36m304[0m 46.851 ms - -[0m
[0mGET /css/layout.css [36m304[0m 0.633 ms - -[0m
[0mGET /css/header.css [36m304[0m 0.418 ms - -[0m
[0mGET /css/footer.css [36m304[0m 0.729 ms - -[0m
[0mGET /css/home.css [36m304[0m 0.479 ms - -[0m
[0mGET /css/chat-box.css [36m304[0m 0.537 ms - -[0m
[0mGET /javascript/chat_engine.js [36m304[0m 1.430 ms - -[0m
[0mGET /javascript/home_posts.js [36m304[0m 1.206 ms - -[0m
[0mGET /javascript/posts_comments.js [36m304[0m 0.975 ms - -[0m
[0mGET /javascript/toggle-likes.js [36m304[0m 0.897 ms - -[0m
[0mPOST /posts/add-post [36m302[0m 23.358 ms - 44[0m
[0mGET / [32m200[0m 19.453 ms - 16439[0m
[0mGET /css/layout.css [36m304[0m 0.648 ms - -[0m
[0mGET /css/header.css [36m304[0m 0.943 ms - -[0m
[0mGET /css/footer.css [36m304[0m 0.307 ms - -[0m
[0mGET /css/home.css [36m304[0m 0.467 ms - -[0m
[0mGET /css/chat-box.css [36m304[0m 0.309 ms - -[0m
[0mPOST /posts/add-post [36m302[0m 15.609 ms - 44[0m
[0mGET / [32m200[0m 22.305 ms - 18473[0m
[0mGET / [32m200[0m 34.826 ms - 18174[0m
[0mGET /css/layout.css [36m304[0m 0.507 ms - -[0m
[0mGET /css/header.css [36m304[0m 0.736 ms - -[0m
[0mGET /css/footer.css [36m304[0m 0.396 ms - -[0m
[0mGET /css/home.css [36m304[0m 0.558 ms - -[0m
[0mGET /css/chat-box.css [36m304[0m 0.341 ms - -[0m
[0mGET /javascript/chat_engine.js [36m304[0m 0.800 ms - -[0m
[0mGET /javascript/home_posts.js [36m304[0m 0.694 ms - -[0m
[0mGET /javascript/posts_comments.js [36m304[0m 0.471 ms - -[0m
[0mGET /javascript/toggle-likes.js [36m304[0m 0.389 ms - -[0m
[0mGET / [36m304[0m 61.732 ms - -[0m
[0mGET /javascript/chat_engine.js [36m304[0m 1.726 ms - -[0m
[0mGET /javascript/home_posts.js [36m304[0m 1.155 ms - -[0m
[0mGET /javascript/posts_comments.js [36m304[0m 0.923 ms - -[0m
[0mGET /javascript/toggle-likes.js [36m304[0m 0.794 ms - -[0m
[0mPOST /posts/add-post [32m200[0m 43.410 ms - 290[0m
[0mGET /css/layout.css [32m200[0m 3.744 ms - 1135[0m
[0mGET /css/header.css [32m200[0m 4.087 ms - 1858[0m
[0mGET /css/footer.css [32m200[0m 4.312 ms - 252[0m
[0mGET /css/home.css [32m200[0m 3.769 ms - 4270[0m
[0mGET /css/chat-box.css [32m200[0m 3.854 ms - 1276[0m
[0mGET / [32m200[0m 37.322 ms - 20203[0m
[0mGET /css/layout.css [36m304[0m 0.381 ms - -[0m
[0mGET /css/header.css [36m304[0m 1.024 ms - -[0m
[0mGET /css/footer.css [36m304[0m 0.832 ms - -[0m
[0mGET /css/chat-box.css [36m304[0m 0.706 ms - -[0m
[0mGET /css/home.css [36m304[0m 0.979 ms - -[0m
[0mGET /javascript/chat_engine.js [36m304[0m 0.595 ms - -[0m
[0mGET /javascript/home_posts.js [36m304[0m 1.177 ms - -[0m
[0mGET /javascript/posts_comments.js [36m304[0m 1.099 ms - -[0m
[0mGET /javascript/toggle-likes.js [36m304[0m 0.300 ms - -[0m
[0mPOST /posts/add-post [32m200[0m 17.580 ms - 286[0m
[0mPOST /comments/add-comment [32m200[0m 24.657 ms - 288[0m
[0mGET /css/layout.css [36m304[0m 1.878 ms - -[0m
[0mGET /css/footer.css [36m304[0m 1.382 ms - -[0m
[0mGET /css/header.css [36m304[0m 1.387 ms - -[0m
[0mGET /css/home.css [36m304[0m 0.307 ms - -[0m
[0mGET /css/chat-box.css [36m304[0m 0.356 ms - -[0m
[0mGET / [32m200[0m 74.338 ms - 23474[0m
[0mGET /javascript/chat_engine.js [36m304[0m 0.971 ms - -[0m
[0mGET /javascript/home_posts.js [36m304[0m 0.938 ms - -[0m
[0mGET /javascript/posts_comments.js [36m304[0m 0.588 ms - -[0m
[0mGET /javascript/toggle-likes.js [36m304[0m 0.401 ms - -[0m
[0mGET /css/layout.css [32m200[0m 4.098 ms - 1135[0m
[0mGET /css/header.css [32m200[0m 2.568 ms - 1858[0m
[0mGET /css/footer.css [32m200[0m 3.169 ms - 252[0m
[0mGET /css/home.css [32m200[0m 1.835 ms - 4270[0m
[0mGET /css/chat-box.css [32m200[0m 1.979 ms - 1276[0m
[0mGET / [36m304[0m 48.488 ms - -[0m
[0mGET /posts/delete-post/6465d2be2c57250ba932deba [0m-[0m - ms - -[0m
[0mGET /posts/delete-post/6465d2be2c57250ba932deba [0m-[0m - ms - -[0m
[0mGET /posts/delete-post/6465d2be2c57250ba932deba [0m-[0m - ms - -[0m
[0mGET /posts/delete-post/6465d2be2c57250ba932deba [0m-[0m - ms - -[0m
[0mGET /css/layout.css [36m304[0m 0.649 ms - -[0m
[0mGET /css/header.css [36m304[0m 1.186 ms - -[0m
[0mGET /css/home.css [36m304[0m 1.424 ms - -[0m
[0mGET /css/footer.css [36m304[0m 1.584 ms - -[0m
[0mGET /css/chat-box.css [36m304[0m 0.582 ms - -[0m
[0mGET /javascript/chat_engine.js [36m304[0m 1.658 ms - -[0m
[0mGET /javascript/home_posts.js [36m304[0m 1.533 ms - -[0m
[0mGET /javascript/posts_comments.js [36m304[0m 1.379 ms - -[0m
[0mGET /javascript/toggle-likes.js [36m304[0m 1.216 ms - -[0m
[0mGET / [36m304[0m 67.131 ms - -[0m
[0mGET /javascript/chat_engine.js [36m304[0m 1.216 ms - -[0m
[0mGET /javascript/home_posts.js [36m304[0m 1.081 ms - -[0m
[0mGET /javascript/posts_comments.js [36m304[0m 1.082 ms - -[0m
[0mGET /javascript/toggle-likes.js [36m304[0m 0.806 ms - -[0m
[0mGET / [36m304[0m 73.811 ms - -[0m
[0mGET /javascript/chat_engine.js [36m304[0m 0.894 ms - -[0m
[0mGET /javascript/home_posts.js [36m304[0m 1.016 ms - -[0m
[0mGET /javascript/posts_comments.js [36m304[0m 0.809 ms - -[0m
[0mGET /javascript/toggle-likes.js [36m304[0m 0.794 ms - -[0m
[0mGET / [36m304[0m 76.863 ms - -[0m
[0mGET /javascript/chat_engine.js [36m304[0m 1.261 ms - -[0m
[0mGET /javascript/home_posts.js [36m304[0m 1.122 ms - -[0m
[0mGET /javascript/toggle-likes.js [36m304[0m 0.787 ms - -[0m
[0mGET /javascript/posts_comments.js [36m304[0m 0.681 ms - -[0m
[0mGET / [36m304[0m 67.802 ms - -[0m
[0mGET /javascript/chat_engine.js [36m304[0m 0.933 ms - -[0m
[0mGET /javascript/home_posts.js [36m304[0m 1.594 ms - -[0m
[0mGET /javascript/posts_comments.js [36m304[0m 1.281 ms - -[0m
[0mGET /javascript/toggle-likes.js [36m304[0m 1.058 ms - -[0m
[0mGET /posts/delete-post/6465d2be2c57250ba932deba [32m200[0m 28.939 ms - 63[0m
[0mGET /posts/delete-post/6465d27a2c57250ba932deaf [36m302[0m 25.247 ms - 88[0m
[0mGET / [32m200[0m 35.588 ms - 22228[0m
[0mGET /css/layout.css [32m200[0m 3.201 ms - 1135[0m
[0mGET /css/header.css [32m200[0m 4.178 ms - 1858[0m
[0mGET /css/footer.css [32m200[0m 3.627 ms - 252[0m
[0mGET /css/home.css [32m200[0m 3.799 ms - 4270[0m
[0mGET /css/chat-box.css [32m200[0m 4.114 ms - 1276[0m
[0mGET /javascript/chat_engine.js [36m304[0m 1.143 ms - -[0m
[0mGET /javascript/home_posts.js [36m304[0m 0.885 ms - -[0m
[0mGET /javascript/posts_comments.js [36m304[0m 0.781 ms - -[0m
[0mGET /javascript/toggle-likes.js [36m304[0m 0.787 ms - -[0m
[0mGET /posts/delete-post/6465d2be2c57250ba932deba [36m304[0m 26.230 ms - -[0m
[0mPOST /comments/add-comment [36m302[0m 40.810 ms - 88[0m
[0mGET / [32m200[0m 32.065 ms - 23471[0m
[0mGET /css/layout.css [36m304[0m 0.675 ms - -[0m
[0mGET /css/header.css [36m304[0m 1.593 ms - -[0m
[0mGET /css/home.css [36m304[0m 0.569 ms - -[0m
[0mGET /css/chat-box.css [36m304[0m 0.477 ms - -[0m
[0mGET /css/footer.css [36m304[0m 0.581 ms - -[0m
[0mGET /javascript/chat_engine.js [36m304[0m 0.476 ms - -[0m
[0mGET /javascript/home_posts.js [36m304[0m 0.693 ms - -[0m
[0mGET /javascript/posts_comments.js [36m304[0m 0.339 ms - -[0m
[0mGET /javascript/toggle-likes.js [36m304[0m 0.498 ms - -[0m
[0mGET /users/sign-out [36m302[0m 15.193 ms - 72[0m
[0mGET /users/sign-in [36m304[0m 11.021 ms - -[0m
[0mGET /css/layout.css [36m304[0m 0.446 ms - -[0m
[0mGET /css/header.css [36m304[0m 0.697 ms - -[0m
[0mGET /css/footer.css [36m304[0m 0.721 ms - -[0m
[0mPOST /users/create-session [36m302[0m 20.571 ms - 46[0m
[0mGET / [32m200[0m 36.477 ms - 23779[0m
[0mGET /css/layout.css [36m304[0m 1.145 ms - -[0m
[0mGET /css/header.css [36m304[0m 0.311 ms - -[0m
[0mGET /css/footer.css [36m304[0m 0.429 ms - -[0m
[0mGET /css/home.css [36m304[0m 0.584 ms - -[0m
[0mGET /css/chat-box.css [36m304[0m 0.669 ms - -[0m
[0mGET /javascript/chat_engine.js [36m304[0m 0.388 ms - -[0m
[0mGET /javascript/home_posts.js [36m304[0m 0.625 ms - -[0m
[0mGET /javascript/posts_comments.js [36m304[0m 0.833 ms - -[0m
[0mGET /javascript/toggle-likes.js [36m304[0m 0.236 ms - -[0m
[0mPOST /comments/add-comment [36m302[0m 19.968 ms - 88[0m
[0mGET / [32m200[0m 40.789 ms - 24715[0m
[0mGET /css/layout.css [36m304[0m 0.451 ms - -[0m
[0mGET /css/header.css [36m304[0m 0.815 ms - -[0m
[0mGET /css/footer.css [36m304[0m 0.896 ms - -[0m
[0mGET /css/home.css [36m304[0m 0.541 ms - -[0m
[0mGET /css/chat-box.css [36m304[0m 0.328 ms - -[0m
[0mGET /javascript/chat_engine.js [36m304[0m 0.598 ms - -[0m
[0mGET /javascript/home_posts.js [36m304[0m 0.501 ms - -[0m
[0mGET /javascript/posts_comments.js [36m304[0m 0.305 ms - -[0m
[0mGET /javascript/toggle-likes.js [36m304[0m 0.213 ms - -[0m
[0mGET /posts/delete-post/6465d2be2c57250ba932deba [36m304[0m 18.261 ms - -[0m
[0mGET /comments/delete-comment/6465d9acd610deb77c45a61e [36m302[0m 15.435 ms - 88[0m
[0mGET / [32m200[0m 23.286 ms - 23471[0m
[0mGET /css/layout.css [36m304[0m 0.595 ms - -[0m
[0mGET /css/header.css [36m304[0m 0.248 ms - -[0m
[0mGET /css/home.css [36m304[0m 0.400 ms - -[0m
[0mGET /css/footer.css [36m304[0m 0.428 ms - -[0m
[0mGET /css/chat-box.css [36m304[0m 0.464 ms - -[0m
[0mGET /javascript/chat_engine.js [36m304[0m 0.457 ms - -[0m
[0mGET /javascript/home_posts.js [36m304[0m 0.508 ms - -[0m
[0mGET /javascript/posts_comments.js [36m304[0m 0.366 ms - -[0m
[0mGET /javascript/toggle-likes.js [36m304[0m 0.356 ms - -[0m
[0mPOST /comments/add-comment [36m302[0m 18.271 ms - 88[0m
[0mGET / [32m200[0m 29.146 ms - 24710[0m
[0mGET /css/layout.css [36m304[0m 0.690 ms - -[0m
[0mGET /css/header.css [36m304[0m 0.663 ms - -[0m
[0mGET /css/footer.css [36m304[0m 0.277 ms - -[0m
[0mGET /css/home.css [36m304[0m 0.679 ms - -[0m
[0mGET /css/chat-box.css [36m304[0m 0.610 ms - -[0m
[0mGET /javascript/chat_engine.js [36m304[0m 0.722 ms - -[0m
[0mGET /javascript/home_posts.js [36m304[0m 0.549 ms - -[0m
[0mGET /javascript/posts_comments.js [36m304[0m 0.230 ms - -[0m
[0mGET /javascript/toggle-likes.js [36m304[0m 0.204 ms - -[0m
[0mGET /posts/delete-post/6465d2be2c57250ba932deba [36m304[0m 18.154 ms - -[0m
[0mGET /comments/delete-comment/6465d9acd610deb77c45a61e [36m302[0m 11.743 ms - 88[0m
[0mGET / [32m200[0m 38.157 ms - 23471[0m
[0mGET /css/layout.css [36m304[0m 0.720 ms - -[0m
[0mGET /css/header.css [36m304[0m 0.219 ms - -[0m
[0mGET /css/footer.css [36m304[0m 0.321 ms - -[0m
[0mGET /css/chat-box.css [36m304[0m 0.706 ms - -[0m
[0mGET /css/home.css [36m304[0m 0.769 ms - -[0m
[0mGET /javascript/chat_engine.js [36m304[0m 0.649 ms - -[0m
[0mGET /javascript/home_posts.js [36m304[0m 0.552 ms - -[0m
[0mGET /javascript/posts_comments.js [36m304[0m 0.244 ms - -[0m
[0mGET /javascript/toggle-likes.js [36m304[0m 0.210 ms - -[0m
[0mGET /comments/delete-comment/6465d9acd610deb77c45a61e [36m302[0m 16.319 ms - 88[0m
[0mGET / [36m304[0m 39.883 ms - -[0m
[0mGET /css/layout.css [36m304[0m 0.468 ms - -[0m
[0mGET /css/header.css [36m304[0m 0.480 ms - -[0m
[0mGET /css/footer.css [36m304[0m 0.415 ms - -[0m
[0mGET /css/home.css [36m304[0m 0.566 ms - -[0m
[0mGET /css/chat-box.css [36m304[0m 0.452 ms - -[0m
[0mGET /javascript/chat_engine.js [36m304[0m 0.354 ms - -[0m
[0mGET /javascript/home_posts.js [36m304[0m 0.324 ms - -[0m
[0mGET /javascript/posts_comments.js [36m304[0m 0.325 ms - -[0m
[0mGET /javascript/toggle-likes.js [36m304[0m 0.281 ms - -[0m
[0mGET /comments/delete-comment/6465d9acd610deb77c45a61e [36m302[0m 14.766 ms - 88[0m
[0mGET / [36m304[0m 33.515 ms - -[0m
[0mGET /css/layout.css [36m304[0m 0.347 ms - -[0m
[0mGET /css/header.css [36m304[0m 0.610 ms - -[0m
[0mGET /css/footer.css [36m304[0m 0.542 ms - -[0m
[0mGET /css/home.css [36m304[0m 0.204 ms - -[0m
[0mGET /css/chat-box.css [36m304[0m 0.190 ms - -[0m
[0mGET /javascript/chat_engine.js [36m304[0m 1.093 ms - -[0m
[0mGET /javascript/home_posts.js [36m304[0m 0.524 ms - -[0m
[0mGET /javascript/posts_comments.js [36m304[0m 0.634 ms - -[0m
[0mGET /javascript/toggle-likes.js [36m304[0m 0.477 ms - -[0m
[0mGET / [36m304[0m 32.323 ms - -[0m
[0mGET /css/layout.css [36m304[0m 0.704 ms - -[0m
[0mGET /css/header.css [36m304[0m 0.818 ms - -[0m
[0mGET /css/footer.css [36m304[0m 0.346 ms - -[0m
[0mGET /css/home.css [36m304[0m 0.468 ms - -[0m
[0mGET /css/chat-box.css [36m304[0m 0.603 ms - -[0m
[0mGET /javascript/chat_engine.js [36m304[0m 1.219 ms - -[0m
[0mGET /javascript/home_posts.js [36m304[0m 1.118 ms - -[0m
[0mGET /javascript/posts_comments.js [36m304[0m 0.450 ms - -[0m
[0mGET /javascript/toggle-likes.js [36m304[0m 0.390 ms - -[0m
[0mGET / [36m304[0m 71.648 ms - -[0m
[0mGET /javascript/chat_engine.js [36m304[0m 1.272 ms - -[0m
[0mGET /javascript/home_posts.js [36m304[0m 0.537 ms - -[0m
[0mGET /javascript/posts_comments.js [36m304[0m 0.749 ms - -[0m
[0mGET /javascript/toggle-likes.js [36m304[0m 0.655 ms - -[0m
[0mGET /comments/delete-comment/6465d9acd610deb77c45a61e [36m302[0m 31.527 ms - 88[0m
[0mGET / [36m304[0m 40.374 ms - -[0m
[0mGET /css/layout.css [32m200[0m 2.779 ms - 1135[0m
[0mGET /css/header.css [32m200[0m 3.775 ms - 1858[0m
[0mGET /css/footer.css [32m200[0m 4.379 ms - 252[0m
[0mGET /css/home.css [32m200[0m 1.887 ms - 4270[0m
[0mGET /css/chat-box.css [32m200[0m 2.160 ms - 1276[0m
[0mGET /javascript/chat_engine.js [36m304[0m 1.391 ms - -[0m
[0mGET /javascript/home_posts.js [36m304[0m 1.062 ms - -[0m
[0mGET /javascript/posts_comments.js [36m304[0m 0.655 ms - -[0m
[0mGET /javascript/toggle-likes.js [36m304[0m 0.654 ms - -[0m
[0mGET /comments/delete-comment/6465d9acd610deb77c45a61e [36m302[0m 17.414 ms - 88[0m
[0mGET / [36m304[0m 34.531 ms - -[0m
[0mGET /css/layout.css [36m304[0m 0.350 ms - -[0m
[0mGET /css/header.css [36m304[0m 0.714 ms - -[0m
[0mGET /css/footer.css [36m304[0m 0.852 ms - -[0m
[0mGET /css/home.css [36m304[0m 0.929 ms - -[0m
[0mGET /css/chat-box.css [36m304[0m 0.865 ms - -[0m
[0mGET /javascript/chat_engine.js [36m304[0m 1.063 ms - -[0m
[0mGET /javascript/home_posts.js [36m304[0m 0.604 ms - -[0m
[0mGET /javascript/posts_comments.js [36m304[0m 0.463 ms - -[0m
[0mGET /javascript/toggle-likes.js [36m304[0m 0.405 ms - -[0m
[0mGET /css/layout.css [36m304[0m 0.881 ms - -[0m
[0mGET /css/header.css [36m304[0m 1.097 ms - -[0m
[0mGET /css/footer.css [36m304[0m 0.217 ms - -[0m
[0mGET /css/home.css [36m304[0m 0.422 ms - -[0m
[0mGET /css/chat-box.css [36m304[0m 0.490 ms - -[0m
[0mGET /comments/delete-comment/6465d9acd610deb77c45a61e [36m302[0m 14.974 ms - 88[0m
[0mGET / [36m304[0m 36.385 ms - -[0m
[0mGET /css/layout.css [36m304[0m 0.873 ms - -[0m
[0mGET /css/header.css [36m304[0m 1.012 ms - -[0m
[0mGET /css/footer.css [36m304[0m 0.604 ms - -[0m
[0mGET /css/home.css [36m304[0m 0.766 ms - -[0m
[0mGET /css/chat-box.css [36m304[0m 0.669 ms - -[0m
[0mGET /javascript/chat_engine.js [36m304[0m 0.399 ms - -[0m
[0mGET /javascript/home_posts.js [36m304[0m 1.065 ms - -[0m
[0mGET /javascript/posts_comments.js [36m304[0m 0.944 ms - -[0m
[0mGET /javascript/toggle-likes.js [36m304[0m 0.789 ms - -[0m
[0mGET /comments/delete-comment/6465d9acd610deb77c45a61e [36m302[0m 13.534 ms - 88[0m
[0mGET / [36m304[0m 36.098 ms - -[0m
[0mGET /css/layout.css [36m304[0m 0.672 ms - -[0m
[0mGET /css/header.css [36m304[0m 0.948 ms - -[0m
[0mGET /css/footer.css [36m304[0m 0.674 ms - -[0m
[0mGET /css/home.css [36m304[0m 0.508 ms - -[0m
[0mGET /css/chat-box.css [36m304[0m 0.522 ms - -[0m
[0mGET /javascript/chat_engine.js [36m304[0m 0.871 ms - -[0m
[0mGET /javascript/home_posts.js [36m304[0m 0.779 ms - -[0m
[0mGET /javascript/posts_comments.js [36m304[0m 0.688 ms - -[0m
[0mGET /javascript/toggle-likes.js [36m304[0m 0.253 ms - -[0m
[0mGET / [36m304[0m 41.746 ms - -[0m
[0mGET /css/layout.css [36m304[0m 0.432 ms - -[0m
[0mGET /css/header.css [36m304[0m 0.590 ms - -[0m
[0mGET /css/home.css [36m304[0m 0.559 ms - -[0m
[0mGET /css/footer.css [36m304[0m 0.527 ms - -[0m
[0mGET /css/chat-box.css [36m304[0m 0.567 ms - -[0m
[0mGET /javascript/chat_engine.js [36m304[0m 0.378 ms - -[0m
[0mGET /javascript/home_posts.js [36m304[0m 0.707 ms - -[0m
[0mGET /javascript/posts_comments.js [36m304[0m 0.922 ms - -[0m
[0mGET /javascript/toggle-likes.js [36m304[0m 0.456 ms - -[0m
[0mGET /comments/delete-comment/6465d9acd610deb77c45a61e [36m302[0m 17.279 ms - 88[0m
[0mGET / [36m304[0m 30.320 ms - -[0m
[0mGET /css/layout.css [36m304[0m 0.619 ms - -[0m
[0mGET /css/footer.css [36m304[0m 0.679 ms - -[0m
[0mGET /css/header.css [36m304[0m 0.723 ms - -[0m
[0mGET /css/chat-box.css [36m304[0m 0.763 ms - -[0m
[0mGET /css/home.css [36m304[0m 0.802 ms - -[0m
[0mGET /javascript/chat_engine.js [36m304[0m 0.741 ms - -[0m
[0mGET /javascript/home_posts.js [36m304[0m 0.811 ms - -[0m
[0mGET /javascript/posts_comments.js [36m304[0m 0.598 ms - -[0m
[0mGET /javascript/toggle-likes.js [36m304[0m 1.019 ms - -[0m
[0mGET /posts/delete-post/6465d2be2c57250ba932deba [36m304[0m 27.842 ms - -[0m
[0mGET /posts/delete-post/6465d246dbdba25ff537c7bf [36m302[0m 14.481 ms - 88[0m
[0mGET / [36m304[0m 32.350 ms - -[0m
[0mGET /css/layout.css [36m304[0m 0.629 ms - -[0m
[0mGET /css/header.css [36m304[0m 0.779 ms - -[0m
[0mGET /css/footer.css [36m304[0m 0.423 ms - -[0m
[0mGET /css/home.css [36m304[0m 0.541 ms - -[0m
[0mGET /css/chat-box.css [36m304[0m 0.342 ms - -[0m
[0mGET /javascript/home_posts.js [36m304[0m 0.684 ms - -[0m
[0mGET /javascript/chat_engine.js [36m304[0m 0.563 ms - -[0m
[0mGET /javascript/posts_comments.js [36m304[0m 0.566 ms - -[0m
[0mGET /javascript/toggle-likes.js [36m304[0m 0.486 ms - -[0m
[0mGET /posts/delete-post/6465d246dbdba25ff537c7bf [36m302[0m 17.121 ms - 88[0m
[0mGET / [36m304[0m 36.796 ms - -[0m
[0mGET /css/layout.css [36m304[0m 0.914 ms - -[0m
[0mGET /css/header.css [36m304[0m 0.975 ms - -[0m
[0mGET /css/footer.css [36m304[0m 0.403 ms - -[0m
[0mGET /css/home.css [36m304[0m 0.437 ms - -[0m
[0mGET /css/chat-box.css [36m304[0m 0.499 ms - -[0m
[0mGET /javascript/chat_engine.js [36m304[0m 0.692 ms - -[0m
[0mGET /javascript/home_posts.js [36m304[0m 0.563 ms - -[0m
[0mGET /javascript/posts_comments.js [36m304[0m 0.287 ms - -[0m
[0mGET /javascript/toggle-likes.js [36m304[0m 0.305 ms - -[0m
[0mGET /posts/delete-post/6465d22ddbdba25ff537c7b4 [36m302[0m 18.888 ms - 88[0m
[0mGET / [36m304[0m 34.130 ms - -[0m
[0mGET /css/layout.css [36m304[0m 0.698 ms - -[0m
[0mGET /css/header.css [36m304[0m 0.711 ms - -[0m
[0mGET /css/footer.css [36m304[0m 0.375 ms - -[0m
[0mGET /css/home.css [36m304[0m 0.581 ms - -[0m
[0mGET /css/chat-box.css [36m304[0m 0.340 ms - -[0m
[0mGET /javascript/chat_engine.js [36m304[0m 0.687 ms - -[0m
[0mGET /javascript/home_posts.js [36m304[0m 0.545 ms - -[0m
[0mGET /javascript/posts_comments.js [36m304[0m 0.439 ms - -[0m
[0mGET /javascript/toggle-likes.js [36m304[0m 0.372 ms - -[0m
[0mGET / [36m304[0m 25.457 ms - -[0m
[0mGET /css/layout.css [36m304[0m 0.619 ms - -[0m
[0mGET /css/header.css [36m304[0m 0.716 ms - -[0m
[0mGET /css/footer.css [36m304[0m 0.887 ms - -[0m
[0mGET /css/home.css [36m304[0m 1.261 ms - -[0m
[0mGET /css/chat-box.css [36m304[0m 0.839 ms - -[0m
[0mGET /javascript/chat_engine.js [36m304[0m 0.747 ms - -[0m
[0mGET /javascript/home_posts.js [36m304[0m 0.618 ms - -[0m
[0mGET /javascript/posts_comments.js [36m304[0m 0.531 ms - -[0m
[0mGET /javascript/toggle-likes.js [36m304[0m 0.497 ms - -[0m
[0mGET /posts/delete-post/6465d246dbdba25ff537c7bf [36m302[0m 19.334 ms - 88[0m
[0mGET / [36m304[0m 22.597 ms - -[0m
[0mGET /css/layout.css [36m304[0m 0.799 ms - -[0m
[0mGET /css/header.css [36m304[0m 0.309 ms - -[0m
[0mGET /css/footer.css [36m304[0m 0.328 ms - -[0m
[0mGET /css/home.css [36m304[0m 0.371 ms - -[0m
[0mGET /css/chat-box.css [36m304[0m 0.514 ms - -[0m
[0mGET /javascript/chat_engine.js [36m304[0m 0.378 ms - -[0m
[0mGET /javascript/home_posts.js [36m304[0m 0.669 ms - -[0m
[0mGET /javascript/posts_comments.js [36m304[0m 0.602 ms - -[0m
[0mGET /javascript/toggle-likes.js [36m304[0m 0.642 ms - -[0m
[0mGET /posts/delete-post/6465d246dbdba25ff537c7bf [36m302[0m 19.110 ms - 88[0m
[0mGET / [36m304[0m 34.563 ms - -[0m
[0mGET /css/layout.css [36m304[0m 0.297 ms - -[0m
[0mGET /css/header.css [36m304[0m 0.924 ms - -[0m
[0mGET /css/footer.css [36m304[0m 1.036 ms - -[0m
[0mGET /css/home.css [36m304[0m 0.985 ms - -[0m
[0mGET /css/chat-box.css [36m304[0m 0.942 ms - -[0m
[0mGET /javascript/chat_engine.js [36m304[0m 1.044 ms - -[0m
[0mGET /javascript/home_posts.js [36m304[0m 1.464 ms - -[0m
[0mGET /javascript/posts_comments.js [36m304[0m 0.701 ms - -[0m
[0mGET /javascript/toggle-likes.js [36m304[0m 0.838 ms - -[0m
[0mGET /posts/delete-post/6464d8bb3155743ff8cb5f55 [36m302[0m 23.870 ms - 88[0m
[0mGET / [32m200[0m 23.026 ms - 22242[0m
[0mGET /css/layout.css [36m304[0m 3.333 ms - -[0m
[0mGET /css/header.css [36m304[0m 3.476 ms - -[0m
[0mGET /css/footer.css [36m304[0m 3.499 ms - -[0m
[0mGET /css/home.css [36m304[0m 0.867 ms - -[0m
[0mGET /css/chat-box.css [36m304[0m 0.419 ms - -[0m
[0mGET /javascript/chat_engine.js [36m304[0m 0.335 ms - -[0m
[0mGET /javascript/home_posts.js [36m304[0m 0.272 ms - -[0m
[0mGET /javascript/posts_comments.js [36m304[0m 0.559 ms - -[0m
[0mGET /javascript/toggle-likes.js [36m304[0m 0.458 ms - -[0m
[0mGET /posts/delete-post/6465d2be2c57250ba932deba [36m304[0m 19.909 ms - -[0m
[0mGET /comments/delete-comment/6465d9acd610deb77c45a61e [36m302[0m 13.863 ms - 88[0m
[0mGET / [36m304[0m 28.923 ms - -[0m
[0mGET /css/layout.css [36m304[0m 0.308 ms - -[0m
[0mGET /css/header.css [36m304[0m 0.564 ms - -[0m
[0mGET /css/footer.css [36m304[0m 0.278 ms - -[0m
[0mGET /css/home.css [36m304[0m 0.790 ms - -[0m
[0mGET /css/chat-box.css [36m304[0m 0.662 ms - -[0m
[0mGET /javascript/chat_engine.js [36m304[0m 0.379 ms - -[0m
[0mGET /javascript/posts_comments.js [36m304[0m 0.469 ms - -[0m
[0mGET /javascript/home_posts.js [36m304[0m 0.699 ms - -[0m
[0mGET /javascript/toggle-likes.js [36m304[0m 0.368 ms - -[0m
[0mGET /users/sign-out [36m302[0m 17.258 ms - 72[0m
[0mGET /users/sign-in [36m304[0m 10.865 ms - -[0m
[0mGET /css/layout.css [36m304[0m 0.770 ms - -[0m
[0mGET /css/header.css [36m304[0m 0.300 ms - -[0m
[0mGET /css/footer.css [36m304[0m 0.380 ms - -[0m
[0mPOST /users/create-session [36m302[0m 28.964 ms - 46[0m
[0mGET / [32m200[0m 26.612 ms - 20457[0m
[0mGET /css/layout.css [36m304[0m 0.730 ms - -[0m
[0mGET /css/header.css [36m304[0m 0.432 ms - -[0m
[0mGET /css/footer.css [36m304[0m 0.544 ms - -[0m
[0mGET /css/home.css [36m304[0m 0.384 ms - -[0m
[0mGET /css/chat-box.css [36m304[0m 0.525 ms - -[0m
[0mGET /javascript/chat_engine.js [36m304[0m 1.125 ms - -[0m
[0mGET /javascript/home_posts.js [36m304[0m 0.967 ms - -[0m
[0mGET /javascript/posts_comments.js [36m304[0m 0.519 ms - -[0m
[0mGET /javascript/toggle-likes.js [36m304[0m 0.421 ms - -[0m
[0mPOST /comments/add-comment [36m302[0m 30.642 ms - 88[0m
[0mGET / [32m200[0m 29.867 ms - 21379[0m
[0mGET /css/header.css [36m304[0m 0.410 ms - -[0m
[0mGET /css/layout.css [36m304[0m 0.425 ms - -[0m
[0mGET /css/chat-box.css [36m304[0m 0.431 ms - -[0m
[0mGET /css/home.css [36m304[0m 0.555 ms - -[0m
[0mGET /css/footer.css [36m304[0m 0.674 ms - -[0m
[0mGET /javascript/chat_engine.js [36m304[0m 0.300 ms - -[0m
[0mGET /javascript/home_posts.js [36m304[0m 0.321 ms - -[0m
[0mGET /javascript/posts_comments.js [36m304[0m 0.290 ms - -[0m
[0mGET /javascript/toggle-likes.js [36m304[0m 0.189 ms - -[0m
[0mGET /comments/delete-comment/6465db9a9e821ae3a9a629d6 [32m200[0m 13.581 ms - 81[0m
[0mGET / [36m304[0m 33.315 ms - -[0m
[0mGET /css/layout.css [36m304[0m 0.700 ms - -[0m
[0mGET /css/header.css [36m304[0m 0.667 ms - -[0m
[0mGET /css/footer.css [36m304[0m 0.286 ms - -[0m
[0mGET /css/home.css [36m304[0m 0.381 ms - -[0m
[0mGET /css/chat-box.css [36m304[0m 0.496 ms - -[0m
[0mGET /javascript/chat_engine.js [36m304[0m 0.680 ms - -[0m
[0mGET /javascript/home_posts.js [36m304[0m 0.749 ms - -[0m
[0mGET /javascript/posts_comments.js [36m304[0m 0.527 ms - -[0m
[0mGET /javascript/toggle-likes.js [36m304[0m 0.469 ms - -[0m
[0mGET /comments/delete-comment/6465db9a9e821ae3a9a629d6 [36m304[0m 13.446 ms - -[0m
[0mGET /comments/delete-comment/6465db9a9e821ae3a9a629d6 [36m304[0m 13.756 ms - -[0m
[0mGET /comments/delete-comment/6465db9a9e821ae3a9a629d6 [36m304[0m 14.169 ms - -[0m
[0mPOST /posts/add-post [32m200[0m 17.080 ms - 265[0m
[0mGET /posts/delete-post/6465dbc09e821ae3a9a629f9 [32m200[0m 16.731 ms - 63[0m
[0mGET /comments/delete-comment/6465db9a9e821ae3a9a629d6 [36m304[0m 13.706 ms - -[0m
[0mGET /css/layout.css [36m304[0m 0.500 ms - -[0m
[0mGET /css/header.css [36m304[0m 0.639 ms - -[0m
[0mGET /css/footer.css [36m304[0m 0.719 ms - -[0m
[0mGET /css/home.css [36m304[0m 0.285 ms - -[0m
[0mGET /css/chat-box.css [36m304[0m 0.325 ms - -[0m
[0mGET / [32m200[0m 75.884 ms - 23383[0m
[0mGET /javascript/chat_engine.js [36m304[0m 2.521 ms - -[0m
[0mGET /javascript/home_posts.js [36m304[0m 2.019 ms - -[0m
[0mGET /javascript/posts_comments.js [36m304[0m 1.585 ms - -[0m
[0mGET /javascript/toggle-likes.js [36m304[0m 1.456 ms - -[0m
[0mGET /comments/delete-comment/6465db9a9e821ae3a9a629d6 [36m302[0m 24.827 ms - 88[0m
[0mGET / [32m200[0m 38.496 ms - 22385[0m
[0mGET /css/header.css [32m200[0m 2.452 ms - 1858[0m
[0mGET /css/layout.css [32m200[0m 3.106 ms - 1135[0m
[0mGET /css/footer.css [32m200[0m 1.335 ms - 252[0m
[0mGET /css/home.css [32m200[0m 1.347 ms - 4270[0m
[0mGET /css/chat-box.css [32m200[0m 1.401 ms - 1276[0m
[0mGET /javascript/chat_engine.js [36m304[0m 0.506 ms - -[0m
[0mGET /javascript/home_posts.js [36m304[0m 1.736 ms - -[0m
[0mGET /javascript/posts_comments.js [36m304[0m 1.247 ms - -[0m
[0mGET /javascript/toggle-likes.js [36m304[0m 0.944 ms - -[0m
[0mGET /comments/delete-comment/6465db9a9e821ae3a9a629d6 [36m302[0m 22.777 ms - 88[0m
[0mGET / [32m200[0m 52.505 ms - 21374[0m
[0mGET /css/layout.css [36m304[0m 0.851 ms - -[0m
[0mGET /css/header.css [36m304[0m 0.472 ms - -[0m
[0mGET /css/footer.css [36m304[0m 0.722 ms - -[0m
[0mGET /css/home.css [36m304[0m 0.829 ms - -[0m
[0mGET /css/chat-box.css [36m304[0m 0.593 ms - -[0m
[0mGET /javascript/chat_engine.js [36m304[0m 0.681 ms - -[0m
[0mGET /javascript/home_posts.js [36m304[0m 0.603 ms - -[0m
[0mGET /javascript/posts_comments.js [36m304[0m 0.649 ms - -[0m
[0mGET /javascript/toggle-likes.js [36m304[0m 0.680 ms - -[0m
[0mGET / [36m304[0m 69.079 ms - -[0m
[0mGET /javascript/chat_engine.js [36m304[0m 0.896 ms - -[0m
[0mGET /javascript/home_posts.js [36m304[0m 1.595 ms - -[0m
[0mGET /javascript/posts_comments.js [36m304[0m 0.957 ms - -[0m
[0mGET /javascript/toggle-likes.js [36m304[0m 0.884 ms - -[0m
[0mGET /comments/delete-comment/6465db9a9e821ae3a9a629d6 [36m302[0m 28.677 ms - 88[0m
[0mGET / [32m200[0m 36.830 ms - 20144[0m
[0mGET /css/layout.css [32m200[0m 3.104 ms - 1135[0m
[0mGET /css/header.css [32m200[0m 2.780 ms - 1858[0m
[0mGET /css/footer.css [32m200[0m 3.202 ms - 252[0m
[0mGET /css/home.css [32m200[0m 3.301 ms - 4270[0m
[0mGET /css/chat-box.css [32m200[0m 2.016 ms - 1276[0m
[0mGET /javascript/chat_engine.js [36m304[0m 0.826 ms - -[0m
[0mGET /javascript/home_posts.js [36m304[0m 0.744 ms - -[0m
[0mGET /javascript/posts_comments.js [36m304[0m 0.222 ms - -[0m
[0mGET /javascript/toggle-likes.js [36m304[0m 0.186 ms - -[0m
[0mGET /posts/delete-post/6465dbc09e821ae3a9a629f9 [36m304[0m 24.622 ms - -[0m
[0mPOST /comments/add-comment [36m302[0m 30.098 ms - 88[0m
[0mGET / [32m200[0m 22.323 ms - 21381[0m
[0mGET /css/layout.css [36m304[0m 0.476 ms - -[0m
[0mGET /css/header.css [36m304[0m 0.647 ms - -[0m
[0mGET /css/home.css [36m304[0m 0.431 ms - -[0m
[0mGET /css/footer.css [36m304[0m 0.516 ms - -[0m
[0mGET /css/chat-box.css [36m304[0m 0.552 ms - -[0m
[0mGET /javascript/chat_engine.js [36m304[0m 0.374 ms - -[0m
[0mGET /javascript/home_posts.js [36m304[0m 0.286 ms - -[0m
[0mGET /javascript/posts_comments.js [36m304[0m 0.255 ms - -[0m
[0mGET /javascript/toggle-likes.js [36m304[0m 0.165 ms - -[0m
[0mGET /comments/delete-comment/6465dc5eba7b56646b2c8cde [36m302[0m 15.821 ms - 88[0m
[0mGET / [32m200[0m 33.561 ms - 20144[0m
[0mGET /css/layout.css [36m304[0m 0.317 ms - -[0m
[0mGET /css/header.css [36m304[0m 0.226 ms - -[0m
[0mGET /css/footer.css [36m304[0m 0.415 ms - -[0m
[0mGET /css/home.css [36m304[0m 0.599 ms - -[0m
[0mGET /css/chat-box.css [36m304[0m 0.476 ms - -[0m
[0mGET /javascript/chat_engine.js [36m304[0m 0.700 ms - -[0m
[0mGET /javascript/home_posts.js [36m304[0m 0.597 ms - -[0m
[0mGET /javascript/posts_comments.js [36m304[0m 0.327 ms - -[0m
[0mGET /javascript/toggle-likes.js [36m304[0m 0.633 ms - -[0m
[0mPOST /comments/add-comment [36m302[0m 18.591 ms - 88[0m
[0mGET / [32m200[0m 34.707 ms - 21376[0m
[0mGET /css/layout.css [36m304[0m 0.779 ms - -[0m
[0mGET /css/header.css [36m304[0m 0.513 ms - -[0m
[0mGET /css/footer.css [36m304[0m 0.225 ms - -[0m
[0mGET /css/home.css [36m304[0m 0.267 ms - -[0m
[0mGET /css/chat-box.css [36m304[0m 0.330 ms - -[0m
[0mGET /javascript/chat_engine.js [36m304[0m 0.733 ms - -[0m
[0mGET /javascript/home_posts.js [36m304[0m 0.795 ms - -[0m
[0mGET /javascript/posts_comments.js [36m304[0m 0.696 ms - -[0m
[0mGET /javascript/toggle-likes.js [36m304[0m 0.566 ms - -[0m
[0mGET /comments/delete-comment/6465dc6eba7b56646b2c8cf5 [36m302[0m 16.495 ms - 88[0m
[0mGET / [32m200[0m 33.121 ms - 20144[0m
[0mGET /css/layout.css [36m304[0m 0.505 ms - -[0m
[0mGET /css/header.css [36m304[0m 0.680 ms - -[0m
[0mGET /css/footer.css [36m304[0m 0.480 ms - -[0m
[0mGET /css/home.css [36m304[0m 0.544 ms - -[0m
[0mGET /css/chat-box.css [36m304[0m 0.610 ms - -[0m
[0mGET /javascript/chat_engine.js [36m304[0m 0.504 ms - -[0m
[0mGET /javascript/home_posts.js [36m304[0m 0.342 ms - -[0m
[0mGET /javascript/posts_comments.js [36m304[0m 0.396 ms - -[0m
[0mGET /javascript/toggle-likes.js [36m304[0m 0.263 ms - -[0m
[0mGET /posts/delete-post/6465dbc09e821ae3a9a629f9 [36m304[0m 17.704 ms - -[0m
[0mPOST /posts/add-post [32m200[0m 15.493 ms - 268[0m
[0mPOST /posts/add-post [32m200[0m 19.346 ms - 277[0m
[0mGET /posts/delete-post/6465de15ba7b56646b2c8d15 [32m200[0m 31.471 ms - 63[0m
[0mPOST /posts/add-post [32m200[0m 13.322 ms - 270[0m
[0mGET /users/sign-out [36m302[0m 10.051 ms - 72[0m
[0mGET /users/sign-in [36m304[0m 8.190 ms - -[0m
[0mGET /css/layout.css [36m304[0m 0.293 ms - -[0m
[0mGET /css/header.css [36m304[0m 0.297 ms - -[0m
[0mGET /css/footer.css [36m304[0m 0.371 ms - -[0m
[0mPOST /users/create-session [36m302[0m 12.584 ms - 46[0m
[0mGET / [32m200[0m 38.888 ms - 27301[0m
[0mGET /css/layout.css [36m304[0m 0.416 ms - -[0m
[0mGET /css/header.css [36m304[0m 0.769 ms - -[0m
[0mGET /css/footer.css [36m304[0m 0.852 ms - -[0m
[0mGET /css/home.css [36m304[0m 1.017 ms - -[0m
[0mGET /css/chat-box.css [36m304[0m 0.275 ms - -[0m
[0mGET /javascript/chat_engine.js [36m304[0m 0.810 ms - -[0m
[0mGET /javascript/home_posts.js [36m304[0m 0.797 ms - -[0m
[0mGET /javascript/toggle-likes.js [36m304[0m 0.706 ms - -[0m
[0mGET /javascript/posts_comments.js [36m304[0m 0.686 ms - -[0m
[0mPOST /comments/add-comment [36m302[0m 20.917 ms - 88[0m
[0mGET / [32m200[0m 30.970 ms - 28237[0m
[0mGET /css/layout.css [36m304[0m 0.570 ms - -[0m
[0mGET /css/header.css [36m304[0m 0.311 ms - -[0m
[0mGET /css/footer.css [36m304[0m 0.260 ms - -[0m
[0mGET /css/home.css [36m304[0m 0.414 ms - -[0m
[0mGET /css/chat-box.css [36m304[0m 0.274 ms - -[0m
[0mGET /javascript/chat_engine.js [36m304[0m 0.644 ms - -[0m
[0mGET /javascript/home_posts.js [36m304[0m 0.954 ms - -[0m
[0mGET /javascript/posts_comments.js [36m304[0m 0.484 ms - -[0m
[0mGET /javascript/toggle-likes.js [36m304[0m 0.387 ms - -[0m
[0mGET /comments/delete-comment/6465de32ba7b56646b2c8d2c [32m200[0m 10.352 ms - 81[0m
[0mGET /comments/delete-comment/6465de32ba7b56646b2c8d2c [36m302[0m 14.981 ms - 44[0m
[0mGET / [32m200[0m 31.054 ms - 26993[0m
[0mGET / [36m304[0m 29.482 ms - -[0m
[0mGET /css/layout.css [36m304[0m 0.389 ms - -[0m
[0mGET /css/header.css [36m304[0m 0.385 ms - -[0m
[0mGET /css/footer.css [36m304[0m 0.403 ms - -[0m
[0mGET /css/home.css [36m304[0m 0.483 ms - -[0m
[0mGET /css/chat-box.css [36m304[0m 0.200 ms - -[0m
[0mGET /javascript/chat_engine.js [36m304[0m 0.648 ms - -[0m
[0mGET /javascript/home_posts.js [36m304[0m 0.538 ms - -[0m
[0mGET /javascript/posts_comments.js [36m304[0m 0.478 ms - -[0m
[0mGET /javascript/toggle-likes.js [36m304[0m 0.415 ms - -[0m
[0mPOST /comments/add-comment [36m302[0m 17.035 ms - 88[0m
[0mGET / [32m200[0m 55.609 ms - 28237[0m
[0mGET /css/layout.css [36m304[0m 0.485 ms - -[0m
[0mGET /css/header.css [36m304[0m 0.358 ms - -[0m
[0mGET /css/footer.css [36m304[0m 0.291 ms - -[0m
[0mGET /css/home.css [36m304[0m 0.464 ms - -[0m
[0mGET /css/chat-box.css [36m304[0m 0.331 ms - -[0m
[0mGET /javascript/chat_engine.js [36m304[0m 0.704 ms - -[0m
[0mGET /javascript/home_posts.js [36m304[0m 0.634 ms - -[0m
[0mGET /javascript/posts_comments.js [36m304[0m 0.476 ms - -[0m
[0mGET /javascript/toggle-likes.js [36m304[0m 0.405 ms - -[0m
[0mGET /comments/delete-comment/6465de4dba7b56646b2c8d4c [32m200[0m 10.945 ms - 81[0m
[0mGET / [32m200[0m 31.194 ms - 26993[0m
[0mGET /css/layout.css [36m304[0m 0.593 ms - -[0m
[0mGET /css/header.css [36m304[0m 0.825 ms - -[0m
[0mGET /css/footer.css [36m304[0m 0.926 ms - -[0m
[0mGET /css/home.css [36m304[0m 1.113 ms - -[0m
[0mGET /css/chat-box.css [36m304[0m 0.676 ms - -[0m
[0mGET /javascript/chat_engine.js [36m304[0m 0.460 ms - -[0m
[0mGET /javascript/home_posts.js [36m304[0m 0.378 ms - -[0m
[0mGET /javascript/posts_comments.js [36m304[0m 0.642 ms - -[0m
[0mGET /javascript/toggle-likes.js [36m304[0m 0.259 ms - -[0m
[0mPOST /comments/add-comment [36m302[0m 17.769 ms - 88[0m
[0mGET / [32m200[0m 39.457 ms - 28240[0m
[0mGET /css/layout.css [36m304[0m 0.317 ms - -[0m
[0mGET /css/footer.css [36m304[0m 0.883 ms - -[0m
[0mGET /css/header.css [36m304[0m 0.973 ms - -[0m
[0mGET /css/home.css [36m304[0m 1.023 ms - -[0m
[0mGET /css/chat-box.css [36m304[0m 0.740 ms - -[0m
[0mGET /javascript/chat_engine.js [36m304[0m 0.379 ms - -[0m
[0mGET /javascript/home_posts.js [36m304[0m 0.811 ms - -[0m
[0mGET /javascript/posts_comments.js [36m304[0m 0.754 ms - -[0m
[0mGET /javascript/toggle-likes.js [36m304[0m 0.684 ms - -[0m
[0mPOST /comments/add-comment [36m302[0m 19.292 ms - 88[0m
[0mGET / [32m200[0m 30.636 ms - 29484[0m
[0mGET /css/layout.css [36m304[0m 0.574 ms - -[0m
[0mGET /css/header.css [36m304[0m 0.623 ms - -[0m
[0mGET /css/footer.css [36m304[0m 0.312 ms - -[0m
[0mGET /css/home.css [36m304[0m 0.579 ms - -[0m
[0mGET /css/chat-box.css [36m304[0m 0.559 ms - -[0m
[0mGET /javascript/chat_engine.js [36m304[0m 0.374 ms - -[0m
[0mGET /javascript/home_posts.js [36m304[0m 0.608 ms - -[0m
[0mGET /javascript/posts_comments.js [36m304[0m 0.563 ms - -[0m
[0mGET /javascript/toggle-likes.js [36m304[0m 0.537 ms - -[0m
[0mPOST /comments/add-comment [36m302[0m 16.420 ms - 88[0m
[0mGET / [32m200[0m 28.113 ms - 30727[0m
[0mGET /css/layout.css [36m304[0m 0.695 ms - -[0m
[0mGET /css/header.css [36m304[0m 0.656 ms - -[0m
[0mGET /css/footer.css [36m304[0m 0.268 ms - -[0m
[0mGET /css/home.css [36m304[0m 0.485 ms - -[0m
[0mGET /css/chat-box.css [36m304[0m 0.402 ms - -[0m
[0mGET /javascript/chat_engine.js [36m304[0m 0.365 ms - -[0m
[0mGET /javascript/home_posts.js [36m304[0m 0.328 ms - -[0m
[0mGET /javascript/posts_comments.js [36m304[0m 0.396 ms - -[0m
[0mGET /javascript/toggle-likes.js [36m304[0m 0.194 ms - -[0m
[0mGET /comments/delete-comment/6465df0cba7b56646b2c8d63 [32m200[0m 14.994 ms - 81[0m
[0mGET / [32m200[0m 36.143 ms - 29480[0m
[0mGET /css/layout.css [36m304[0m 0.346 ms - -[0m
[0mGET /css/footer.css [36m304[0m 0.610 ms - -[0m
[0mGET /css/header.css [36m304[0m 0.301 ms - -[0m
[0mGET /css/home.css [36m304[0m 0.283 ms - -[0m
[0mGET /css/chat-box.css [36m304[0m 0.333 ms - -[0m
[0mGET /javascript/chat_engine.js [36m304[0m 0.808 ms - -[0m
[0mGET /javascript/home_posts.js [36m304[0m 0.619 ms - -[0m
[0mGET /javascript/posts_comments.js [36m304[0m 0.228 ms - -[0m
[0mGET /javascript/toggle-likes.js [36m304[0m 0.237 ms - -[0m
[0mGET /comments/delete-comment/6465df13ba7b56646b2c8d70 [32m200[0m 9.973 ms - 81[0m
[0mGET / [32m200[0m 31.856 ms - 28236[0m
[0mGET /css/layout.css [36m304[0m 0.345 ms - -[0m
[0mGET /css/header.css [36m304[0m 0.587 ms - -[0m
[0mGET /css/home.css [36m304[0m 0.630 ms - -[0m
[0mGET /css/footer.css [36m304[0m 0.670 ms - -[0m
[0mGET /css/chat-box.css [36m304[0m 0.403 ms - -[0m
[0mGET /javascript/chat_engine.js [36m304[0m 0.617 ms - -[0m
[0mGET /javascript/home_posts.js [36m304[0m 0.524 ms - -[0m
[0mGET /javascript/posts_comments.js [36m304[0m 0.461 ms - -[0m
[0mGET /javascript/toggle-likes.js [36m304[0m 0.749 ms - -[0m
[0mGET /comments/delete-comment/6465df1aba7b56646b2c8d7d [32m200[0m 13.648 ms - 81[0m
[0mGET / [32m200[0m 28.099 ms - 26993[0m
[0mGET /css/layout.css [36m304[0m 0.515 ms - -[0m
[0mGET /css/header.css [36m304[0m 0.433 ms - -[0m
[0mGET /css/home.css [36m304[0m 0.516 ms - -[0m
[0mGET /css/footer.css [36m304[0m 0.803 ms - -[0m
[0mGET /css/chat-box.css [36m304[0m 0.174 ms - -[0m
[0mGET /javascript/chat_engine.js [36m304[0m 0.669 ms - -[0m
[0mGET /javascript/home_posts.js [36m304[0m 0.523 ms - -[0m
[0mGET /javascript/posts_comments.js [36m304[0m 0.220 ms - -[0m
[0mGET /javascript/toggle-likes.js [36m304[0m 0.217 ms - -[0m
[0mPOST /comments/add-comment [36m302[0m 18.431 ms - 88[0m
[0mGET / [32m200[0m 31.349 ms - 28223[0m
[0mGET /css/layout.css [36m304[0m 0.570 ms - -[0m
[0mGET /css/header.css [36m304[0m 0.265 ms - -[0m
[0mGET /css/footer.css [36m304[0m 0.398 ms - -[0m
[0mGET /css/home.css [36m304[0m 0.500 ms - -[0m
[0mGET /css/chat-box.css [36m304[0m 0.332 ms - -[0m
[0mGET /javascript/chat_engine.js [36m304[0m 0.322 ms - -[0m
[0mGET /javascript/home_posts.js [36m304[0m 0.382 ms - -[0m
[0mGET /javascript/posts_comments.js [36m304[0m 0.480 ms - -[0m
[0mGET /javascript/toggle-likes.js [36m304[0m 0.422 ms - -[0m
[0mPOST /comments/add-comment [36m302[0m 16.970 ms - 88[0m
[0mGET / [32m200[0m 33.760 ms - 29454[0m
[0mGET /css/layout.css [36m304[0m 0.691 ms - -[0m
[0mGET /css/header.css [36m304[0m 0.473 ms - -[0m
[0mGET /css/footer.css [36m304[0m 0.201 ms - -[0m
[0mGET /css/home.css [36m304[0m 0.259 ms - -[0m
[0mGET /css/chat-box.css [36m304[0m 0.255 ms - -[0m
[0mGET /javascript/chat_engine.js [36m304[0m 0.741 ms - -[0m
[0mGET /javascript/home_posts.js [36m304[0m 0.610 ms - -[0m
[0mGET /javascript/posts_comments.js [36m304[0m 0.494 ms - -[0m
[0mGET /javascript/toggle-likes.js [36m304[0m 0.364 ms - -[0m
[0mPOST /comments/add-comment [36m302[0m 15.886 ms - 88[0m
[0mGET / [32m200[0m 30.186 ms - 30685[0m
[0mGET /css/layout.css [36m304[0m 0.573 ms - -[0m
[0mGET /css/header.css [36m304[0m 0.569 ms - -[0m
[0mGET /css/footer.css [36m304[0m 0.314 ms - -[0m
[0mGET /css/home.css [36m304[0m 0.372 ms - -[0m
[0mGET /css/chat-box.css [36m304[0m 0.449 ms - -[0m
[0mGET /javascript/chat_engine.js [36m304[0m 1.780 ms - -[0m
[0mGET /javascript/home_posts.js [36m304[0m 0.345 ms - -[0m
[0mGET /javascript/posts_comments.js [36m304[0m 0.381 ms - -[0m
[0mGET /javascript/toggle-likes.js [36m304[0m 0.291 ms - -[0m
[0mGET /comments/delete-comment/6465df2fba7b56646b2c8daa [32m200[0m 12.825 ms - 81[0m
[0mGET / [32m200[0m 35.419 ms - 29455[0m
[0mGET /css/layout.css [36m304[0m 0.308 ms - -[0m
[0mGET /css/header.css [36m304[0m 0.767 ms - -[0m
[0mGET /css/footer.css [36m304[0m 0.224 ms - -[0m
[0mGET /css/home.css [36m304[0m 0.245 ms - -[0m
[0mGET /css/chat-box.css [36m304[0m 0.235 ms - -[0m
[0mGET /javascript/chat_engine.js [36m304[0m 0.806 ms - -[0m
[0mGET /javascript/home_posts.js [36m304[0m 0.589 ms - -[0m
[0mGET /javascript/posts_comments.js [36m304[0m 0.243 ms - -[0m
[0mGET /javascript/toggle-likes.js [36m304[0m 0.208 ms - -[0m
[0mGET /comments/delete-comment/6465df33ba7b56646b2c8db7 [32m200[0m 18.053 ms - 81[0m
[0mGET / [32m200[0m 36.864 ms - 28224[0m
[0mGET /css/layout.css [36m304[0m 0.688 ms - -[0m
[0mGET /css/header.css [36m304[0m 0.594 ms - -[0m
[0mGET /css/footer.css [36m304[0m 0.623 ms - -[0m
[0mGET /css/home.css [36m304[0m 0.374 ms - -[0m
[0mGET /css/chat-box.css [36m304[0m 0.468 ms - -[0m
[0mGET /javascript/chat_engine.js [36m304[0m 0.670 ms - -[0m
[0mGET /javascript/home_posts.js [36m304[0m 0.578 ms - -[0m
[0mGET /javascript/posts_comments.js [36m304[0m 0.333 ms - -[0m
[0mGET /javascript/toggle-likes.js [36m304[0m 0.260 ms - -[0m
[0mPOST /comments/add-comment [36m302[0m 14.128 ms - 88[0m
[0mGET / [32m200[0m 35.162 ms - 29453[0m
[0mGET /css/layout.css [36m304[0m 0.471 ms - -[0m
[0mGET /css/footer.css [36m304[0m 0.603 ms - -[0m
[0mGET /css/header.css [36m304[0m 0.956 ms - -[0m
[0mGET /css/home.css [36m304[0m 1.021 ms - -[0m
[0mGET /css/chat-box.css [36m304[0m 0.172 ms - -[0m
[0mGET /javascript/chat_engine.js [36m304[0m 0.605 ms - -[0m
[0mGET /javascript/home_posts.js [36m304[0m 0.528 ms - -[0m
[0mGET /javascript/posts_comments.js [36m304[0m 0.408 ms - -[0m
[0mGET /javascript/toggle-likes.js [36m304[0m 0.381 ms - -[0m
[0mPOST /comments/add-comment [36m302[0m 34.961 ms - 88[0m
[0mGET / [32m200[0m 22.593 ms - 30684[0m
[0mGET /css/layout.css [36m304[0m 0.650 ms - -[0m
[0mGET /css/header.css [36m304[0m 0.784 ms - -[0m
[0mGET /css/footer.css [36m304[0m 0.396 ms - -[0m
[0mGET /css/home.css [36m304[0m 0.371 ms - -[0m
[0mGET /css/chat-box.css [36m304[0m 0.402 ms - -[0m
[0mGET /javascript/chat_engine.js [36m304[0m 0.227 ms - -[0m
[0mGET /javascript/home_posts.js [36m304[0m 0.726 ms - -[0m
[0mGET /javascript/posts_comments.js [36m304[0m 0.638 ms - -[0m
[0mGET /javascript/toggle-likes.js [36m304[0m 0.560 ms - -[0m
[0mGET /comments/delete-comment/6465df38ba7b56646b2c8dc4 [32m200[0m 13.212 ms - 81[0m
[0mGET / [32m200[0m 35.624 ms - 29453[0m
[0mGET /css/layout.css [36m304[0m 0.286 ms - -[0m
[0mGET /css/header.css [36m304[0m 0.772 ms - -[0m
[0mGET /css/footer.css [36m304[0m 1.259 ms - -[0m
[0mGET /css/home.css [36m304[0m 1.081 ms - -[0m
[0mGET /css/chat-box.css [36m304[0m 1.078 ms - -[0m
[0mGET /javascript/chat_engine.js [36m304[0m 0.849 ms - -[0m
[0mGET /javascript/home_posts.js [36m304[0m 0.726 ms - -[0m
[0mGET /javascript/posts_comments.js [36m304[0m 0.360 ms - -[0m
[0mGET /javascript/toggle-likes.js [36m304[0m 0.215 ms - -[0m
[0mGET / [36m304[0m 68.877 ms - -[0m
[0mGET /javascript/chat_engine.js [36m304[0m 0.914 ms - -[0m
[0mGET /javascript/home_posts.js [36m304[0m 1.185 ms - -[0m
[0mGET /javascript/toggle-likes.js [36m304[0m 0.936 ms - -[0m
[0mGET /javascript/posts_comments.js [36m304[0m 0.907 ms - -[0m
[0mGET /css/layout.css [32m200[0m 4.194 ms - 1135[0m
[0mGET /css/header.css [32m200[0m 2.454 ms - 1858[0m
[0mGET /css/footer.css [32m200[0m 2.404 ms - 252[0m
[0mGET /css/home.css [32m200[0m 2.848 ms - 4270[0m
[0mGET /css/chat-box.css [32m200[0m 3.469 ms - 1276[0m
[0mGET /comments/delete-comment/6465df48ba7b56646b2c8de7 [32m200[0m 41.124 ms - 81[0m
[0mGET /comments/delete-comment/6465df48ba7b56646b2c8de7 [36m302[0m 13.921 ms - 44[0m
[0mGET / [32m200[0m 44.579 ms - 28224[0m
[0mGET /users/sign-out [36m302[0m 21.678 ms - 72[0m
[0mGET /users/sign-in [36m304[0m 9.319 ms - -[0m
[0mGET /css/layout.css [36m304[0m 0.821 ms - -[0m
[0mGET /css/header.css [36m304[0m 0.507 ms - -[0m
[0mGET /css/footer.css [36m304[0m 0.971 ms - -[0m
[0mPOST /users/create-session [36m302[0m 24.726 ms - 46[0m
[0mGET / [32m200[0m 34.379 ms - 27483[0m
[0mGET /css/layout.css [36m304[0m 0.396 ms - -[0m
[0mGET /css/header.css [36m304[0m 0.910 ms - -[0m
[0mGET /css/footer.css [36m304[0m 1.480 ms - -[0m
[0mGET /css/home.css [36m304[0m 1.413 ms - -[0m
[0mGET /css/chat-box.css [36m304[0m 0.306 ms - -[0m
[0mGET /javascript/chat_engine.js [36m304[0m 1.103 ms - -[0m
[0mGET /javascript/home_posts.js [36m304[0m 0.983 ms - -[0m
[0mGET /javascript/posts_comments.js [36m304[0m 0.963 ms - -[0m
[0mGET /javascript/toggle-likes.js [36m304[0m 0.333 ms - -[0m
[0mPOST /comments/add-comment [36m302[0m 33.594 ms - 88[0m
[0mGET / [32m200[0m 36.100 ms - 28401[0m
[0mGET /css/header.css [36m304[0m 0.687 ms - -[0m
[0mGET /css/footer.css [36m304[0m 0.610 ms - -[0m
[0mGET /css/home.css [36m304[0m 0.728 ms - -[0m
[0mGET /css/chat-box.css [36m304[0m 0.837 ms - -[0m
[0mGET /css/layout.css [36m304[0m 0.478 ms - -[0m
[0mGET /javascript/chat_engine.js [36m304[0m 1.128 ms - -[0m
[0mGET /javascript/home_posts.js [36m304[0m 0.588 ms - -[0m
[0mGET /javascript/posts_comments.js [36m304[0m 0.329 ms - -[0m
[0mGET /javascript/toggle-likes.js [36m304[0m 0.276 ms - -[0m
[0mPOST /comments/add-comment [36m302[0m 19.304 ms - 88[0m
[0mGET / [32m200[0m 38.417 ms - 29627[0m
[0mGET /css/layout.css [36m304[0m 0.860 ms - -[0m
[0mGET /css/header.css [36m304[0m 0.189 ms - -[0m
[0mGET /css/footer.css [36m304[0m 0.281 ms - -[0m
[0mGET /css/home.css [36m304[0m 0.420 ms - -[0m
[0mGET /css/chat-box.css [36m304[0m 0.241 ms - -[0m
[0mGET /javascript/chat_engine.js [36m304[0m 0.643 ms - -[0m
[0mGET /javascript/home_posts.js [36m304[0m 0.579 ms - -[0m
[0mGET /javascript/posts_comments.js [36m304[0m 0.483 ms - -[0m
[0mGET /javascript/toggle-likes.js [36m304[0m 0.765 ms - -[0m
[0mPOST /comments/add-comment [36m302[0m 17.808 ms - 88[0m
[0mGET / [32m200[0m 42.862 ms - 30853[0m
[0mGET /css/layout.css [36m304[0m 0.546 ms - -[0m
[0mGET /css/header.css [36m304[0m 0.478 ms - -[0m
[0mGET /css/chat-box.css [36m304[0m 0.543 ms - -[0m
[0mGET /css/footer.css [36m304[0m 0.511 ms - -[0m
[0mGET /css/home.css [36m304[0m 0.798 ms - -[0m
[0mGET /javascript/chat_engine.js [36m304[0m 1.441 ms - -[0m
[0mGET /javascript/home_posts.js [36m304[0m 0.666 ms - -[0m
[0mGET /javascript/posts_comments.js [36m304[0m 0.365 ms - -[0m
[0mGET /javascript/toggle-likes.js [36m304[0m 0.157 ms - -[0m
[0mGET /posts/delete-post/6465de1dba7b56646b2c8d1f [32m200[0m 21.758 ms - 63[0m
[0mPOST /comments/add-comment [36m302[0m 16.997 ms - 88[0m
[0mGET / [32m200[0m 41.511 ms - 27402[0m
[0mGET /css/layout.css [36m304[0m 0.499 ms - -[0m
[0mGET /css/header.css [36m304[0m 0.201 ms - -[0m
[0mGET /css/footer.css [36m304[0m 0.238 ms - -[0m
[0mGET /css/home.css [36m304[0m 0.340 ms - -[0m
[0mGET /css/chat-box.css [36m304[0m 0.428 ms - -[0m
[0mGET /javascript/chat_engine.js [36m304[0m 0.782 ms - -[0m
[0mGET /javascript/home_posts.js [36m304[0m 0.658 ms - -[0m
[0mGET /javascript/posts_comments.js [36m304[0m 0.468 ms - -[0m
[0mGET /javascript/toggle-likes.js [36m304[0m 0.399 ms - -[0m
[0mPOST /comments/add-comment [36m302[0m 20.507 ms - 88[0m
[0mGET / [32m200[0m 31.752 ms - 28628[0m
[0mGET /css/layout.css [36m304[0m 0.455 ms - -[0m
[0mGET /css/header.css [36m304[0m 0.716 ms - -[0m
[0mGET /css/home.css [36m304[0m 0.791 ms - -[0m
[0mGET /css/footer.css [36m304[0m 0.516 ms - -[0m
[0mGET /css/chat-box.css [36m304[0m 0.870 ms - -[0m
[0mGET /javascript/chat_engine.js [36m304[0m 0.661 ms - -[0m
[0mGET /javascript/home_posts.js [36m304[0m 0.579 ms - -[0m
[0mGET /javascript/posts_comments.js [36m304[0m 0.267 ms - -[0m
[0mGET /javascript/toggle-likes.js [36m304[0m 0.234 ms - -[0m
[0mPOST /comments/add-comment [36m302[0m 17.874 ms - 88[0m
[0mGET / [32m200[0m 31.148 ms - 29854[0m
[0mGET /css/footer.css [36m304[0m 0.430 ms - -[0m
[0mGET /css/layout.css [36m304[0m 0.460 ms - -[0m
[0mGET /css/header.css [36m304[0m 0.557 ms - -[0m
[0mGET /css/home.css [36m304[0m 0.248 ms - -[0m
[0mGET /css/chat-box.css [36m304[0m 0.177 ms - -[0m
[0mGET /javascript/chat_engine.js [36m304[0m 0.358 ms - -[0m
[0mGET /javascript/home_posts.js [36m304[0m 0.314 ms - -[0m
[0mGET /javascript/posts_comments.js [36m304[0m 0.432 ms - -[0m
[0mGET /javascript/toggle-likes.js [36m304[0m 0.502 ms - -[0m
[0mPOST /comments/add-comment [36m302[0m 17.452 ms - 88[0m
[0mGET / [32m200[0m 32.135 ms - 31080[0m
[0mGET /css/footer.css [36m304[0m 0.500 ms - -[0m
[0mGET /css/layout.css [36m304[0m 0.570 ms - -[0m
[0mGET /css/home.css [36m304[0m 0.606 ms - -[0m
[0mGET /css/header.css [36m304[0m 1.371 ms - -[0m
[0mGET /css/chat-box.css [36m304[0m 0.879 ms - -[0m
[0mGET /javascript/chat_engine.js [36m304[0m 0.494 ms - -[0m
[0mGET /javascript/home_posts.js [36m304[0m 0.557 ms - -[0m
[0mGET /javascript/posts_comments.js [36m304[0m 0.192 ms - -[0m
[0mGET /javascript/toggle-likes.js [36m304[0m 0.127 ms - -[0m
[0mPOST /comments/add-comment [36m302[0m 16.048 ms - 88[0m
[0mGET / [32m200[0m 33.164 ms - 32306[0m
[0mGET /css/layout.css [36m304[0m 0.336 ms - -[0m
[0mGET /css/header.css [36m304[0m 0.235 ms - -[0m
[0mGET /css/footer.css [36m304[0m 0.362 ms - -[0m
[0mGET /css/home.css [36m304[0m 0.326 ms - -[0m
[0mGET /css/chat-box.css [36m304[0m 0.203 ms - -[0m
[0mGET /javascript/chat_engine.js [36m304[0m 0.596 ms - -[0m
[0mGET /javascript/home_posts.js [36m304[0m 0.533 ms - -[0m
[0mGET /javascript/posts_comments.js [36m304[0m 0.433 ms - -[0m
[0mGET /javascript/toggle-likes.js [36m304[0m 0.395 ms - -[0m
[0mGET /posts/delete-post/6465de1dba7b56646b2c8d1f [36m304[0m 30.601 ms - -[0m
[0mGET / [32m200[0m 38.559 ms - 27402[0m
[0mGET /css/layout.css [36m304[0m 0.508 ms - -[0m
[0mGET /css/header.css [36m304[0m 0.255 ms - -[0m
[0mGET /css/footer.css [36m304[0m 0.376 ms - -[0m
[0mGET /css/home.css [36m304[0m 0.450 ms - -[0m
[0mGET /css/chat-box.css [36m304[0m 0.199 ms - -[0m
[0mGET /javascript/chat_engine.js [36m304[0m 0.582 ms - -[0m
[0mGET /javascript/posts_comments.js [36m304[0m 0.935 ms - -[0m
[0mGET /javascript/home_posts.js [36m304[0m 1.107 ms - -[0m
[0mGET /javascript/toggle-likes.js [36m304[0m 1.036 ms - -[0m
[0mPOST /comments/add-comment [36m302[0m 19.291 ms - 88[0m
[0mGET / [32m200[0m 45.935 ms - 28628[0m
[0mGET /css/layout.css [36m304[0m 0.513 ms - -[0m
[0mGET /css/header.css [36m304[0m 0.459 ms - -[0m
[0mGET /css/footer.css [36m304[0m 0.356 ms - -[0m
[0mGET /css/home.css [36m304[0m 0.362 ms - -[0m
[0mGET /css/chat-box.css [36m304[0m 0.158 ms - -[0m
[0mGET /javascript/chat_engine.js [36m304[0m 0.512 ms - -[0m
[0mGET /javascript/home_posts.js [36m304[0m 0.811 ms - -[0m
[0mGET /javascript/posts_comments.js [36m304[0m 0.797 ms - -[0m
[0mGET /javascript/toggle-likes.js [36m304[0m 0.272 ms - -[0m
[0mPOST /comments/add-comment [36m302[0m 16.352 ms - 88[0m
[0mGET / [32m200[0m 30.032 ms - 29854[0m
[0mGET /css/layout.css [36m304[0m 0.865 ms - -[0m
[0mGET /css/header.css [36m304[0m 0.209 ms - -[0m
[0mGET /css/chat-box.css [36m304[0m 0.291 ms - -[0m
[0mGET /css/footer.css [36m304[0m 0.309 ms - -[0m
[0mGET /css/home.css [36m304[0m 0.382 ms - -[0m
[0mGET /javascript/chat_engine.js [36m304[0m 0.612 ms - -[0m
[0mGET /javascript/home_posts.js [36m304[0m 0.505 ms - -[0m
[0mGET /javascript/posts_comments.js [36m304[0m 0.256 ms - -[0m
[0mGET /javascript/toggle-likes.js [36m304[0m 0.309 ms - -[0m
[0mGET / [36m304[0m 71.642 ms - -[0m
[0mGET /javascript/chat_engine.js [36m304[0m 0.672 ms - -[0m
[0mGET /javascript/home_posts.js [36m304[0m 0.275 ms - -[0m
[0mGET /javascript/posts_comments.js [36m304[0m 0.261 ms - -[0m
[0mGET /javascript/toggle-likes.js [36m304[0m 0.277 ms - -[0m
[0mGET /comments/delete-comment/6465e24e1d2a94a41498f1be [36m302[0m 16.602 ms - 88[0m
[0mGET / [36m304[0m 32.401 ms - -[0m
[0mGET /css/layout.css [32m200[0m 2.727 ms - 1135[0m
[0mGET /css/header.css [32m200[0m 2.649 ms - 1858[0m
[0mGET /css/footer.css [32m200[0m 2.076 ms - 252[0m
[0mGET /css/home.css [32m200[0m 2.250 ms - 4270[0m
[0mGET /css/chat-box.css [32m200[0m 2.254 ms - 1276[0m
[0mGET /javascript/chat_engine.js [36m304[0m 1.126 ms - -[0m
[0mGET /javascript/home_posts.js [36m304[0m 1.157 ms - -[0m
[0mGET /javascript/posts_comments.js [36m304[0m 0.260 ms - -[0m
[0mGET /javascript/toggle-likes.js [36m304[0m 0.272 ms - -[0m
[0mGET /comments/delete-comment/6465e24e1d2a94a41498f1be [36m302[0m 12.224 ms - 88[0m
[0mGET / [36m304[0m 41.122 ms - -[0m
[0mGET /css/layout.css [36m304[0m 0.963 ms - -[0m
[0mGET /css/header.css [36m304[0m 0.567 ms - -[0m
[0mGET /css/footer.css [36m304[0m 0.776 ms - -[0m
[0mGET /css/home.css [36m304[0m 1.056 ms - -[0m
[0mGET /css/chat-box.css [36m304[0m 0.551 ms - -[0m
[0mGET /javascript/chat_engine.js [36m304[0m 0.490 ms - -[0m
[0mGET /javascript/home_posts.js [36m304[0m 0.573 ms - -[0m
[0mGET /javascript/posts_comments.js [36m304[0m 0.247 ms - -[0m
[0mGET /javascript/toggle-likes.js [36m304[0m 0.177 ms - -[0m
[0mGET /comments/delete-comment/6465e24e1d2a94a41498f1be [36m302[0m 17.029 ms - 88[0m
[0mGET / [36m304[0m 42.396 ms - -[0m
[0mGET /css/layout.css [36m304[0m 0.652 ms - -[0m
[0mGET /css/header.css [36m304[0m 0.472 ms - -[0m
[0mGET /css/footer.css [36m304[0m 0.488 ms - -[0m
[0mGET /css/home.css [36m304[0m 0.815 ms - -[0m
[0mGET /css/chat-box.css [36m304[0m 0.718 ms - -[0m
[0mGET /javascript/home_posts.js [36m304[0m 1.091 ms - -[0m
[0mGET /javascript/chat_engine.js [36m304[0m 0.790 ms - -[0m
[0mGET /javascript/posts_comments.js [36m304[0m 0.817 ms - -[0m
[0mGET /javascript/toggle-likes.js [36m304[0m 0.277 ms - -[0m
[0mGET /comments/delete-comment/6465e0d01d2a94a41498f162 [36m302[0m 17.133 ms - 88[0m
[0mGET / [36m304[0m 46.753 ms - -[0m
[0mGET /css/layout.css [36m304[0m 0.558 ms - -[0m
[0mGET /css/header.css [36m304[0m 0.218 ms - -[0m
[0mGET /css/home.css [36m304[0m 0.355 ms - -[0m
[0mGET /css/footer.css [36m304[0m 0.429 ms - -[0m
[0mGET /css/chat-box.css [36m304[0m 0.499 ms - -[0m
[0mGET /javascript/chat_engine.js [36m304[0m 1.200 ms - -[0m
[0mGET /javascript/home_posts.js [36m304[0m 0.595 ms - -[0m
[0mGET /javascript/posts_comments.js [36m304[0m 0.261 ms - -[0m
[0mGET /javascript/toggle-likes.js [36m304[0m 0.231 ms - -[0m
[0mGET /comments/delete-comment/6465e2491d2a94a41498f1b1 [36m302[0m 20.021 ms - 88[0m
[0mGET / [36m304[0m 39.666 ms - -[0m
[0mGET /css/layout.css [36m304[0m 0.607 ms - -[0m
[0mGET /css/header.css [36m304[0m 0.200 ms - -[0m
[0mGET /css/footer.css [36m304[0m 0.154 ms - -[0m
[0mGET /css/home.css [36m304[0m 0.216 ms - -[0m
[0mGET /css/chat-box.css [36m304[0m 0.339 ms - -[0m
[0mGET /javascript/home_posts.js [36m304[0m 0.527 ms - -[0m
[0mGET /javascript/chat_engine.js [36m304[0m 0.489 ms - -[0m
[0mGET /javascript/posts_comments.js [36m304[0m 0.299 ms - -[0m
[0mGET /javascript/toggle-likes.js [36m304[0m 0.366 ms - -[0m
[0mGET / [36m304[0m 75.685 ms - -[0m
[0mGET /javascript/chat_engine.js [36m304[0m 0.948 ms - -[0m
[0mGET /javascript/home_posts.js [36m304[0m 0.544 ms - -[0m
[0mGET /javascript/posts_comments.js [36m304[0m 0.537 ms - -[0m
[0mGET /javascript/toggle-likes.js [36m304[0m 0.326 ms - -[0m
[0mGET /comments/delete-comment/6465e24e1d2a94a41498f1be [36m302[0m 17.958 ms - 88[0m
[0mGET / [36m304[0m 36.342 ms - -[0m
[0mGET /css/layout.css [32m200[0m 3.231 ms - 1135[0m
[0mGET /css/header.css [32m200[0m 3.609 ms - 1858[0m
[0mGET /css/footer.css [32m200[0m 2.632 ms - 252[0m
[0mGET /css/home.css [32m200[0m 2.602 ms - 4270[0m
[0mGET /css/chat-box.css [32m200[0m 2.478 ms - 1276[0m
[0mGET /javascript/chat_engine.js [36m304[0m 1.157 ms - -[0m
[0mGET /javascript/home_posts.js [36m304[0m 1.119 ms - -[0m
[0mGET /javascript/posts_comments.js [36m304[0m 0.773 ms - -[0m
[0mGET /javascript/toggle-likes.js [36m304[0m 0.826 ms - -[0m
[0mGET /comments/delete-comment/6465e24e1d2a94a41498f1be [36m302[0m 23.595 ms - 88[0m
[0mGET / [36m304[0m 52.667 ms - -[0m
[0mGET /css/layout.css [36m304[0m 0.583 ms - -[0m
[0mGET /css/header.css [36m304[0m 1.229 ms - -[0m
[0mGET /css/footer.css [36m304[0m 0.890 ms - -[0m
[0mGET /css/home.css [36m304[0m 0.938 ms - -[0m
[0mGET /css/chat-box.css [36m304[0m 0.849 ms - -[0m
[0mGET /javascript/chat_engine.js [36m304[0m 0.725 ms - -[0m
[0mGET /javascript/home_posts.js [36m304[0m 0.638 ms - -[0m
[0mGET /javascript/posts_comments.js [36m304[0m 0.261 ms - -[0m
[0mGET /javascript/toggle-likes.js [36m304[0m 0.367 ms - -[0m
[0mGET /comments/delete-comment/6465e0d01d2a94a41498f162 [36m302[0m 12.264 ms - 88[0m
[0mGET / [36m304[0m 32.471 ms - -[0m
[0mGET /css/layout.css [36m304[0m 0.583 ms - -[0m
[0mGET /css/header.css [36m304[0m 0.410 ms - -[0m
[0mGET /css/footer.css [36m304[0m 0.383 ms - -[0m
[0mGET /css/home.css [36m304[0m 0.487 ms - -[0m
[0mGET /css/chat-box.css [36m304[0m 0.552 ms - -[0m
[0mGET /javascript/chat_engine.js [36m304[0m 1.052 ms - -[0m
[0mGET /javascript/home_posts.js [36m304[0m 0.659 ms - -[0m
[0mGET /javascript/posts_comments.js [36m304[0m 0.499 ms - -[0m
[0mGET /javascript/toggle-likes.js [36m304[0m 0.437 ms - -[0m
[0mGET / [36m304[0m 60.092 ms - -[0m
[0mGET /css/layout.css [36m304[0m 0.336 ms - -[0m
[0mGET /css/header.css [36m304[0m 0.409 ms - -[0m
[0mGET /css/footer.css [36m304[0m 0.338 ms - -[0m
[0mGET /css/chat-box.css [36m304[0m 0.376 ms - -[0m
[0mGET /css/home.css [36m304[0m 0.399 ms - -[0m
[0mGET /javascript/chat_engine.js [36m304[0m 0.655 ms - -[0m
[0mGET /javascript/home_posts.js [36m304[0m 1.487 ms - -[0m
[0mGET /javascript/posts_comments.js [36m304[0m 0.895 ms - -[0m
[0mGET /javascript/toggle-likes.js [36m304[0m 0.715 ms - -[0m
[0mGET /comments/delete-comment/6465e0d01d2a94a41498f162 [36m302[0m 13.678 ms - 88[0m
[0mGET / [36m304[0m 36.897 ms - -[0m
[0mGET /css/layout.css [36m304[0m 0.230 ms - -[0m
[0mGET /css/header.css [36m304[0m 0.494 ms - -[0m
[0mGET /css/footer.css [36m304[0m 0.226 ms - -[0m
[0mGET /css/home.css [36m304[0m 0.423 ms - -[0m
[0mGET /css/chat-box.css [36m304[0m 0.306 ms - -[0m
[0mGET /javascript/chat_engine.js [36m304[0m 0.457 ms - -[0m
[0mGET /javascript/home_posts.js [36m304[0m 0.449 ms - -[0m
[0mGET /javascript/posts_comments.js [36m304[0m 0.355 ms - -[0m
[0mGET /javascript/toggle-likes.js [36m304[0m 0.421 ms - -[0m
[0mGET /comments/delete-comment/6465e0d01d2a94a41498f162 [36m302[0m 11.388 ms - 88[0m
[0mGET / [36m304[0m 30.516 ms - -[0m
[0mGET /css/layout.css [36m304[0m 0.465 ms - -[0m
[0mGET /css/header.css [36m304[0m 0.218 ms - -[0m
[0mGET /css/footer.css [36m304[0m 0.361 ms - -[0m
[0mGET /css/home.css [36m304[0m 0.607 ms - -[0m
[0mGET /css/chat-box.css [36m304[0m 0.385 ms - -[0m
[0mGET /javascript/chat_engine.js [36m304[0m 0.702 ms - -[0m
[0mGET /javascript/home_posts.js [36m304[0m 0.563 ms - -[0m
[0mGET /javascript/posts_comments.js [36m304[0m 0.882 ms - -[0m
[0mGET /javascript/toggle-likes.js [36m304[0m 0.781 ms - -[0m
[0mGET / [36m304[0m 74.202 ms - -[0m
[0mGET /javascript/chat_engine.js [36m304[0m 1.540 ms - -[0m
[0mGET /javascript/home_posts.js [36m304[0m 1.355 ms - -[0m
[0mGET /javascript/posts_comments.js [36m304[0m 0.996 ms - -[0m
[0mGET /javascript/toggle-likes.js [36m304[0m 0.904 ms - -[0m
[0mGET /comments/delete-comment/6465e0d01d2a94a41498f162 [36m302[0m 29.715 ms - 88[0m
[0mGET / [32m200[0m 42.024 ms - 28628[0m
[0mGET /css/layout.css [32m200[0m 2.556 ms - 1135[0m
[0mGET /css/header.css [32m200[0m 2.957 ms - 1858[0m
[0mGET /css/footer.css [32m200[0m 2.403 ms - 252[0m
[0mGET /css/home.css [32m200[0m 2.628 ms - 4270[0m
[0mGET /css/chat-box.css [32m200[0m 2.798 ms - 1276[0m
[0mGET /javascript/chat_engine.js [36m304[0m 1.358 ms - -[0m
[0mGET /javascript/home_posts.js [36m304[0m 1.201 ms - -[0m
[0mGET /javascript/posts_comments.js [36m304[0m 0.833 ms - -[0m
[0mGET /javascript/toggle-likes.js [36m304[0m 0.485 ms - -[0m
[0mGET /comments/delete-comment/6465e24e1d2a94a41498f1be [36m302[0m 12.947 ms - 88[0m
[0mGET / [32m200[0m 30.864 ms - 27402[0m
[0mGET /css/layout.css [36m304[0m 0.373 ms - -[0m
[0mGET /css/header.css [36m304[0m 0.560 ms - -[0m
[0mGET /css/footer.css [36m304[0m 0.949 ms - -[0m
[0mGET /css/home.css [36m304[0m 0.550 ms - -[0m
[0mGET /css/chat-box.css [36m304[0m 0.611 ms - -[0m
[0mGET /javascript/chat_engine.js [36m304[0m 0.755 ms - -[0m
[0mGET /javascript/home_posts.js [36m304[0m 0.628 ms - -[0m
[0mGET /javascript/posts_comments.js [36m304[0m 0.517 ms - -[0m
[0mGET /javascript/toggle-likes.js [36m304[0m 0.450 ms - -[0m
[0mPOST /comments/add-comment [36m302[0m 40.727 ms - 88[0m
[0mGET / [32m200[0m 28.887 ms - 28629[0m
[0mGET /css/layout.css [36m304[0m 0.590 ms - -[0m
[0mGET /css/header.css [36m304[0m 0.222 ms - -[0m
[0mGET /css/chat-box.css [36m304[0m 0.544 ms - -[0m
[0mGET /css/home.css [36m304[0m 0.664 ms - -[0m
[0mGET /css/footer.css [36m304[0m 0.546 ms - -[0m
[0mGET /javascript/chat_engine.js [36m304[0m 0.953 ms - -[0m
[0mGET /javascript/home_posts.js [36m304[0m 0.846 ms - -[0m
[0mGET /javascript/posts_comments.js [36m304[0m 0.728 ms - -[0m
[0mGET /javascript/toggle-likes.js [36m304[0m 0.310 ms - -[0m
[0mPOST /comments/add-comment [36m302[0m 43.694 ms - 88[0m
[0mGET / [32m200[0m 41.237 ms - 29855[0m
[0mGET /css/layout.css [36m304[0m 0.346 ms - -[0m
[0mGET /css/header.css [36m304[0m 0.228 ms - -[0m
[0mGET /css/chat-box.css [36m304[0m 0.423 ms - -[0m
[0mGET /css/footer.css [36m304[0m 0.517 ms - -[0m
[0mGET /css/home.css [36m304[0m 0.569 ms - -[0m
[0mGET /javascript/chat_engine.js [36m304[0m 0.723 ms - -[0m
[0mGET /javascript/home_posts.js [36m304[0m 0.607 ms - -[0m
[0mGET /javascript/posts_comments.js [36m304[0m 0.956 ms - -[0m
[0mGET /javascript/toggle-likes.js [36m304[0m 0.480 ms - -[0m
[0mGET /comments/delete-comment/6465eca55f35f46f5c805d10 [36m302[0m 14.805 ms - 88[0m
[0mGET / [32m200[0m 44.337 ms - 28629[0m
[0mGET /css/layout.css [36m304[0m 0.340 ms - -[0m
[0mGET /css/header.css [36m304[0m 0.302 ms - -[0m
[0mGET /css/home.css [36m304[0m 0.375 ms - -[0m
[0mGET /css/footer.css [36m304[0m 0.775 ms - -[0m
[0mGET /css/chat-box.css [36m304[0m 0.199 ms - -[0m
[0mGET /javascript/chat_engine.js [36m304[0m 0.549 ms - -[0m
[0mGET /javascript/home_posts.js [36m304[0m 0.491 ms - -[0m
[0mGET /javascript/posts_comments.js [36m304[0m 0.658 ms - -[0m
[0mGET /javascript/toggle-likes.js [36m304[0m 0.485 ms - -[0m
[0mGET /comments/delete-comment/6465ec9e5f35f46f5c805d03 [36m302[0m 10.201 ms - 88[0m
[0mGET / [32m200[0m 37.912 ms - 27402[0m
[0mGET /css/layout.css [36m304[0m 0.584 ms - -[0m
[0mGET /css/header.css [36m304[0m 0.422 ms - -[0m
[0mGET /css/footer.css [36m304[0m 0.486 ms - -[0m
[0mGET /css/home.css [36m304[0m 0.647 ms - -[0m
[0mGET /css/chat-box.css [36m304[0m 0.282 ms - -[0m
[0mGET /javascript/chat_engine.js [36m304[0m 0.915 ms - -[0m
[0mGET /javascript/home_posts.js [36m304[0m 0.813 ms - -[0m
[0mGET /javascript/posts_comments.js [36m304[0m 0.401 ms - -[0m
[0mGET /javascript/toggle-likes.js [36m304[0m 0.368 ms - -[0m
[0mGET /comments/delete-comment/6465e2491d2a94a41498f1b1 [36m302[0m 12.746 ms - 88[0m
[0mGET / [32m200[0m 27.859 ms - 26176[0m
[0mGET /css/layout.css [36m304[0m 0.491 ms - -[0m
[0mGET /css/header.css [36m304[0m 0.334 ms - -[0m
[0mGET /css/footer.css [36m304[0m 0.655 ms - -[0m
[0mGET /css/home.css [36m304[0m 0.466 ms - -[0m
[0mGET /css/chat-box.css [36m304[0m 0.579 ms - -[0m
[0mGET /javascript/chat_engine.js [36m304[0m 1.140 ms - -[0m
[0mGET /javascript/home_posts.js [36m304[0m 0.566 ms - -[0m
[0mGET /javascript/posts_comments.js [36m304[0m 0.846 ms - -[0m
[0mGET /javascript/toggle-likes.js [36m304[0m 0.816 ms - -[0m
[0mGET /users/sign-out [36m302[0m 15.164 ms - 72[0m
[0mGET /users/sign-in [36m304[0m 8.976 ms - -[0m
[0mGET /css/layout.css [36m304[0m 0.713 ms - -[0m
[0mGET /css/header.css [36m304[0m 0.214 ms - -[0m
[0mGET /css/footer.css [36m304[0m 0.333 ms - -[0m
[0mGET / [32m200[0m 33.074 ms - 15796[0m
[0mGET /css/layout.css [36m304[0m 0.643 ms - -[0m
[0mGET /css/header.css [36m304[0m 0.860 ms - -[0m
[0mGET /css/footer.css [36m304[0m 1.039 ms - -[0m
[0mGET /css/home.css [36m304[0m 0.238 ms - -[0m
[0mGET /css/chat-box.css [36m304[0m 0.292 ms - -[0m
[0mGET /javascript/chat_engine.js [36m304[0m 0.331 ms - -[0m
[0mGET /javascript/home_posts.js [36m304[0m 0.294 ms - -[0m
[0mGET /javascript/posts_comments.js [36m304[0m 0.543 ms - -[0m
[0mGET /javascript/toggle-likes.js [36m304[0m 0.518 ms - -[0m
[0mGET /users/sign-in [32m200[0m 10.015 ms - 2595[0m
[0mGET /css/layout.css [36m304[0m 0.481 ms - -[0m
[0mGET /css/auth.css [32m200[0m 1.250 ms - 1711[0m
[0mGET /css/header.css [36m304[0m 0.789 ms - -[0m
[0mGET /css/footer.css [36m304[0m 0.769 ms - -[0m
[0mPOST /users/create-session [31m500[0m 36.481 ms - 385[0m
[0mPOST /users/create-session [36m302[0m 21.079 ms - 46[0m
[0mGET / [32m200[0m 24.495 ms - 27301[0m
[0mGET /javascript/chat_engine.js [36m304[0m 1.655 ms - -[0m
[0mGET /javascript/home_posts.js [36m304[0m 1.460 ms - -[0m
[0mGET /javascript/posts_comments.js [36m304[0m 1.377 ms - -[0m
[0mGET /javascript/toggle-likes.js [36m304[0m 1.488 ms - -[0m
[0mGET /users/profile?id=64627cbf14ffc6e1d5257506 [31m500[0m 30.785 ms - 1605[0m
[0mGET /users/profile?id=646224d346fc2b322b438b2d [31m500[0m 28.041 ms - 1605[0m
[0mGET /users/profile?id=646224d346fc2b322b438b2d [31m500[0m 22.336 ms - 1605[0m
[0mGET /users/sign-out [36m302[0m 18.471 ms - 72[0m
[0mGET /users/sign-in [32m200[0m 21.310 ms - 2900[0m
[0mGET /css/layout.css [32m200[0m 2.259 ms - 1135[0m
[0mGET /css/header.css [32m200[0m 2.750 ms - 1858[0m
[0mGET /css/footer.css [32m200[0m 2.317 ms - 252[0m
[0mGET / [32m200[0m 43.395 ms - 15796[0m
[0mGET /css/layout.css [36m304[0m 0.733 ms - -[0m
[0mGET /css/header.css [36m304[0m 0.387 ms - -[0m
[0mGET /css/home.css [32m200[0m 1.413 ms - 4270[0m
[0mGET /css/footer.css [36m304[0m 0.587 ms - -[0m
[0mGET /css/chat-box.css [32m200[0m 1.730 ms - 1276[0m
[0mGET /javascript/chat_engine.js [36m304[0m 0.619 ms - -[0m
[0mGET /javascript/home_posts.js [36m304[0m 0.654 ms - -[0m
[0mGET /javascript/toggle-likes.js [36m304[0m 2.983 ms - -[0m
[0mGET /javascript/posts_comments.js [36m304[0m 1.687 ms - -[0m
[0mGET /users/profile?id=64627cbf14ffc6e1d5257506 [36m302[0m 5.371 ms - 72[0m
[0mGET /users/sign-in [32m200[0m 6.738 ms - 2595[0m
[0mGET /css/layout.css [36m304[0m 1.545 ms - -[0m
[0mGET /css/header.css [36m304[0m 1.198 ms - -[0m
[0mGET /css/footer.css [36m304[0m 1.368 ms - -[0m
[0mGET /css/auth.css [32m200[0m 2.341 ms - 1711[0m
[0mGET /users/profile?id=646224d346fc2b322b438b2d [36m302[0m 2.800 ms - 72[0m
[0mGET /users/sign-in [36m304[0m 6.091 ms - -[0m
[0mGET /css/layout.css [36m304[0m 0.333 ms - -[0m
[0mGET /css/header.css [36m304[0m 0.679 ms - -[0m
[0mGET /css/footer.css [36m304[0m 0.753 ms - -[0m
[0mGET /css/auth.css [36m304[0m 0.300 ms - -[0m
[0mGET / [36m304[0m 40.818 ms - -[0m
[0mGET /css/layout.css [36m304[0m 0.377 ms - -[0m
[0mGET /css/home.css [36m304[0m 0.614 ms - -[0m
[0mGET /css/footer.css [36m304[0m 0.901 ms - -[0m
[0mGET /css/header.css [36m304[0m 0.947 ms - -[0m
[0mGET /css/chat-box.css [36m304[0m 0.590 ms - -[0m
[0mGET /javascript/chat_engine.js [36m304[0m 0.502 ms - -[0m
[0mGET /javascript/home_posts.js [36m304[0m 1.545 ms - -[0m
[0mGET /javascript/posts_comments.js [36m304[0m 1.575 ms - -[0m
[0mGET /javascript/toggle-likes.js [36m304[0m 0.876 ms - -[0m
[0mGET /users/sign-in [36m304[0m 7.162 ms - -[0m
[0mGET /css/layout.css [36m304[0m 0.458 ms - -[0m
[0mGET /css/header.css [36m304[0m 1.067 ms - -[0m
[0mGET /css/footer.css [36m304[0m 1.123 ms - -[0m
[0mGET /css/auth.css [36m304[0m 0.381 ms - -[0m
[0mPOST /users/create-session [36m302[0m 8.022 ms - 46[0m
[0mGET / [32m200[0m 21.784 ms - 27301[0m
[0mGET /css/layout.css [36m304[0m 0.430 ms - -[0m
[0mGET /css/header.css [36m304[0m 0.235 ms - -[0m
[0mGET /css/footer.css [36m304[0m 0.399 ms - -[0m
[0mGET /css/home.css [36m304[0m 0.487 ms - -[0m
[0mGET /css/chat-box.css [36m304[0m 0.551 ms - -[0m
[0mGET /javascript/chat_engine.js [36m304[0m 0.763 ms - -[0m
[0mGET /javascript/home_posts.js [36m304[0m 0.560 ms - -[0m
[0mGET /javascript/posts_comments.js [36m304[0m 0.232 ms - -[0m
[0mGET /javascript/toggle-likes.js [36m304[0m 0.243 ms - -[0m
[0mGET /likes/toggle?id=6465dbc09e821ae3a9a629f9&type=Posts [32m200[0m 31.907 ms - 498[0m
[0mGET /likes/toggle?id=6465dbc09e821ae3a9a629f9&type=Posts [31m500[0m 22.732 ms - 35[0m
[0mPOST /comments/add-comment [36m302[0m 23.950 ms - 88[0m
[0mGET / [32m200[0m 39.560 ms - 28223[0m
[0mGET /css/layout.css [36m304[0m 0.275 ms - -[0m
[0mGET /css/header.css [36m304[0m 0.355 ms - -[0m
[0mGET /css/footer.css [36m304[0m 0.510 ms - -[0m
[0mGET /css/home.css [36m304[0m 0.520 ms - -[0m
[0mGET /css/chat-box.css [36m304[0m 0.596 ms - -[0m
[0mGET /javascript/chat_engine.js [36m304[0m 0.209 ms - -[0m
[0mGET /javascript/home_posts.js [36m304[0m 0.471 ms - -[0m
[0mGET /javascript/posts_comments.js [36m304[0m 0.363 ms - -[0m
[0mGET /javascript/toggle-likes.js [36m304[0m 0.438 ms - -[0m
[0mGET /likes/toggle?id=6465dbc09e821ae3a9a629f9&type=Posts [31m500[0m 16.125 ms - 35[0m
[0mGET /likes/toggle?id=6465dbc09e821ae3a9a629f9&type=Posts [31m500[0m 19.764 ms - 35[0m
[0mGET /likes/toggle?id=6465dbc09e821ae3a9a629f9&type=Posts [31m500[0m 15.954 ms - 35[0m
[0mGET /likes/toggle?id=6466687c7841988f53b17529&type=Comments [32m200[0m 15.492 ms - 466[0m
