[0mGET / [32m200[0m 46.259 ms - 28274[0m
[0mGET /css/layout.css [36m304[0m 0.305 ms - -[0m
[0mGET /css/header.css [36m304[0m 0.821 ms - -[0m
[0mGET /css/footer.css [36m304[0m 0.463 ms - -[0m
[0mGET /css/home.css [36m304[0m 0.661 ms - -[0m
[0mGET /css/chat-box.css [36m304[0m 0.809 ms - -[0m
[0mGET /javascript/chat_engine.js [36m304[0m 0.430 ms - -[0m
[0mGET /javascript/home_posts.js [36m304[0m 0.797 ms - -[0m
[0mGET /javascript/posts_comments.js [36m304[0m 1.562 ms - -[0m
[0mGET /javascript/toggle-likes.js [36m304[0m 0.570 ms - -[0m
[0mPOST /comments/add-comment [36m302[0m 56.769 ms - 88[0m
[0mGET / [32m200[0m 30.796 ms - 29507[0m
[0mGET /javascript/chat_engine.js [36m304[0m 1.306 ms - -[0m
[0mGET /javascript/home_posts.js [36m304[0m 0.981 ms - -[0m
[0mGET /javascript/posts_comments.js [36m304[0m 0.826 ms - -[0m
[0mGET /javascript/toggle-likes.js [36m304[0m 0.721 ms - -[0m
[0mGET /comments/delete-comment/646674cd1c614b636e83c753 [32m200[0m 22.225 ms - 81[0m
[0mGET / [32m200[0m 54.075 ms - 28274[0m
[0mGET /css/header.css [32m200[0m 2.421 ms - 1858[0m
[0mGET /css/layout.css [32m200[0m 3.338 ms - 1135[0m
[0mGET /css/footer.css [32m200[0m 3.092 ms - 252[0m
[0mGET /css/home.css [32m200[0m 1.531 ms - 4270[0m
[0mGET /css/chat-box.css [32m200[0m 1.680 ms - 1276[0m
[0mGET /javascript/chat_engine.js [36m304[0m 0.694 ms - -[0m
[0mGET /javascript/home_posts.js [36m304[0m 1.220 ms - -[0m
[0mGET /javascript/posts_comments.js [36m304[0m 0.724 ms - -[0m
[0mGET /javascript/toggle-likes.js [36m304[0m 0.699 ms - -[0m
[0mGET / [36m304[0m 50.386 ms - -[0m
[0mGET /css/layout.css [36m304[0m 1.141 ms - -[0m
[0mGET /css/header.css [36m304[0m 0.250 ms - -[0m
[0mGET /css/footer.css [36m304[0m 0.213 ms - -[0m
[0mGET /css/home.css [36m304[0m 0.684 ms - -[0m
[0mGET /css/chat-box.css [36m304[0m 0.893 ms - -[0m
[0mGET /javascript/chat_engine.js [36m304[0m 1.007 ms - -[0m
[0mGET /javascript/home_posts.js [36m304[0m 0.792 ms - -[0m
[0mGET /javascript/posts_comments.js [36m304[0m 0.244 ms - -[0m
[0mGET /javascript/toggle-likes.js [36m304[0m 0.230 ms - -[0m
[0mGET /users/profile?id=646224d346fc2b322b438b2d [31m500[0m 23.570 ms - 1605[0m
[0mGET / [32m200[0m 64.313 ms - 16599[0m
[0mGET /javascript/chat_engine.js [36m304[0m 1.208 ms - -[0m
[0mGET /javascript/home_posts.js [36m304[0m 0.422 ms - -[0m
[0mGET /javascript/posts_comments.js [36m304[0m 0.333 ms - -[0m
[0mGET /javascript/toggle-likes.js [36m304[0m 0.250 ms - -[0m
[0mGET /users/sign-in [36m304[0m 14.498 ms - -[0m
[0mGET /css/layout.css [32m200[0m 3.628 ms - 1135[0m
[0mGET /css/header.css [32m200[0m 4.135 ms - 1858[0m
[0mGET /css/footer.css [32m200[0m 3.312 ms - 252[0m
[0mPOST /users/create-session [36m302[0m 32.796 ms - 46[0m
[0mGET / [32m200[0m 37.565 ms - 28582[0m
[0mGET /css/layout.css [36m304[0m 0.585 ms - -[0m
[0mGET /css/header.css [36m304[0m 1.166 ms - -[0m
[0mGET /css/footer.css [36m304[0m 0.526 ms - -[0m
[0mGET /css/home.css [32m200[0m 3.361 ms - 4270[0m
[0mGET /css/chat-box.css [32m200[0m 3.516 ms - 1276[0m
[0mGET /javascript/chat_engine.js [36m304[0m 0.925 ms - -[0m
[0mGET /javascript/home_posts.js [36m304[0m 0.874 ms - -[0m
[0mGET /javascript/posts_comments.js [36m304[0m 0.606 ms - -[0m
[0mGET /javascript/toggle-likes.js [36m304[0m 0.581 ms - -[0m
[0mGET /users/profile?id=646224d346fc2b322b438b2d [31m500[0m 29.252 ms - 1605[0m
[0mGET /users/profile?id=646224d346fc2b322b438b2d [31m500[0m 34.505 ms - 1605[0m
[0mGET /users/profile?id=646224d346fc2b322b438b2d [31m500[0m 28.830 ms - 1605[0m
[0mGET /users/sign-out [36m302[0m 19.383 ms - 72[0m
[0mGET /users/sign-in [32m200[0m 13.625 ms - 2900[0m
[0mPOST /users/create-session [36m302[0m 27.865 ms - 46[0m
[0mGET / [36m304[0m 47.750 ms - -[0m
[0mGET /css/layout.css [32m200[0m 4.114 ms - 1135[0m
[0mGET /css/header.css [32m200[0m 5.598 ms - 1858[0m
[0mGET /css/footer.css [32m200[0m 1.238 ms - 252[0m
[0mGET /javascript/chat_engine.js [36m304[0m 1.703 ms - -[0m
[0mGET /javascript/home_posts.js [36m304[0m 1.464 ms - -[0m
[0mGET /javascript/posts_comments.js [36m304[0m 0.638 ms - -[0m
[0mGET /javascript/toggle-likes.js [36m304[0m 0.868 ms - -[0m
[0mGET /users/profile?id=64627cbf14ffc6e1d5257506 [31m500[0m 24.015 ms - 1605[0m
[0mGET / [32m200[0m 74.294 ms - 28287[0m
[0mGET /javascript/chat_engine.js [36m304[0m 1.337 ms - -[0m
[0mGET /javascript/home_posts.js [36m304[0m 0.966 ms - -[0m
[0mGET /javascript/posts_comments.js [36m304[0m 0.592 ms - -[0m
[0mGET /javascript/toggle-likes.js [36m304[0m 0.382 ms - -[0m
[0mGET /users/profile?id=64627cbf14ffc6e1d5257506 [31m500[0m 31.230 ms - 1605[0m
[0mGET / [36m304[0m 72.656 ms - -[0m
[0mGET /javascript/chat_engine.js [36m304[0m 0.671 ms - -[0m
[0mGET /javascript/home_posts.js [36m304[0m 1.574 ms - -[0m
[0mGET /javascript/posts_comments.js [36m304[0m 1.263 ms - -[0m
[0mGET /javascript/toggle-likes.js [36m304[0m 1.004 ms - -[0m
[0mGET / [36m304[0m 47.928 ms - -[0m
[0mGET /css/layout.css [32m200[0m 2.542 ms - 1135[0m
[0mGET /css/header.css [32m200[0m 3.533 ms - 1858[0m
[0mGET /css/home.css [32m200[0m 4.097 ms - 4270[0m
[0mGET /css/footer.css [32m200[0m 4.415 ms - 252[0m
[0mGET /css/chat-box.css [32m200[0m 4.784 ms - 1276[0m
[0mGET /javascript/chat_engine.js [36m304[0m 0.273 ms - -[0m
[0mGET /javascript/home_posts.js [36m304[0m 1.197 ms - -[0m
[0mGET /javascript/posts_comments.js [36m304[0m 1.028 ms - -[0m
[0mGET /javascript/toggle-likes.js [36m304[0m 0.471 ms - -[0m
[0mGET / [36m304[0m 43.891 ms - -[0m
[0mGET /css/layout.css [36m304[0m 0.618 ms - -[0m
[0mGET /css/header.css [36m304[0m 0.910 ms - -[0m
[0mGET /css/footer.css [36m304[0m 0.422 ms - -[0m
[0mGET /css/home.css [36m304[0m 0.664 ms - -[0m
[0mGET /css/chat-box.css [36m304[0m 0.795 ms - -[0m
[0mGET /javascript/chat_engine.js [36m304[0m 0.205 ms - -[0m
[0mGET /javascript/posts_comments.js [36m304[0m 1.231 ms - -[0m
[0mGET /javascript/home_posts.js [36m304[0m 1.024 ms - -[0m
[0mGET /javascript/toggle-likes.js [36m304[0m 0.794 ms - -[0m
[0mGET / [32m200[0m 49.373 ms - 28271[0m
[0mGET /css/layout.css [36m304[0m 0.402 ms - -[0m
[0mGET /css/header.css [36m304[0m 0.466 ms - -[0m
[0mGET /css/footer.css [36m304[0m 0.272 ms - -[0m
[0mGET /css/home.css [36m304[0m 0.276 ms - -[0m
[0mGET /css/chat-box.css [36m304[0m 0.265 ms - -[0m
[0mGET /javascript/chat_engine.js [36m304[0m 0.366 ms - -[0m
[0mGET /javascript/home_posts.js [36m304[0m 0.311 ms - -[0m
[0mGET /javascript/posts_comments.js [36m304[0m 0.826 ms - -[0m
[0mGET /javascript/toggle-likes.js [36m304[0m 1.028 ms - -[0m
[0mGET /uploads/users/avtars/avatarSVG.svg [32m200[0m 3.308 ms - 1056[0m
[0mGET /users/profile?id=646224d346fc2b322b438b2d [31m500[0m 26.116 ms - 1605[0m
[0mGET / [36m304[0m 39.693 ms - -[0m
[0mGET /css/layout.css [36m304[0m 0.307 ms - -[0m
[0mGET /css/header.css [36m304[0m 0.287 ms - -[0m
[0mGET /css/footer.css [36m304[0m 0.670 ms - -[0m
[0mGET /css/home.css [36m304[0m 0.660 ms - -[0m
[0mGET /css/chat-box.css [36m304[0m 0.846 ms - -[0m
[0mGET /javascript/chat_engine.js [36m304[0m 0.332 ms - -[0m
[0mGET /javascript/home_posts.js [36m304[0m 1.209 ms - -[0m
[0mGET /javascript/posts_comments.js [36m304[0m 1.153 ms - -[0m
[0mGET /javascript/toggle-likes.js [36m304[0m 0.616 ms - -[0m
[0mGET /uploads/users/avtars/avatarSVG.svg [36m304[0m 3.403 ms - -[0m
[0mGET / [36m304[0m 41.710 ms - -[0m
[0mGET /css/layout.css [36m304[0m 0.568 ms - -[0m
[0mGET /css/header.css [36m304[0m 0.609 ms - -[0m
[0mGET /css/footer.css [36m304[0m 0.519 ms - -[0m
[0mGET /css/home.css [36m304[0m 0.781 ms - -[0m
[0mGET /css/chat-box.css [36m304[0m 0.358 ms - -[0m
[0mGET /javascript/chat_engine.js [36m304[0m 0.370 ms - -[0m
[0mGET /javascript/home_posts.js [36m304[0m 0.237 ms - -[0m
[0mGET /javascript/posts_comments.js [36m304[0m 0.649 ms - -[0m
[0mGET /javascript/toggle-likes.js [36m304[0m 0.739 ms - -[0m
[0mGET /uploads/users/avtars/avatarSVG.svg [36m304[0m 4.782 ms - -[0m
[0mGET / [32m200[0m 45.637 ms - 27743[0m
[0mGET /css/layout.css [36m304[0m 0.314 ms - -[0m
[0mGET /css/header.css [36m304[0m 0.397 ms - -[0m
[0mGET /css/footer.css [36m304[0m 0.290 ms - -[0m
[0mGET /css/home.css [36m304[0m 0.516 ms - -[0m
[0mGET /css/chat-box.css [36m304[0m 0.295 ms - -[0m
[0mGET /javascript/chat_engine.js [36m304[0m 0.636 ms - -[0m
[0mGET /javascript/home_posts.js [36m304[0m 0.643 ms - -[0m
[0mGET /javascript/posts_comments.js [36m304[0m 0.301 ms - -[0m
[0mGET /javascript/toggle-likes.js [36m304[0m 0.434 ms - -[0m
[0mGET /uploads/users/avtars/avatarSVG.svg [36m304[0m 3.525 ms - -[0m
[0mGET /users/profile?id=64627cbf14ffc6e1d5257506 [31m500[0m 20.213 ms - 1605[0m
[0mGET / [32m200[0m 41.245 ms - 27726[0m
[0mGET /css/layout.css [36m304[0m 0.461 ms - -[0m
[0mGET /css/footer.css [36m304[0m 0.393 ms - -[0m
[0mGET /css/header.css [36m304[0m 0.447 ms - -[0m
[0mGET /css/home.css [36m304[0m 0.600 ms - -[0m
[0mGET /css/chat-box.css [36m304[0m 0.259 ms - -[0m
[0mGET /javascript/chat_engine.js [36m304[0m 0.388 ms - -[0m
[0mGET /javascript/home_posts.js [36m304[0m 1.053 ms - -[0m
[0mGET /javascript/posts_comments.js [36m304[0m 1.576 ms - -[0m
[0mGET /javascript/toggle-likes.js [36m304[0m 0.561 ms - -[0m
[0mGET /uploads/users/avtars/avatarSVG.svg [36m304[0m 4.541 ms - -[0m
[0mGET /uploads/users/avtars/search.svg [32m200[0m 7.888 ms - 869[0m
[0mGET /users/profile?id=646224d346fc2b322b438b2d [31m500[0m 20.237 ms - 1605[0m
[0mGET /users/profile?id=646224d346fc2b322b438b2d [31m500[0m 18.132 ms - 1605[0m
[0mGET / [36m304[0m 70.792 ms - -[0m
[0mGET /javascript/chat_engine.js [36m304[0m 1.470 ms - -[0m
[0mGET /javascript/home_posts.js [36m304[0m 1.906 ms - -[0m
[0mGET /javascript/posts_comments.js [36m304[0m 1.398 ms - -[0m
[0mGET /javascript/toggle-likes.js [36m304[0m 1.575 ms - -[0m
[0mGET /uploads/users/avtars/search.svg [36m304[0m 5.165 ms - -[0m
[0mGET /uploads/users/avtars/avatarSVG.svg [36m304[0m 3.002 ms - -[0m
[0mGET /users/profile?id=646224d346fc2b322b438b2d [31m500[0m 21.758 ms - 1605[0m
[0mGET /users/profile?id=646224d346fc2b322b438b2d [31m500[0m 24.607 ms - 1605[0m
[0mGET / [36m304[0m 73.471 ms - -[0m
[0mGET /javascript/chat_engine.js [36m304[0m 0.769 ms - -[0m
[0mGET /javascript/home_posts.js [36m304[0m 1.683 ms - -[0m
[0mGET /javascript/posts_comments.js [36m304[0m 1.254 ms - -[0m
[0mGET /javascript/toggle-likes.js [36m304[0m 0.935 ms - -[0m
[0mGET /uploads/users/avtars/search.svg [36m304[0m 4.025 ms - -[0m
[0mGET /uploads/users/avtars/avatarSVG.svg [36m304[0m 4.106 ms - -[0m
[0mGET /users/profile?id=64627cbf14ffc6e1d5257506 [31m500[0m 28.646 ms - 1605[0m
[0mGET / [36m304[0m 54.928 ms - -[0m
[0mGET /css/layout.css [32m200[0m 2.348 ms - 1135[0m
[0mGET /css/header.css [32m200[0m 2.719 ms - 1858[0m
[0mGET /css/footer.css [32m200[0m 2.590 ms - 252[0m
[0mGET /css/home.css [32m200[0m 2.894 ms - 4270[0m
[0mGET /css/chat-box.css [32m200[0m 1.882 ms - 1276[0m
[0mGET /javascript/chat_engine.js [36m304[0m 0.198 ms - -[0m
[0mGET /javascript/home_posts.js [36m304[0m 0.583 ms - -[0m
[0mGET /javascript/posts_comments.js [36m304[0m 0.410 ms - -[0m
[0mGET /javascript/toggle-likes.js [36m304[0m 0.532 ms - -[0m
[0mGET /uploads/users/avtars/search.svg [36m304[0m 3.109 ms - -[0m
[0mGET /uploads/users/avtars/avatarSVG.svg [36m304[0m 2.544 ms - -[0m
[0mGET / [36m304[0m 52.217 ms - -[0m
[0mGET /css/layout.css [36m304[0m 0.641 ms - -[0m
[0mGET /css/header.css [36m304[0m 0.408 ms - -[0m
[0mGET /css/footer.css [36m304[0m 0.538 ms - -[0m
[0mGET /css/home.css [36m304[0m 0.637 ms - -[0m
[0mGET /css/chat-box.css [36m304[0m 0.703 ms - -[0m
[0mGET /javascript/chat_engine.js [36m304[0m 1.117 ms - -[0m
[0mGET /javascript/home_posts.js [36m304[0m 1.178 ms - -[0m
[0mGET /javascript/posts_comments.js [36m304[0m 0.942 ms - -[0m
[0mGET /javascript/toggle-likes.js [36m304[0m 0.814 ms - -[0m
[0mGET /uploads/users/avtars/search.svg [36m304[0m 5.102 ms - -[0m
[0mGET /uploads/users/avtars/avatarSVG.svg [36m304[0m 5.419 ms - -[0m
[0mGET / [36m304[0m 43.885 ms - -[0m
[0mGET /css/layout.css [36m304[0m 1.006 ms - -[0m
[0mGET /css/header.css [36m304[0m 0.897 ms - -[0m
[0mGET /css/footer.css [36m304[0m 0.341 ms - -[0m
[0mGET /css/home.css [36m304[0m 0.779 ms - -[0m
[0mGET /css/chat-box.css [36m304[0m 0.430 ms - -[0m
[0mGET /javascript/chat_engine.js [36m304[0m 0.448 ms - -[0m
[0mGET /javascript/home_posts.js [36m304[0m 0.268 ms - -[0m
[0mGET /javascript/posts_comments.js [36m304[0m 0.496 ms - -[0m
[0mGET /javascript/toggle-likes.js [36m304[0m 0.933 ms - -[0m
[0mGET /uploads/users/avtars/search.svg [36m304[0m 7.162 ms - -[0m
[0mGET /uploads/users/avtars/avatarSVG.svg [36m304[0m 7.582 ms - -[0m
[0mGET /css/layout.css [36m304[0m 0.351 ms - -[0m
[0mGET /css/header.css [36m304[0m 1.285 ms - -[0m
[0mGET /css/home.css [36m304[0m 1.272 ms - -[0m
[0mGET /css/footer.css [36m304[0m 1.165 ms - -[0m
[0mGET /css/chat-box.css [36m304[0m 1.045 ms - -[0m
[0mGET / [32m200[0m 40.969 ms - 28364[0m
[0mGET /css/layout.css [36m304[0m 0.449 ms - -[0m
[0mGET /css/header.css [36m304[0m 0.572 ms - -[0m
[0mGET /css/footer.css [36m304[0m 0.499 ms - -[0m
[0mGET /css/home.css [36m304[0m 0.512 ms - -[0m
[0mGET /css/chat-box.css [36m304[0m 0.536 ms - -[0m
[0mGET /javascript/chat_engine.js [36m304[0m 0.667 ms - -[0m
[0mGET /javascript/home_posts.js [36m304[0m 0.551 ms - -[0m
[0mGET /javascript/posts_comments.js [36m304[0m 1.109 ms - -[0m
[0mGET /javascript/toggle-likes.js [36m304[0m 1.201 ms - -[0m
[0mGET /uploads/users/avtars/search.svg [36m304[0m 6.907 ms - -[0m
[0mGET /uploads/users/avtars/avatarSVG.svg [36m304[0m 5.408 ms - -[0m
[0mGET / [36m304[0m 43.079 ms - -[0m
[0mGET /css/layout.css [36m304[0m 0.222 ms - -[0m
[0mGET /css/header.css [36m304[0m 0.643 ms - -[0m
[0mGET /css/footer.css [36m304[0m 0.985 ms - -[0m
[0mGET /css/home.css [36m304[0m 0.590 ms - -[0m
[0mGET /css/chat-box.css [36m304[0m 0.585 ms - -[0m
[0mGET /javascript/chat_engine.js [36m304[0m 0.330 ms - -[0m
[0mGET /javascript/home_posts.js [36m304[0m 0.945 ms - -[0m
[0mGET /javascript/posts_comments.js [36m304[0m 0.938 ms - -[0m
[0mGET /javascript/toggle-likes.js [36m304[0m 0.794 ms - -[0m
[0mGET /uploads/users/avtars/search.svg [36m304[0m 5.128 ms - -[0m
[0mGET /uploads/users/avtars/avatarSVG.svg [36m304[0m 6.191 ms - -[0m
[0mGET / [36m304[0m 65.550 ms - -[0m
[0mGET /javascript/chat_engine.js [36m304[0m 1.286 ms - -[0m
[0mGET /javascript/home_posts.js [36m304[0m 1.301 ms - -[0m
[0mGET /javascript/posts_comments.js [36m304[0m 0.955 ms - -[0m
[0mGET /javascript/toggle-likes.js [36m304[0m 0.903 ms - -[0m
[0mGET /uploads/users/avtars/search.svg [36m304[0m 4.050 ms - -[0m
[0mGET /uploads/users/avtars/avatarSVG.svg [36m304[0m 4.144 ms - -[0m
[0mGET / [36m304[0m 50.106 ms - -[0m
[0mGET /css/layout.css [32m200[0m 3.357 ms - 1135[0m
[0mGET /css/header.css [32m200[0m 1.427 ms - 1858[0m
[0mGET /css/home.css [32m200[0m 1.926 ms - 4270[0m
[0mGET /css/footer.css [32m200[0m 2.152 ms - 252[0m
[0mGET /css/chat-box.css [32m200[0m 2.633 ms - 1276[0m
[0mGET /javascript/chat_engine.js [36m304[0m 0.421 ms - -[0m
[0mGET /javascript/home_posts.js [36m304[0m 0.790 ms - -[0m
[0mGET /javascript/toggle-likes.js [36m304[0m 0.407 ms - -[0m
[0mGET /javascript/posts_comments.js [36m304[0m 1.125 ms - -[0m
[0mGET /uploads/users/avtars/search.svg [36m304[0m 5.402 ms - -[0m
[0mGET /uploads/users/avtars/avatarSVG.svg [36m304[0m 5.289 ms - -[0m
[0mGET /users/sign-out [36m302[0m 18.599 ms - 72[0m
[0mGET /users/sign-in [32m200[0m 8.755 ms - 3235[0m
[0mGET /css/layout.css [36m304[0m 0.367 ms - -[0m
[0mGET /css/header.css [36m304[0m 0.480 ms - -[0m
[0mGET /css/footer.css [36m304[0m 0.526 ms - -[0m
[0mGET /uploads/users/avtars/search.svg [36m304[0m 3.451 ms - -[0m
[0mPOST /users/create-session [36m302[0m 30.725 ms - 46[0m
[0mGET / [32m200[0m 40.975 ms - 27310[0m
[0mGET /css/layout.css [36m304[0m 0.375 ms - -[0m
[0mGET /css/header.css [36m304[0m 0.410 ms - -[0m
[0mGET /css/footer.css [36m304[0m 0.806 ms - -[0m
[0mGET /css/home.css [36m304[0m 1.052 ms - -[0m
[0mGET /css/chat-box.css [36m304[0m 1.143 ms - -[0m
[0mGET /uploads/users/avtars/search.svg [36m304[0m 6.220 ms - -[0m
[0mGET /javascript/chat_engine.js [36m304[0m 0.714 ms - -[0m
[0mGET /javascript/home_posts.js [36m304[0m 0.549 ms - -[0m
[0mGET /javascript/posts_comments.js [36m304[0m 0.915 ms - -[0m
[0mGET /javascript/toggle-likes.js [36m304[0m 1.066 ms - -[0m
[0mGET /uploads/users/avtars/avatarSVG.svg [36m304[0m 4.798 ms - -[0m
[0mGET / [32m200[0m 41.592 ms - 27288[0m
[0mGET /css/layout.css [36m304[0m 0.325 ms - -[0m
[0mGET /css/header.css [36m304[0m 0.417 ms - -[0m
[0mGET /css/footer.css [36m304[0m 0.841 ms - -[0m
[0mGET /css/home.css [36m304[0m 0.916 ms - -[0m
[0mGET /css/chat-box.css [36m304[0m 0.983 ms - -[0m
[0mGET /javascript/chat_engine.js [36m304[0m 0.377 ms - -[0m
[0mGET /javascript/home_posts.js [36m304[0m 0.244 ms - -[0m
[0mGET /javascript/posts_comments.js [36m304[0m 1.100 ms - -[0m
[0mGET /javascript/toggle-likes.js [36m304[0m 0.906 ms - -[0m
[0mGET /uploads/users/avtars/search.svg [36m304[0m 5.412 ms - -[0m
[0mGET /uploads/users/avtars/avatarSVG.svg [36m304[0m 4.262 ms - -[0m
[0mGET / [36m304[0m 41.254 ms - -[0m
[0mGET /css/layout.css [36m304[0m 0.685 ms - -[0m
[0mGET /css/header.css [36m304[0m 0.710 ms - -[0m
[0mGET /css/footer.css [36m304[0m 0.355 ms - -[0m
[0mGET /css/home.css [36m304[0m 0.392 ms - -[0m
[0mGET /css/chat-box.css [36m304[0m 0.447 ms - -[0m
[0mGET /javascript/chat_engine.js [36m304[0m 0.289 ms - -[0m
[0mGET /javascript/home_posts.js [36m304[0m 0.861 ms - -[0m
[0mGET /javascript/posts_comments.js [36m304[0m 0.829 ms - -[0m
[0mGET /javascript/toggle-likes.js [36m304[0m 2.231 ms - -[0m
[0mGET /uploads/users/avtars/search.svg [36m304[0m 4.784 ms - -[0m
[0mGET /uploads/users/avtars/avatarSVG.svg [36m304[0m 4.729 ms - -[0m
[0mGET /users/profile?id=64627cbf14ffc6e1d5257506 [31m500[0m 29.368 ms - 1605[0m
[0mGET /users/profile?id=64627cbf14ffc6e1d5257506 [31m500[0m 19.466 ms - 1605[0m
[0mGET /users/profile?id=64627cbf14ffc6e1d5257506 [31m500[0m 50.460 ms - 1605[0m
[0mGET /users/profile?id=64627cbf14ffc6e1d5257506 [31m500[0m 28.901 ms - 1605[0m
[0mGET /users/sign-out [36m302[0m 21.342 ms - 72[0m
[0mGET /users/sign-in [36m304[0m 16.460 ms - -[0m
[0mGET /uploads/users/avtars/search.svg [36m304[0m 5.374 ms - -[0m
[0mGET / [32m200[0m 56.486 ms - 16692[0m
[0mGET /css/layout.css [32m200[0m 3.590 ms - 1135[0m
[0mGET /css/header.css [32m200[0m 3.534 ms - 1858[0m
[0mGET /css/footer.css [32m200[0m 3.936 ms - 252[0m
[0mGET /uploads/users/avtars/search.svg [36m304[0m 4.170 ms - -[0m
[0mGET /javascript/chat_engine.js [36m304[0m 1.334 ms - -[0m
[0mGET /javascript/home_posts.js [36m304[0m 1.449 ms - -[0m
[0mGET /javascript/posts_comments.js [36m304[0m 0.614 ms - -[0m
[0mGET /javascript/toggle-likes.js [36m304[0m 0.590 ms - -[0m
[0mGET /uploads/users/avtars/avatarSVG.svg [36m304[0m 1.973 ms - -[0m
[0mGET /users/sign-in [32m200[0m 7.386 ms - 3216[0m
[0mGET /css/layout.css [36m304[0m 0.328 ms - -[0m
[0mGET /css/header.css [36m304[0m 1.940 ms - -[0m
[0mGET /css/auth.css [32m200[0m 3.902 ms - 1711[0m
[0mGET /css/footer.css [36m304[0m 1.458 ms - -[0m
[0mGET /uploads/users/avtars/search.svg [36m304[0m 4.740 ms - -[0m
[0mPOST /users/create-session [36m302[0m 29.614 ms - 46[0m
[0mGET / [32m200[0m 40.751 ms - 28386[0m
[0mGET /css/layout.css [36m304[0m 0.457 ms - -[0m
[0mGET /css/header.css [36m304[0m 1.024 ms - -[0m
[0mGET /css/footer.css [36m304[0m 0.920 ms - -[0m
[0mGET /css/chat-box.css [32m200[0m 2.631 ms - 1276[0m
[0mGET /css/home.css [32m200[0m 2.936 ms - 4270[0m
[0mGET /uploads/users/avtars/search.svg [36m304[0m 6.092 ms - -[0m
[0mGET /javascript/chat_engine.js [36m304[0m 0.836 ms - -[0m
[0mGET /javascript/home_posts.js [36m304[0m 0.789 ms - -[0m
[0mGET /javascript/posts_comments.js [36m304[0m 0.253 ms - -[0m
[0mGET /javascript/toggle-likes.js [36m304[0m 0.666 ms - -[0m
[0mGET /uploads/users/avtars/avatarSVG.svg [36m304[0m 4.655 ms - -[0m
[0mGET / [31m500[0m 60.073 ms - 2342[0m
[0mGET / [31m500[0m 45.831 ms - 2342[0m
[0mGET / [31m500[0m 34.694 ms - 2342[0m
[0mGET / [31m500[0m 32.627 ms - 2342[0m
[0mGET / [31m500[0m 35.834 ms - 2342[0m
[0mGET / [31m500[0m 58.332 ms - 2342[0m
[0mGET / [31m500[0m 34.705 ms - 2342[0m
[0mGET / [31m500[0m 33.379 ms - 2342[0m
[0mGET / [32m200[0m 54.265 ms - 28365[0m
[0mGET /javascript/chat_engine.js [36m304[0m 1.720 ms - -[0m
[0mGET /javascript/home_posts.js [36m304[0m 1.751 ms - -[0m
[0mGET /javascript/posts_comments.js [36m304[0m 1.638 ms - -[0m
[0mGET /javascript/toggle-likes.js [36m304[0m 0.711 ms - -[0m
[0mGET /uploads/users/avtars/search.svg [36m304[0m 4.464 ms - -[0m
[0mGET /uploads/users/avtars/avatarSVG.svg [36m304[0m 3.176 ms - -[0m
[0mGET / [36m304[0m 46.450 ms - -[0m
[0mGET /css/layout.css [32m200[0m 2.364 ms - 1135[0m
[0mGET /css/header.css [32m200[0m 2.755 ms - 1858[0m
[0mGET /css/footer.css [32m200[0m 1.147 ms - 252[0m
[0mGET /css/home.css [32m200[0m 1.436 ms - 4270[0m
[0mGET /css/chat-box.css [32m200[0m 1.610 ms - 1276[0m
[0mGET /javascript/chat_engine.js [36m304[0m 0.574 ms - -[0m
[0mGET /javascript/home_posts.js [36m304[0m 0.850 ms - -[0m
[0mGET /javascript/posts_comments.js [36m304[0m 0.731 ms - -[0m
[0mGET /javascript/toggle-likes.js [36m304[0m 0.719 ms - -[0m
[0mGET /uploads/users/avtars/search.svg [36m304[0m 3.693 ms - -[0m
[0mGET /uploads/users/avtars/avatarSVG.svg [36m304[0m 3.770 ms - -[0m
[0mGET / [36m304[0m 42.401 ms - -[0m
[0mGET /css/layout.css [36m304[0m 0.470 ms - -[0m
[0mGET /css/header.css [36m304[0m 0.618 ms - -[0m
[0mGET /css/footer.css [36m304[0m 0.401 ms - -[0m
[0mGET /css/home.css [36m304[0m 0.643 ms - -[0m
[0mGET /css/chat-box.css [36m304[0m 0.415 ms - -[0m
[0mGET /javascript/chat_engine.js [36m304[0m 0.684 ms - -[0m
[0mGET /javascript/home_posts.js [36m304[0m 0.581 ms - -[0m
[0mGET /javascript/posts_comments.js [36m304[0m 0.207 ms - -[0m
[0mGET /javascript/toggle-likes.js [36m304[0m 0.604 ms - -[0m
[0mGET /uploads/users/avtars/search.svg [36m304[0m 5.632 ms - -[0m
[0mGET /uploads/users/avtars/avatarSVG.svg [36m304[0m 4.461 ms - -[0m
[0mGET /users/sign-out [36m302[0m 20.851 ms - 72[0m
[0mGET /users/sign-in [32m200[0m 8.598 ms - 3235[0m
[0mGET /css/layout.css [36m304[0m 0.651 ms - -[0m
[0mGET /css/header.css [36m304[0m 0.630 ms - -[0m
[0mGET /css/footer.css [36m304[0m 1.031 ms - -[0m
[0mGET /uploads/users/avtars/search.svg [36m304[0m 3.481 ms - -[0m
[0mGET / [32m200[0m 36.670 ms - 16692[0m
[0mGET /css/layout.css [36m304[0m 0.289 ms - -[0m
[0mGET /css/header.css [36m304[0m 1.526 ms - -[0m
[0mGET /css/footer.css [36m304[0m 0.263 ms - -[0m
[0mGET /css/home.css [36m304[0m 0.549 ms - -[0m
[0mGET /css/chat-box.css [36m304[0m 1.188 ms - -[0m
[0mGET /uploads/users/avtars/search.svg [36m304[0m 3.371 ms - -[0m
[0mGET /javascript/chat_engine.js [36m304[0m 0.351 ms - -[0m
[0mGET /javascript/home_posts.js [36m304[0m 0.420 ms - -[0m
[0mGET /javascript/posts_comments.js [36m304[0m 0.218 ms - -[0m
[0mGET /javascript/toggle-likes.js [36m304[0m 0.173 ms - -[0m
[0mGET /uploads/users/avtars/avatarSVG.svg [36m304[0m 2.345 ms - -[0m
[0mGET /users/sign-in [32m200[0m 10.676 ms - 3216[0m
[0mGET /css/layout.css [36m304[0m 0.324 ms - -[0m
[0mGET /css/header.css [36m304[0m 1.315 ms - -[0m
[0mGET /css/footer.css [36m304[0m 0.717 ms - -[0m
[0mGET /css/auth.css [32m200[0m 3.167 ms - 1711[0m
[0mGET /uploads/users/avtars/search.svg [36m304[0m 4.028 ms - -[0m
[0mPOST /users/create-session [36m302[0m 31.628 ms - 46[0m
[0mGET / [32m200[0m 23.637 ms - 27311[0m
[0mGET /css/layout.css [36m304[0m 0.322 ms - -[0m
[0mGET /css/header.css [36m304[0m 0.459 ms - -[0m
[0mGET /css/footer.css [36m304[0m 1.235 ms - -[0m
[0mGET /css/home.css [36m304[0m 0.722 ms - -[0m
[0mGET /css/chat-box.css [36m304[0m 0.384 ms - -[0m
[0mGET /uploads/users/avtars/search.svg [36m304[0m 5.205 ms - -[0m
[0mGET /javascript/chat_engine.js [36m304[0m 0.622 ms - -[0m
[0mGET /javascript/home_posts.js [36m304[0m 0.537 ms - -[0m
[0mGET /javascript/posts_comments.js [36m304[0m 0.636 ms - -[0m
[0mGET /javascript/toggle-likes.js [36m304[0m 0.668 ms - -[0m
[0mGET /uploads/users/avtars/avatarSVG.svg [36m304[0m 4.481 ms - -[0m
[0mGET / [32m200[0m 40.680 ms - 27327[0m
[0mGET /css/layout.css [36m304[0m 0.519 ms - -[0m
[0mGET /css/header.css [36m304[0m 0.369 ms - -[0m
[0mGET /css/footer.css [36m304[0m 0.231 ms - -[0m
[0mGET /css/home.css [36m304[0m 0.180 ms - -[0m
[0mGET /css/chat-box.css [36m304[0m 0.165 ms - -[0m
[0mGET /javascript/chat_engine.js [36m304[0m 0.366 ms - -[0m
[0mGET /javascript/home_posts.js [36m304[0m 0.509 ms - -[0m
[0mGET /javascript/posts_comments.js [36m304[0m 0.707 ms - -[0m
[0mGET /javascript/toggle-likes.js [36m304[0m 0.670 ms - -[0m
[0mGET /uploads/users/avtars/search.svg [36m304[0m 4.717 ms - -[0m
[0mGET /uploads/users/avtars/avatarSVG.svg [36m304[0m 4.101 ms - -[0m
[0mGET / [32m200[0m 38.477 ms - 27289[0m
[0mGET /css/layout.css [36m304[0m 2.740 ms - -[0m
[0mGET /css/header.css [36m304[0m 0.458 ms - -[0m
[0mGET /css/footer.css [36m304[0m 1.083 ms - -[0m
[0mGET /css/chat-box.css [36m304[0m 0.707 ms - -[0m
[0mGET /css/home.css [36m304[0m 0.527 ms - -[0m
[0mGET /javascript/chat_engine.js [36m304[0m 0.344 ms - -[0m
[0mGET /javascript/home_posts.js [36m304[0m 0.542 ms - -[0m
[0mGET /javascript/posts_comments.js [36m304[0m 0.725 ms - -[0m
[0mGET /javascript/toggle-likes.js [36m304[0m 2.081 ms - -[0m
[0mGET /uploads/users/avtars/search.svg [36m304[0m 4.458 ms - -[0m
[0mGET /uploads/users/avtars/avatarSVG.svg [36m304[0m 4.788 ms - -[0m
[0mGET / [32m200[0m 43.537 ms - 27302[0m
[0mGET /css/layout.css [36m304[0m 0.647 ms - -[0m
[0mGET /css/header.css [36m304[0m 0.572 ms - -[0m
[0mGET /css/footer.css [36m304[0m 0.188 ms - -[0m
[0mGET /css/home.css [36m304[0m 0.275 ms - -[0m
[0mGET /css/chat-box.css [36m304[0m 0.312 ms - -[0m
[0mGET /javascript/chat_engine.js [36m304[0m 0.601 ms - -[0m
[0mGET /javascript/home_posts.js [36m304[0m 0.508 ms - -[0m
[0mGET /javascript/posts_comments.js [36m304[0m 1.058 ms - -[0m
[0mGET /javascript/toggle-likes.js [36m304[0m 1.054 ms - -[0m
[0mGET /uploads/users/avtars/search.svg [36m304[0m 5.180 ms - -[0m
[0mGET /uploads/users/avtars/avatarSVG.svg [36m304[0m 5.418 ms - -[0m
[0mGET / [32m200[0m 35.805 ms - 27289[0m
[0mGET /css/layout.css [36m304[0m 0.495 ms - -[0m
[0mGET /css/header.css [36m304[0m 0.279 ms - -[0m
[0mGET /css/home.css [36m304[0m 0.295 ms - -[0m
[0mGET /css/footer.css [36m304[0m 0.342 ms - -[0m
[0mGET /css/chat-box.css [36m304[0m 0.495 ms - -[0m
[0mGET /javascript/chat_engine.js [36m304[0m 0.391 ms - -[0m
[0mGET /javascript/home_posts.js [36m304[0m 0.345 ms - -[0m
[0mGET /javascript/posts_comments.js [36m304[0m 0.370 ms - -[0m
[0mGET /javascript/toggle-likes.js [36m304[0m 1.464 ms - -[0m
[0mGET /uploads/users/avtars/search.svg [36m304[0m 4.751 ms - -[0m
[0mGET /uploads/users/avtars/avatarSVG.svg [36m304[0m 5.499 ms - -[0m
[0mGET / [32m200[0m 39.596 ms - 27840[0m
[0mGET /css/layout.css [36m304[0m 0.426 ms - -[0m
[0mGET /css/header.css [36m304[0m 0.463 ms - -[0m
[0mGET /css/footer.css [36m304[0m 0.207 ms - -[0m
[0mGET /css/chat-box.css [36m304[0m 0.275 ms - -[0m
[0mGET /css/home.css [36m304[0m 0.321 ms - -[0m
[0mGET /javascript/chat_engine.js [36m304[0m 0.318 ms - -[0m
[0mGET /javascript/home_posts.js [36m304[0m 0.736 ms - -[0m
[0mGET /javascript/posts_comments.js [36m304[0m 0.722 ms - -[0m
[0mGET /javascript/toggle-likes.js [36m304[0m 1.362 ms - -[0m
[0mGET /uploads/users/avtars/search.svg [36m304[0m 4.619 ms - -[0m
[0mGET /uploads/users/avtars/avatarSVG.svg [36m304[0m 3.984 ms - -[0m
[0mGET /users/profile/646218972d32e427ebf914fd [33m404[0m 9.922 ms - 177[0m
[0mGET / [32m200[0m 35.641 ms - 27850[0m
[0mGET /css/layout.css [36m304[0m 0.653 ms - -[0m
[0mGET /css/header.css [36m304[0m 0.309 ms - -[0m
[0mGET /css/footer.css [36m304[0m 0.461 ms - -[0m
[0mGET /css/home.css [36m304[0m 0.692 ms - -[0m
[0mGET /css/chat-box.css [36m304[0m 0.793 ms - -[0m
[0mGET /javascript/chat_engine.js [36m304[0m 0.413 ms - -[0m
[0mGET /javascript/home_posts.js [36m304[0m 0.577 ms - -[0m
[0mGET /javascript/posts_comments.js [36m304[0m 0.820 ms - -[0m
[0mGET /javascript/toggle-likes.js [36m304[0m 0.707 ms - -[0m
[0mGET /uploads/users/avtars/search.svg [36m304[0m 3.623 ms - -[0m
[0mGET /uploads/users/avtars/avatarSVG.svg [36m304[0m 2.659 ms - -[0m
[0mGET /users/profile/64623f608e079d2957bbfd32 [33m404[0m 8.833 ms - 177[0m
[0mGET /users/profile/64627cbf14ffc6e1d5257506 [33m404[0m 5.526 ms - 177[0m
[0mGET / [32m200[0m 39.844 ms - 27933[0m
[0mGET /css/layout.css [36m304[0m 0.659 ms - -[0m
[0mGET /css/header.css [36m304[0m 0.455 ms - -[0m
[0mGET /css/footer.css [36m304[0m 0.339 ms - -[0m
[0mGET /css/chat-box.css [36m304[0m 0.377 ms - -[0m
[0mGET /css/home.css [36m304[0m 0.132 ms - -[0m
[0mGET /javascript/chat_engine.js [36m304[0m 0.309 ms - -[0m
[0mGET /javascript/home_posts.js [36m304[0m 0.767 ms - -[0m
[0mGET /javascript/posts_comments.js [36m304[0m 0.730 ms - -[0m
[0mGET /javascript/toggle-likes.js [36m304[0m 1.024 ms - -[0m
[0mGET /uploads/users/avtars/search.svg [36m304[0m 4.709 ms - -[0m
[0mGET /uploads/users/avtars/avatarSVG.svg [36m304[0m 4.166 ms - -[0m
[0mGET / [36m304[0m 40.936 ms - -[0m
[0mGET /css/layout.css [36m304[0m 0.302 ms - -[0m
[0mGET /css/header.css [36m304[0m 0.384 ms - -[0m
[0mGET /css/footer.css [36m304[0m 0.604 ms - -[0m
[0mGET /css/chat-box.css [36m304[0m 0.282 ms - -[0m
[0mGET /css/home.css [36m304[0m 0.328 ms - -[0m
[0mGET /javascript/chat_engine.js [36m304[0m 0.658 ms - -[0m
[0mGET /javascript/home_posts.js [36m304[0m 0.559 ms - -[0m
[0mGET /javascript/posts_comments.js [36m304[0m 0.277 ms - -[0m
[0mGET /javascript/toggle-likes.js [36m304[0m 0.849 ms - -[0m
[0mGET /uploads/users/avtars/search.svg [36m304[0m 4.512 ms - -[0m
[0mGET /uploads/users/avtars/avatarSVG.svg [36m304[0m 4.765 ms - -[0m
[0mGET /users/profile/64621859bdc310aca0a290fc [33m404[0m 8.125 ms - 177[0m
[0mGET / [32m200[0m 40.556 ms - 27899[0m
[0mGET /css/layout.css [36m304[0m 0.417 ms - -[0m
[0mGET /css/header.css [36m304[0m 0.487 ms - -[0m
[0mGET /css/footer.css [36m304[0m 0.370 ms - -[0m
[0mGET /css/home.css [36m304[0m 0.319 ms - -[0m
[0mGET /css/chat-box.css [36m304[0m 0.282 ms - -[0m
[0mGET /javascript/chat_engine.js [36m304[0m 0.878 ms - -[0m
[0mGET /javascript/home_posts.js [36m304[0m 0.802 ms - -[0m
[0mGET /javascript/posts_comments.js [36m304[0m 2.034 ms - -[0m
[0mGET /javascript/toggle-likes.js [36m304[0m 1.839 ms - -[0m
[0mGET /uploads/users/avtars/search.svg [36m304[0m 5.486 ms - -[0m
[0mGET /uploads/users/avtars/avatarSVG.svg [36m304[0m 5.453 ms - -[0m
[0mGET / [36m304[0m 38.576 ms - -[0m
[0mGET /css/layout.css [36m304[0m 1.284 ms - -[0m
[0mGET /css/header.css [36m304[0m 1.079 ms - -[0m
[0mGET /css/footer.css [36m304[0m 0.422 ms - -[0m
[0mGET /css/home.css [36m304[0m 0.520 ms - -[0m
[0mGET /css/chat-box.css [36m304[0m 0.226 ms - -[0m
[0mGET /javascript/chat_engine.js [36m304[0m 0.360 ms - -[0m
[0mGET /javascript/home_posts.js [36m304[0m 1.033 ms - -[0m
[0mGET /javascript/posts_comments.js [36m304[0m 1.021 ms - -[0m
[0mGET /javascript/toggle-likes.js [36m304[0m 0.806 ms - -[0m
[0mGET /uploads/users/avtars/search.svg [36m304[0m 4.458 ms - -[0m
[0mGET /uploads/users/avtars/avatarSVG.svg [36m304[0m 3.894 ms - -[0m
[0mGET /users/profile/646224d346fc2b322b438b2d [33m404[0m 6.472 ms - 177[0m
[0mGET /users/profile/64623f608e079d2957bbfd32 [33m404[0m 10.157 ms - 177[0m
[0mGET / [32m200[0m 45.471 ms - 16741[0m
[0mGET /css/layout.css [36m304[0m 0.584 ms - -[0m
[0mGET /css/header.css [36m304[0m 4.210 ms - -[0m
[0mGET /css/footer.css [36m304[0m 0.172 ms - -[0m
[0mGET /css/home.css [36m304[0m 0.738 ms - -[0m
[0mGET /css/chat-box.css [36m304[0m 0.641 ms - -[0m
[0mGET /javascript/chat_engine.js [36m304[0m 0.286 ms - -[0m
[0mGET /javascript/home_posts.js [36m304[0m 0.812 ms - -[0m
[0mGET /javascript/posts_comments.js [36m304[0m 0.709 ms - -[0m
[0mGET /javascript/toggle-likes.js [36m304[0m 0.858 ms - -[0m
[0mGET /uploads/users/avtars/avatarSVG.svg [36m304[0m 1.917 ms - -[0m
[0mGET /uploads/users/avtars/search.svg [36m304[0m 3.440 ms - -[0m
[0mGET /users/sign-in [36m304[0m 7.005 ms - -[0m
[0mGET /css/layout.css [36m304[0m 0.326 ms - -[0m
[0mGET /css/header.css [36m304[0m 0.312 ms - -[0m
[0mGET /css/footer.css [36m304[0m 0.342 ms - -[0m
[0mGET /css/auth.css [36m304[0m 0.511 ms - -[0m
[0mGET /uploads/users/avtars/search.svg [36m304[0m 3.315 ms - -[0m
[0mPOST /users/create-session [36m302[0m 19.360 ms - 46[0m
[0mGET / [32m200[0m 34.634 ms - 28997[0m
[0mGET /css/layout.css [36m304[0m 0.343 ms - -[0m
[0mGET /css/header.css [36m304[0m 0.411 ms - -[0m
[0mGET /css/footer.css [36m304[0m 0.714 ms - -[0m
[0mGET /css/home.css [36m304[0m 0.687 ms - -[0m
[0mGET /css/chat-box.css [36m304[0m 0.707 ms - -[0m
[0mGET /uploads/users/avtars/search.svg [36m304[0m 5.450 ms - -[0m
[0mGET /javascript/chat_engine.js [36m304[0m 0.623 ms - -[0m
[0mGET /javascript/home_posts.js [36m304[0m 0.565 ms - -[0m
[0mGET /javascript/toggle-likes.js [36m304[0m 0.229 ms - -[0m
[0mGET /javascript/posts_comments.js [36m304[0m 0.419 ms - -[0m
[0mGET /uploads/users/avtars/avatarSVG.svg [36m304[0m 4.309 ms - -[0m
[0mGET / [32m200[0m 37.394 ms - 28975[0m
[0mGET /css/layout.css [36m304[0m 0.650 ms - -[0m
[0mGET /css/header.css [36m304[0m 0.819 ms - -[0m
[0mGET /css/footer.css [36m304[0m 0.264 ms - -[0m
[0mGET /css/home.css [36m304[0m 0.794 ms - -[0m
[0mGET /css/chat-box.css [36m304[0m 0.571 ms - -[0m
[0mGET /javascript/chat_engine.js [36m304[0m 0.386 ms - -[0m
[0mGET /javascript/home_posts.js [36m304[0m 0.487 ms - -[0m
[0mGET /javascript/posts_comments.js [36m304[0m 1.107 ms - -[0m
[0mGET /javascript/toggle-likes.js [36m304[0m 0.887 ms - -[0m
[0mGET /uploads/users/avtars/search.svg [36m304[0m 6.005 ms - -[0m
[0mGET /uploads/users/avtars/avatarSVG.svg [36m304[0m 6.219 ms - -[0m
[0mGET /users/profile?id=646224d346fc2b322b438b2d [31m500[0m 22.088 ms - 1605[0m
[0mGET /users/sign-out [36m302[0m 14.215 ms - 72[0m
[0mGET /users/sign-in [32m200[0m 7.923 ms - 3235[0m
[0mGET /css/layout.css [36m304[0m 0.545 ms - -[0m
[0mGET /css/header.css [36m304[0m 1.233 ms - -[0m
[0mGET /css/footer.css [36m304[0m 0.418 ms - -[0m
[0mGET /css/auth.css [36m304[0m 0.228 ms - -[0m
[0mGET /uploads/users/avtars/search.svg [36m304[0m 4.022 ms - -[0m
[0mPOST /users/create-session [36m302[0m 13.609 ms - 46[0m
[0mGET / [32m200[0m 32.968 ms - 28997[0m
[0mGET /css/layout.css [36m304[0m 0.595 ms - -[0m
[0mGET /css/header.css [36m304[0m 0.383 ms - -[0m
[0mGET /css/footer.css [36m304[0m 0.717 ms - -[0m
[0mGET /css/home.css [36m304[0m 1.178 ms - -[0m
[0mGET /css/chat-box.css [36m304[0m 1.216 ms - -[0m
[0mGET /uploads/users/avtars/search.svg [36m304[0m 3.599 ms - -[0m
[0mGET /javascript/chat_engine.js [36m304[0m 0.671 ms - -[0m
[0mGET /javascript/home_posts.js [36m304[0m 0.565 ms - -[0m
[0mGET /javascript/posts_comments.js [36m304[0m 0.249 ms - -[0m
[0mGET /javascript/toggle-likes.js [36m304[0m 0.245 ms - -[0m
[0mGET /uploads/users/avtars/avatarSVG.svg [36m304[0m 3.787 ms - -[0m
[0mGET /users/profile/646218972d32e427ebf914fd [33m404[0m 7.918 ms - 177[0m
[0mGET /users/profile/64627cbf14ffc6e1d5257506 [33m404[0m 8.194 ms - 177[0m
[0mGET / [32m200[0m 33.032 ms - 28975[0m
[0mGET /css/layout.css [36m304[0m 0.480 ms - -[0m
[0mGET /css/header.css [36m304[0m 0.737 ms - -[0m
[0mGET /css/home.css [36m304[0m 0.359 ms - -[0m
[0mGET /css/footer.css [36m304[0m 0.434 ms - -[0m
[0mGET /css/chat-box.css [36m304[0m 0.160 ms - -[0m
[0mGET /javascript/chat_engine.js [36m304[0m 0.440 ms - -[0m
[0mGET /javascript/home_posts.js [36m304[0m 0.735 ms - -[0m
[0mGET /javascript/posts_comments.js [36m304[0m 0.658 ms - -[0m
[0mGET /javascript/toggle-likes.js [36m304[0m 0.560 ms - -[0m
[0mGET /uploads/users/avtars/search.svg [36m304[0m 4.334 ms - -[0m
[0mGET /uploads/users/avtars/avatarSVG.svg [36m304[0m 3.942 ms - -[0m
[0mGET /users/sign-out [36m302[0m 7.310 ms - 72[0m
[0mGET /users/sign-in [36m304[0m 3.761 ms - -[0m
[0mGET /css/layout.css [36m304[0m 1.122 ms - -[0m
[0mGET /css/header.css [36m304[0m 1.090 ms - -[0m
[0mGET /css/footer.css [36m304[0m 1.317 ms - -[0m
[0mGET /css/auth.css [36m304[0m 1.176 ms - -[0m
[0mGET /uploads/users/avtars/search.svg [36m304[0m 10.584 ms - -[0m
[0mPOST /users/create-session [36m302[0m 8.234 ms - 46[0m
[0mGET / [32m200[0m 34.655 ms - 27921[0m
[0mGET /css/layout.css [36m304[0m 0.342 ms - -[0m
[0mGET /css/header.css [36m304[0m 0.725 ms - -[0m
[0mGET /css/footer.css [36m304[0m 0.747 ms - -[0m
[0mGET /css/home.css [36m304[0m 0.328 ms - -[0m
[0mGET /css/chat-box.css [36m304[0m 1.250 ms - -[0m
[0mGET /uploads/users/avtars/search.svg [36m304[0m 3.637 ms - -[0m
[0mGET /javascript/chat_engine.js [36m304[0m 0.784 ms - -[0m
[0mGET /javascript/home_posts.js [36m304[0m 0.532 ms - -[0m
[0mGET /javascript/posts_comments.js [36m304[0m 0.428 ms - -[0m
[0mGET /javascript/toggle-likes.js [36m304[0m 0.364 ms - -[0m
[0mGET /uploads/users/avtars/avatarSVG.svg [36m304[0m 3.008 ms - -[0m
[0mGET /users/sign-out [36m302[0m 11.967 ms - 72[0m
[0mGET /users/sign-in [36m304[0m 8.150 ms - -[0m
[0mGET /css/layout.css [36m304[0m 0.353 ms - -[0m
[0mGET /css/header.css [36m304[0m 0.252 ms - -[0m
[0mGET /css/footer.css [36m304[0m 1.046 ms - -[0m
[0mGET /css/auth.css [36m304[0m 1.270 ms - -[0m
[0mGET /uploads/users/avtars/search.svg [36m304[0m 4.277 ms - -[0m
[0mPOST /users/create-session [36m302[0m 19.232 ms - 46[0m
[0mGET / [32m200[0m 25.923 ms - 28997[0m
[0mGET /css/layout.css [36m304[0m 0.337 ms - -[0m
[0mGET /css/header.css [36m304[0m 0.950 ms - -[0m
[0mGET /css/footer.css [36m304[0m 1.192 ms - -[0m
[0mGET /css/home.css [36m304[0m 0.435 ms - -[0m
[0mGET /css/chat-box.css [36m304[0m 0.352 ms - -[0m
[0mGET /uploads/users/avtars/search.svg [36m304[0m 5.350 ms - -[0m
[0mGET /javascript/chat_engine.js [36m304[0m 1.020 ms - -[0m
[0mGET /javascript/home_posts.js [36m304[0m 0.629 ms - -[0m
[0mGET /javascript/posts_comments.js [36m304[0m 0.230 ms - -[0m
[0mGET /javascript/toggle-likes.js [36m304[0m 0.218 ms - -[0m
[0mGET /uploads/users/avtars/avatarSVG.svg [36m304[0m 3.590 ms - -[0m
[0mGET / [32m200[0m 47.360 ms - 28975[0m
[0mGET /javascript/chat_engine.js [36m304[0m 0.964 ms - -[0m
[0mGET /javascript/home_posts.js [36m304[0m 0.858 ms - -[0m
[0mGET /javascript/posts_comments.js [36m304[0m 0.786 ms - -[0m
[0mGET /javascript/toggle-likes.js [36m304[0m 1.034 ms - -[0m
[0mGET /uploads/users/avtars/search.svg [36m304[0m 4.357 ms - -[0m
[0mGET /uploads/users/avtars/avatarSVG.svg [36m304[0m 3.056 ms - -[0m
[0mGET /users/sign-out [36m302[0m 22.786 ms - 72[0m
[0mGET /users/sign-in [36m304[0m 9.082 ms - -[0m
[0mGET /css/layout.css [32m200[0m 3.246 ms - 1135[0m
[0mGET /css/header.css [32m200[0m 2.927 ms - 1858[0m
[0mGET /css/footer.css [32m200[0m 3.404 ms - 252[0m
[0mGET /uploads/users/avtars/search.svg [36m304[0m 6.580 ms - -[0m
[0mGET / [32m200[0m 42.532 ms - 16741[0m
[0mGET /css/layout.css [36m304[0m 0.784 ms - -[0m
[0mGET /css/header.css [36m304[0m 1.664 ms - -[0m
[0mGET /css/footer.css [36m304[0m 1.793 ms - -[0m
[0mGET /css/home.css [32m200[0m 3.529 ms - 4270[0m
[0mGET /css/chat-box.css [32m200[0m 3.838 ms - 1276[0m
[0mGET /uploads/users/avtars/search.svg [36m304[0m 5.234 ms - -[0m
[0mGET /javascript/chat_engine.js [36m304[0m 0.590 ms - -[0m
[0mGET /javascript/home_posts.js [36m304[0m 0.550 ms - -[0m
[0mGET /javascript/posts_comments.js [36m304[0m 0.973 ms - -[0m
[0mGET /javascript/toggle-likes.js [36m304[0m 0.991 ms - -[0m
[0mGET /uploads/users/avtars/avatarSVG.svg [36m304[0m 3.143 ms - -[0m
[0mGET / [36m304[0m 37.126 ms - -[0m
[0mGET /javascript/chat_engine.js [36m304[0m 1.258 ms - -[0m
[0mGET /javascript/home_posts.js [36m304[0m 1.383 ms - -[0m
[0mGET /javascript/posts_comments.js [36m304[0m 1.054 ms - -[0m
[0mGET /javascript/toggle-likes.js [36m304[0m 0.650 ms - -[0m
[0mGET /uploads/users/avtars/search.svg [36m304[0m 2.759 ms - -[0m
[0mGET /uploads/users/avtars/avatarSVG.svg [36m304[0m 1.974 ms - -[0m
[0mGET /users/sign-in [32m200[0m 10.844 ms - 3216[0m
[0mGET /css/layout.css [32m200[0m 6.982 ms - 1135[0m
[0mGET /css/header.css [32m200[0m 6.831 ms - 1858[0m
[0mGET /uploads/users/avtars/search.svg [36m304[0m 9.029 ms - -[0m
[0mGET /css/footer.css [32m200[0m 2.723 ms - 252[0m
[0mPOST /users/create-session [36m302[0m 33.518 ms - 46[0m
[0mGET / [32m200[0m 41.350 ms - 28997[0m
[0mGET /css/layout.css [36m304[0m 0.608 ms - -[0m
[0mGET /css/header.css [36m304[0m 0.955 ms - -[0m
[0mGET /css/footer.css [36m304[0m 0.488 ms - -[0m
[0mGET /css/home.css [32m200[0m 2.550 ms - 4270[0m
[0mGET /css/chat-box.css [32m200[0m 2.590 ms - 1276[0m
[0mGET /uploads/users/avtars/search.svg [36m304[0m 5.137 ms - -[0m
[0mGET /javascript/chat_engine.js [36m304[0m 0.484 ms - -[0m
[0mGET /javascript/home_posts.js [36m304[0m 0.820 ms - -[0m
[0mGET /javascript/posts_comments.js [36m304[0m 0.185 ms - -[0m
[0mGET /javascript/toggle-likes.js [36m304[0m 0.626 ms - -[0m
[0mGET /uploads/users/avtars/avatarSVG.svg [36m304[0m 2.951 ms - -[0m
[0mGET / [32m200[0m 50.540 ms - 28980[0m
[0mGET /css/layout.css [36m304[0m 1.301 ms - -[0m
[0mGET /css/header.css [36m304[0m 0.215 ms - -[0m
[0mGET /css/footer.css [36m304[0m 0.341 ms - -[0m
[0mGET /css/home.css [36m304[0m 0.826 ms - -[0m
[0mGET /css/chat-box.css [36m304[0m 0.649 ms - -[0m
[0mGET /javascript/chat_engine.js [36m304[0m 0.241 ms - -[0m
[0mGET /javascript/home_posts.js [36m304[0m 0.320 ms - -[0m
[0mGET /javascript/posts_comments.js [36m304[0m 0.572 ms - -[0m
[0mGET /javascript/toggle-likes.js [36m304[0m 0.477 ms - -[0m
[0mGET /uploads/users/avtars/search.svg [36m304[0m 3.630 ms - -[0m
[0mGET /uploads/users/avtars/avatarSVG.svg [36m304[0m 3.747 ms - -[0m
[0mGET /users/sign-out [36m302[0m 20.043 ms - 72[0m
[0mGET /users/sign-in [32m200[0m 7.485 ms - 3278[0m
[0mGET /css/layout.css [36m304[0m 0.860 ms - -[0m
[0mGET /css/header.css [36m304[0m 0.647 ms - -[0m
[0mGET /css/footer.css [36m304[0m 0.855 ms - -[0m
[0mGET /css/auth.css [32m200[0m 2.337 ms - 1711[0m
[0mGET /uploads/users/avtars/search.svg [36m304[0m 4.089 ms - -[0m
[0mGET /users/sign-in [32m200[0m 8.501 ms - 3221[0m
[0mGET /css/layout.css [36m304[0m 0.958 ms - -[0m
[0mGET /css/footer.css [36m304[0m 0.574 ms - -[0m
[0mGET /css/auth.css [36m304[0m 0.568 ms - -[0m
[0mGET /css/header.css [36m304[0m 0.618 ms - -[0m
[0mGET /uploads/users/avtars/search.svg [36m304[0m 3.814 ms - -[0m
[0mPOST /users/create-session [36m302[0m 16.409 ms - 46[0m
[0mGET / [32m200[0m 46.217 ms - 29043[0m
[0mGET /css/layout.css [36m304[0m 0.492 ms - -[0m
[0mGET /css/header.css [36m304[0m 0.413 ms - -[0m
[0mGET /css/footer.css [36m304[0m 1.276 ms - -[0m
[0mGET /css/home.css [36m304[0m 1.436 ms - -[0m
[0mGET /css/chat-box.css [36m304[0m 0.784 ms - -[0m
[0mGET /uploads/users/avtars/search.svg [36m304[0m 4.763 ms - -[0m
[0mGET /javascript/chat_engine.js [36m304[0m 0.749 ms - -[0m
[0mGET /javascript/home_posts.js [36m304[0m 0.616 ms - -[0m
[0mGET /javascript/posts_comments.js [36m304[0m 0.801 ms - -[0m
[0mGET /javascript/toggle-likes.js [36m304[0m 0.682 ms - -[0m
[0mGET /uploads/users/avtars/avatarSVG.svg [36m304[0m 3.379 ms - -[0m
[0mGET / [32m200[0m 45.226 ms - 28980[0m
[0mGET /css/layout.css [36m304[0m 0.413 ms - -[0m
[0mGET /css/header.css [36m304[0m 0.705 ms - -[0m
[0mGET /css/home.css [36m304[0m 0.241 ms - -[0m
[0mGET /css/footer.css [36m304[0m 0.929 ms - -[0m
[0mGET /css/chat-box.css [36m304[0m 0.385 ms - -[0m
[0mGET /javascript/home_posts.js [36m304[0m 0.809 ms - -[0m
[0mGET /javascript/chat_engine.js [36m304[0m 0.624 ms - -[0m
[0mGET /javascript/posts_comments.js [36m304[0m 0.387 ms - -[0m
[0mGET /javascript/toggle-likes.js [36m304[0m 0.345 ms - -[0m
[0mGET /uploads/users/avtars/search.svg [36m304[0m 4.323 ms - -[0m
[0mGET /uploads/users/avtars/avatarSVG.svg [36m304[0m 4.346 ms - -[0m
[0mGET / [36m304[0m 40.080 ms - -[0m
[0mGET /css/layout.css [36m304[0m 0.566 ms - -[0m
[0mGET /css/header.css [36m304[0m 0.406 ms - -[0m
[0mGET /css/home.css [36m304[0m 0.646 ms - -[0m
[0mGET /css/footer.css [36m304[0m 0.734 ms - -[0m
[0mGET /css/chat-box.css [36m304[0m 0.282 ms - -[0m
[0mGET /javascript/chat_engine.js [36m304[0m 0.382 ms - -[0m
[0mGET /javascript/home_posts.js [36m304[0m 0.508 ms - -[0m
[0mGET /javascript/posts_comments.js [36m304[0m 0.427 ms - -[0m
[0mGET /javascript/toggle-likes.js [36m304[0m 0.454 ms - -[0m
[0mGET /uploads/users/avtars/search.svg [36m304[0m 4.134 ms - -[0m
[0mGET /uploads/users/avtars/avatarSVG.svg [36m304[0m 2.939 ms - -[0m
[0mGET /users/sign-out [36m302[0m 12.935 ms - 72[0m
[0mGET /users/sign-in [31m500[0m 11.249 ms - 2269[0m
[0mGET /users/sign-in [32m200[0m 23.745 ms - 3221[0m
[0mGET /uploads/users/avtars/search.svg [36m304[0m 6.323 ms - -[0m
[0mGET /users/sign-in [36m304[0m 8.891 ms - -[0m
[0mGET /css/layout.css [32m200[0m 3.458 ms - 1135[0m
[0mGET /css/header.css [32m200[0m 2.733 ms - 1858[0m
[0mGET /css/footer.css [32m200[0m 2.889 ms - 252[0m
[0mGET /css/auth.css [32m200[0m 3.223 ms - 1711[0m
[0mGET /uploads/users/avtars/search.svg [36m304[0m 3.462 ms - -[0m
[0mPOST /users/create-session [36m302[0m 39.285 ms - 46[0m
[0mGET / [32m200[0m 46.688 ms - 27967[0m
[0mGET /css/layout.css [36m304[0m 0.660 ms - -[0m
[0mGET /css/footer.css [36m304[0m 0.616 ms - -[0m
[0mGET /css/header.css [36m304[0m 0.852 ms - -[0m
[0mGET /uploads/users/avtars/search.svg [36m304[0m 4.776 ms - -[0m
[0mGET /javascript/chat_engine.js [36m304[0m 0.255 ms - -[0m
[0mGET /javascript/home_posts.js [36m304[0m 0.528 ms - -[0m
[0mGET /javascript/posts_comments.js [36m304[0m 0.524 ms - -[0m
[0mGET /javascript/toggle-likes.js [36m304[0m 0.457 ms - -[0m
[0mGET /uploads/users/avtars/avatarSVG.svg [36m304[0m 2.962 ms - -[0m
[0mGET / [32m200[0m 43.099 ms - 27904[0m
[0mGET /css/layout.css [36m304[0m 0.389 ms - -[0m
[0mGET /css/header.css [36m304[0m 0.402 ms - -[0m
[0mGET /css/footer.css [36m304[0m 0.321 ms - -[0m
[0mGET /css/home.css [32m200[0m 2.125 ms - 4270[0m
[0mGET /css/chat-box.css [32m200[0m 2.539 ms - 1276[0m
[0mGET /javascript/chat_engine.js [36m304[0m 0.636 ms - -[0m
[0mGET /javascript/home_posts.js [36m304[0m 0.577 ms - -[0m
[0mGET /javascript/posts_comments.js [36m304[0m 0.866 ms - -[0m
[0mGET /javascript/toggle-likes.js [36m304[0m 0.824 ms - -[0m
[0mGET /uploads/users/avtars/search.svg [36m304[0m 5.787 ms - -[0m
[0mGET /uploads/users/avtars/avatarSVG.svg [36m304[0m 5.470 ms - -[0m
[0mGET / [32m200[0m 36.411 ms - 27908[0m
[0mGET /css/layout.css [36m304[0m 0.542 ms - -[0m
[0mGET /css/header.css [36m304[0m 0.748 ms - -[0m
[0mGET /css/footer.css [36m304[0m 0.451 ms - -[0m
[0mGET /css/home.css [36m304[0m 0.493 ms - -[0m
[0mGET /css/chat-box.css [36m304[0m 0.816 ms - -[0m
[0mGET /javascript/chat_engine.js [36m304[0m 0.674 ms - -[0m
[0mGET /javascript/home_posts.js [36m304[0m 0.474 ms - -[0m
[0mGET /javascript/posts_comments.js [36m304[0m 0.678 ms - -[0m
[0mGET /javascript/toggle-likes.js [36m304[0m 0.527 ms - -[0m
[0mGET /uploads/users/avtars/search.svg [36m304[0m 3.592 ms - -[0m
[0mGET /uploads/users/avtars/avatarSVG.svg [36m304[0m 3.688 ms - -[0m
[0mGET /users/sign-out [36m302[0m 12.964 ms - 72[0m
[0mGET /users/sign-in [32m200[0m 8.083 ms - 3244[0m
[0mGET /css/layout.css [36m304[0m 0.897 ms - -[0m
[0mGET /css/header.css [36m304[0m 1.769 ms - -[0m
[0mGET /css/footer.css [36m304[0m 2.225 ms - -[0m
[0mGET /css/auth.css [36m304[0m 1.458 ms - -[0m
[0mGET /uploads/users/avtars/search.svg [36m304[0m 6.413 ms - -[0m
[0mGET / [32m200[0m 62.010 ms - 16750[0m
[0mGET /uploads/users/avtars/search.svg [36m304[0m 5.473 ms - -[0m
[0mGET /javascript/chat_engine.js [36m304[0m 1.192 ms - -[0m
[0mGET /javascript/home_posts.js [36m304[0m 1.160 ms - -[0m
[0mGET /javascript/posts_comments.js [36m304[0m 0.843 ms - -[0m
[0mGET /javascript/toggle-likes.js [36m304[0m 0.818 ms - -[0m
[0mGET /uploads/users/avtars/avatarSVG.svg [36m304[0m 2.402 ms - -[0m
[0mGET /users/sign-in [32m200[0m 12.927 ms - 3225[0m
[0mGET /css/layout.css [32m200[0m 5.236 ms - 1135[0m
[0mGET /css/header.css [32m200[0m 6.671 ms - 1858[0m
[0mGET /css/footer.css [32m200[0m 3.547 ms - 252[0m
[0mGET /uploads/users/avtars/search.svg [36m304[0m 6.597 ms - -[0m
[0mPOST /users/create-session [36m302[0m 33.886 ms - 46[0m
[0mGET / [32m200[0m 30.752 ms - 29006[0m
[0mGET /css/layout.css [36m304[0m 0.605 ms - -[0m
[0mGET /css/header.css [36m304[0m 1.090 ms - -[0m
[0mGET /css/footer.css [36m304[0m 1.037 ms - -[0m
[0mGET /css/home.css [32m200[0m 4.550 ms - 4270[0m
[0mGET /css/chat-box.css [32m200[0m 4.562 ms - 1276[0m
[0mGET /uploads/users/avtars/search.svg [36m304[0m 8.345 ms - -[0m
[0mGET /javascript/chat_engine.js [36m304[0m 0.346 ms - -[0m
[0mGET /javascript/home_posts.js [36m304[0m 0.280 ms - -[0m
[0mGET /javascript/posts_comments.js [36m304[0m 0.484 ms - -[0m
[0mGET /javascript/toggle-likes.js [36m304[0m 0.437 ms - -[0m
[0mGET /uploads/users/avtars/avatarSVG.svg [36m304[0m 12.651 ms - -[0m
[0mGET /users/sign-out [36m302[0m 18.067 ms - 72[0m
[0mGET /users/sign-in [32m200[0m 11.051 ms - 3244[0m
[0mGET /css/layout.css [36m304[0m 0.340 ms - -[0m
[0mGET /css/header.css [36m304[0m 1.534 ms - -[0m
[0mGET /css/footer.css [36m304[0m 0.933 ms - -[0m
[0mGET /css/auth.css [32m200[0m 3.822 ms - 1711[0m
[0mGET /uploads/users/avtars/search.svg [36m304[0m 4.686 ms - -[0m
[0mGET /css/layout.css [36m304[0m 0.910 ms - -[0m
[0mGET /css/header.css [36m304[0m 0.871 ms - -[0m
[0mGET /css/footer.css [36m304[0m 0.778 ms - -[0m
[0mGET /css/auth.css [36m304[0m 0.230 ms - -[0m
[0mGET /css/layout.css [32m200[0m 2.259 ms - 1135[0m
[0mGET /css/footer.css [32m200[0m 2.315 ms - 252[0m
[0mGET /css/header.css [32m200[0m 2.303 ms - 1858[0m
[0mGET /css/home.css [32m200[0m 2.414 ms - 4270[0m
[0mGET /css/chat-box.css [32m200[0m 2.381 ms - 1276[0m
[0mGET / [31m500[0m 41.520 ms - 1934[0m
[0mGET / [31m500[0m 66.016 ms - 1934[0m
[0mGET / [31m500[0m 45.787 ms - 1934[0m
[0mGET / [31m500[0m 64.478 ms - 1934[0m
[0mGET / [31m500[0m 29.849 ms - 1934[0m
[0mGET / [31m500[0m 38.659 ms - 1934[0m
[0mGET / [31m500[0m 32.582 ms - 1934[0m
[0mGET / [31m500[0m 30.530 ms - 1934[0m
[0mGET / [31m500[0m 27.748 ms - 1934[0m
[0mGET / [32m200[0m 46.189 ms - 16621[0m
[0mGET /javascript/chat_engine.js [36m304[0m 1.408 ms - -[0m
[0mGET /javascript/home_posts.js [36m304[0m 1.885 ms - -[0m
[0mGET /javascript/posts_comments.js [36m304[0m 1.317 ms - -[0m
[0mGET /javascript/toggle-likes.js [36m304[0m 1.201 ms - -[0m
[0mGET /uploads/users/avtars/search.svg [36m304[0m 3.544 ms - -[0m
[0mGET /uploads/users/avtars/avatarSVG.svg [36m304[0m 4.348 ms - -[0m
[0mGET / [36m304[0m 67.700 ms - -[0m
[0mGET /javascript/chat_engine.js [36m304[0m 2.572 ms - -[0m
[0mGET /javascript/home_posts.js [36m304[0m 2.509 ms - -[0m
[0mGET /javascript/posts_comments.js [36m304[0m 2.067 ms - -[0m
[0mGET /javascript/toggle-likes.js [36m304[0m 2.006 ms - -[0m
[0mGET /uploads/users/avtars/search.svg [36m304[0m 3.148 ms - -[0m
[0mGET /uploads/users/avtars/avatarSVG.svg [36m304[0m 2.204 ms - -[0m
[0mGET /users/sign-in [32m200[0m 13.283 ms - 3096[0m
[0mGET /css/layout.css [32m200[0m 6.108 ms - 1135[0m
[0mGET /css/header.css [32m200[0m 6.899 ms - 1858[0m
[0mGET /css/footer.css [32m200[0m 2.776 ms - 252[0m
[0mGET /uploads/users/avtars/search.svg [36m304[0m 6.524 ms - -[0m
[0mPOST /users/create-session [36m302[0m 15.281 ms - 46[0m
[0mGET / [32m200[0m 21.325 ms - 28877[0m
[0mGET /css/layout.css [36m304[0m 0.947 ms - -[0m
[0mGET /css/header.css [36m304[0m 1.517 ms - -[0m
[0mGET /css/footer.css [36m304[0m 2.123 ms - -[0m
[0mGET /css/home.css [32m200[0m 4.673 ms - 4270[0m
[0mGET /css/chat-box.css [32m200[0m 4.164 ms - 1276[0m
[0mGET /uploads/users/avtars/search.svg [36m304[0m 7.622 ms - -[0m
[0mGET /javascript/chat_engine.js [36m304[0m 0.950 ms - -[0m
[0mGET /javascript/home_posts.js [36m304[0m 0.857 ms - -[0m
[0mGET /javascript/posts_comments.js [36m304[0m 0.777 ms - -[0m
[0mGET /javascript/toggle-likes.js [36m304[0m 0.480 ms - -[0m
[0mGET /uploads/users/avtars/avatarSVG.svg [36m304[0m 4.600 ms - -[0m
[0mGET /css/layout.css [36m304[0m 0.629 ms - -[0m
[0mGET /css/header.css [36m304[0m 0.420 ms - -[0m
[0mGET /css/footer.css [36m304[0m 0.580 ms - -[0m
[0mGET /css/home.css [36m304[0m 0.650 ms - -[0m
[0mGET /css/chat-box.css [36m304[0m 0.338 ms - -[0m
[0mGET / [32m200[0m 62.733 ms - 28855[0m
[0mGET /javascript/chat_engine.js [36m304[0m 1.828 ms - -[0m
[0mGET /javascript/home_posts.js [36m304[0m 1.725 ms - -[0m
[0mGET /javascript/posts_comments.js [36m304[0m 1.353 ms - -[0m
[0mGET /javascript/toggle-likes.js [36m304[0m 0.736 ms - -[0m
[0mGET /uploads/users/avtars/search.svg [36m304[0m 3.663 ms - -[0m
[0mGET /uploads/users/avtars/avatarSVG.svg [36m304[0m 2.852 ms - -[0m
[0mGET /users/sign-out [36m302[0m 21.721 ms - 72[0m
[0mGET /users/sign-in [32m200[0m 9.120 ms - 3115[0m
[0mGET /css/layout.css [32m200[0m 4.845 ms - 1135[0m
[0mGET /css/header.css [32m200[0m 4.702 ms - 1858[0m
[0mGET /css/footer.css [32m200[0m 5.229 ms - 252[0m
[0mGET /uploads/users/avtars/search.svg [36m304[0m 7.646 ms - -[0m
[0mGET /users/sign-in [32m200[0m 6.190 ms - 3096[0m
[0mGET /css/layout.css [36m304[0m 0.415 ms - -[0m
[0mGET /css/header.css [36m304[0m 0.601 ms - -[0m
[0mGET /css/footer.css [36m304[0m 0.892 ms - -[0m
[0mGET /css/auth.css [32m200[0m 1.985 ms - 1711[0m
[0mGET /uploads/users/avtars/search.svg [36m304[0m 3.032 ms - -[0m
[0mPOST /users/create-session [36m302[0m 31.725 ms - 46[0m
[0mGET / [32m200[0m 34.308 ms - 28877[0m
[0mGET /css/layout.css [36m304[0m 0.536 ms - -[0m
[0mGET /css/header.css [36m304[0m 0.642 ms - -[0m
[0mGET /css/footer.css [36m304[0m 0.235 ms - -[0m
[0mGET /css/home.css [32m200[0m 2.365 ms - 4270[0m
[0mGET /css/chat-box.css [32m200[0m 2.034 ms - 1276[0m
[0mGET /uploads/users/avtars/search.svg [36m304[0m 5.124 ms - -[0m
[0mGET /javascript/chat_engine.js [36m304[0m 0.570 ms - -[0m
[0mGET /javascript/home_posts.js [36m304[0m 1.046 ms - -[0m
[0mGET /javascript/posts_comments.js [36m304[0m 0.689 ms - -[0m
[0mGET /javascript/toggle-likes.js [36m304[0m 0.290 ms - -[0m
[0mGET /uploads/users/avtars/avatarSVG.svg [36m304[0m 2.276 ms - -[0m
[0mGET / [32m200[0m 70.951 ms - 28856[0m
[0mGET /javascript/chat_engine.js [36m304[0m 1.215 ms - -[0m
[0mGET /javascript/home_posts.js [36m304[0m 1.472 ms - -[0m
[0mGET /javascript/posts_comments.js [36m304[0m 1.334 ms - -[0m
[0mGET /javascript/toggle-likes.js [36m304[0m 0.897 ms - -[0m
[0mGET /uploads/users/avtars/search.svg [36m304[0m 4.785 ms - -[0m
[0mGET /uploads/users/avtars/avatarSVG.svg [36m304[0m 3.387 ms - -[0m
[0mGET /users/sign-out [36m302[0m 19.366 ms - 72[0m
[0mGET /users/sign-in [32m200[0m 8.945 ms - 3154[0m
[0mGET /css/layout.css [32m200[0m 4.818 ms - 1135[0m
[0mGET /css/header.css [32m200[0m 3.006 ms - 1858[0m
[0mGET /css/footer.css [32m200[0m 2.239 ms - 252[0m
[0mGET /uploads/users/avtars/search.svg [36m304[0m 4.784 ms - -[0m
[0mGET /users/sign-in [32m200[0m 11.524 ms - 3097[0m
[0mGET /css/layout.css [36m304[0m 0.737 ms - -[0m
[0mGET /css/header.css [36m304[0m 1.144 ms - -[0m
[0mGET /css/footer.css [36m304[0m 1.354 ms - -[0m
[0mGET /css/auth.css [32m200[0m 2.240 ms - 1711[0m
[0mGET /uploads/users/avtars/search.svg [36m304[0m 4.301 ms - -[0m
[0mPOST /users/create-session [36m302[0m 29.830 ms - 46[0m
[0mGET / [32m200[0m 41.511 ms - 28919[0m
[0mGET /css/layout.css [36m304[0m 1.718 ms - -[0m
[0mGET /css/header.css [36m304[0m 0.495 ms - -[0m
[0mGET /css/footer.css [36m304[0m 0.221 ms - -[0m
[0mGET /css/home.css [32m200[0m 1.801 ms - 4270[0m
[0mGET /css/chat-box.css [32m200[0m 2.186 ms - 1276[0m
[0mGET /uploads/users/avtars/search.svg [36m304[0m 5.307 ms - -[0m
[0mGET /javascript/chat_engine.js [36m304[0m 0.818 ms - -[0m
[0mGET /javascript/home_posts.js [36m304[0m 0.517 ms - -[0m
[0mGET /javascript/posts_comments.js [36m304[0m 0.654 ms - -[0m
[0mGET /javascript/toggle-likes.js [36m304[0m 0.484 ms - -[0m
[0mGET /uploads/users/avtars/avatarSVG.svg [36m304[0m 2.995 ms - -[0m
[0mGET /css/layout.css [36m304[0m 0.960 ms - -[0m
[0mGET /css/header.css [36m304[0m 1.309 ms - -[0m
[0mGET /css/footer.css [36m304[0m 1.392 ms - -[0m
[0mGET /css/home.css [36m304[0m 0.355 ms - -[0m
[0mGET /css/chat-box.css [36m304[0m 0.205 ms - -[0m
[0mGET / [32m200[0m 57.349 ms - 28856[0m
[0mGET /javascript/chat_engine.js [36m304[0m 1.759 ms - -[0m
[0mGET /javascript/home_posts.js [36m304[0m 1.385 ms - -[0m
[0mGET /javascript/posts_comments.js [36m304[0m 0.908 ms - -[0m
[0mGET /javascript/toggle-likes.js [36m304[0m 0.856 ms - -[0m
[0mGET /uploads/users/avtars/search.svg [36m304[0m 4.138 ms - -[0m
[0mGET /uploads/users/avtars/avatarSVG.svg [36m304[0m 4.271 ms - -[0m
[0mPOST /comments/add-comment [36m302[0m 46.388 ms - 88[0m
[0mGET / [32m200[0m 35.980 ms - 30097[0m
[0mGET /css/layout.css [32m200[0m 1.693 ms - 1135[0m
[0mGET /css/header.css [32m200[0m 1.008 ms - 1858[0m
[0mGET /css/footer.css [32m200[0m 1.749 ms - 252[0m
[0mGET /css/home.css [32m200[0m 2.070 ms - 4270[0m
[0mGET /css/chat-box.css [32m200[0m 2.261 ms - 1276[0m
[0mGET /javascript/chat_engine.js [36m304[0m 1.226 ms - -[0m
[0mGET /javascript/home_posts.js [36m304[0m 0.989 ms - -[0m
[0mGET /javascript/posts_comments.js [36m304[0m 0.925 ms - -[0m
[0mGET /javascript/toggle-likes.js [36m304[0m 0.731 ms - -[0m
[0mGET /uploads/users/avtars/search.svg [36m304[0m 3.663 ms - -[0m
[0mGET /uploads/users/avtars/avatarSVG.svg [36m304[0m 3.444 ms - -[0m
[0mGET /users/sign-out [36m302[0m 18.819 ms - 72[0m
[0mGET /users/sign-in [32m200[0m 8.225 ms - 3154[0m
[0mGET /css/layout.css [36m304[0m 0.823 ms - -[0m
[0mGET /css/header.css [36m304[0m 0.240 ms - -[0m
[0mGET /css/footer.css [36m304[0m 0.854 ms - -[0m
[0mGET /uploads/users/avtars/search.svg [36m304[0m 3.511 ms - -[0m
[0mGET /users/sign-in [32m200[0m 8.035 ms - 3097[0m
[0mGET /css/layout.css [36m304[0m 0.347 ms - -[0m
[0mGET /css/header.css [36m304[0m 1.058 ms - -[0m
[0mGET /css/footer.css [36m304[0m 0.670 ms - -[0m
[0mGET /css/auth.css [32m200[0m 1.258 ms - 1711[0m
[0mGET /uploads/users/avtars/search.svg [36m304[0m 3.582 ms - -[0m
[0mGET /users/sign-in [36m304[0m 7.466 ms - -[0m
[0mGET /css/layout.css [36m304[0m 0.292 ms - -[0m
[0mGET /css/footer.css [36m304[0m 0.750 ms - -[0m
[0mGET /css/header.css [36m304[0m 0.629 ms - -[0m
[0mGET /css/auth.css [36m304[0m 0.734 ms - -[0m
[0mGET /uploads/users/avtars/search.svg [36m304[0m 3.148 ms - -[0m
[0mPOST /users/create-session [36m302[0m 19.697 ms - 46[0m
[0mGET / [32m200[0m 44.740 ms - 28852[0m
[0mGET /css/layout.css [36m304[0m 0.381 ms - -[0m
[0mGET /css/header.css [36m304[0m 0.407 ms - -[0m
[0mGET /css/footer.css [36m304[0m 1.826 ms - -[0m
[0mGET /css/home.css [36m304[0m 1.574 ms - -[0m
[0mGET /css/chat-box.css [36m304[0m 1.501 ms - -[0m
[0mGET /uploads/users/avtars/search.svg [36m304[0m 5.279 ms - -[0m
[0mGET /javascript/chat_engine.js [36m304[0m 0.862 ms - -[0m
[0mGET /javascript/home_posts.js [36m304[0m 0.783 ms - -[0m
[0mGET /javascript/posts_comments.js [36m304[0m 0.984 ms - -[0m
[0mGET /javascript/toggle-likes.js [36m304[0m 0.467 ms - -[0m
[0mGET /uploads/users/avtars/avatarSVG.svg [36m304[0m 4.290 ms - -[0m
[0mGET / [32m200[0m 40.970 ms - 28789[0m
[0mGET /css/layout.css [36m304[0m 0.491 ms - -[0m
[0mGET /css/header.css [36m304[0m 0.209 ms - -[0m
[0mGET /css/footer.css [36m304[0m 0.390 ms - -[0m
[0mGET /css/home.css [36m304[0m 0.469 ms - -[0m
[0mGET /css/chat-box.css [36m304[0m 0.504 ms - -[0m
[0mGET /javascript/chat_engine.js [36m304[0m 0.651 ms - -[0m
[0mGET /javascript/home_posts.js [36m304[0m 0.540 ms - -[0m
[0mGET /javascript/posts_comments.js [36m304[0m 0.450 ms - -[0m
[0mGET /javascript/toggle-likes.js [36m304[0m 0.393 ms - -[0m
[0mGET /uploads/users/avtars/search.svg [36m304[0m 4.752 ms - -[0m
[0mGET /uploads/users/avtars/avatarSVG.svg [36m304[0m 4.949 ms - -[0m
[0mGET / [36m304[0m 58.275 ms - -[0m
[0mGET /javascript/chat_engine.js [36m304[0m 4.281 ms - -[0m
[0mGET /javascript/home_posts.js [36m304[0m 3.617 ms - -[0m
[0mGET /javascript/posts_comments.js [36m304[0m 2.877 ms - -[0m
[0mGET /javascript/toggle-likes.js [36m304[0m 2.475 ms - -[0m
[0mGET /uploads/users/avtars/search.svg [36m304[0m 4.235 ms - -[0m
[0mGET /uploads/users/avtars/avatarSVG.svg [36m304[0m 3.874 ms - -[0m
[0mGET /users/sign-out [36m302[0m 18.011 ms - 72[0m
[0mGET /users/sign-in [32m200[0m 8.654 ms - 3154[0m
[0mGET /css/layout.css [32m200[0m 5.815 ms - 1135[0m
[0mGET /uploads/users/avtars/search.svg [36m304[0m 7.970 ms - -[0m
[0mGET /css/header.css [32m200[0m 5.352 ms - 1858[0m
[0mGET /css/footer.css [32m200[0m 4.266 ms - 252[0m
[0mGET /users/sign-in [32m200[0m 9.953 ms - 3097[0m
[0mGET /css/layout.css [36m304[0m 1.175 ms - -[0m
[0mGET /css/header.css [36m304[0m 0.804 ms - -[0m
[0mGET /css/footer.css [36m304[0m 0.657 ms - -[0m
[0mGET /css/auth.css [32m200[0m 2.011 ms - 1711[0m
[0mGET /uploads/users/avtars/search.svg [36m304[0m 3.622 ms - -[0m
[0mPOST /users/create-session [36m302[0m 30.032 ms - 46[0m
[0mGET / [32m200[0m 40.844 ms - 30160[0m
[0mGET /css/layout.css [36m304[0m 0.834 ms - -[0m
[0mGET /css/header.css [36m304[0m 1.968 ms - -[0m
[0mGET /css/home.css [32m200[0m 4.069 ms - 4270[0m
[0mGET /css/chat-box.css [32m200[0m 3.898 ms - 1276[0m
[0mGET /css/footer.css [36m304[0m 0.624 ms - -[0m
[0mGET /uploads/users/avtars/search.svg [36m304[0m 6.438 ms - -[0m
[0mGET /javascript/chat_engine.js [36m304[0m 0.639 ms - -[0m
[0mGET /javascript/home_posts.js [36m304[0m 1.231 ms - -[0m
[0mGET /javascript/posts_comments.js [36m304[0m 0.856 ms - -[0m
[0mGET /javascript/toggle-likes.js [36m304[0m 0.425 ms - -[0m
[0mGET /uploads/users/avtars/avatarSVG.svg [36m304[0m 4.388 ms - -[0m
[0mGET / [32m200[0m 46.245 ms - 30097[0m
[0mGET /css/layout.css [36m304[0m 0.414 ms - -[0m
[0mGET /css/header.css [36m304[0m 0.497 ms - -[0m
[0mGET /css/footer.css [36m304[0m 0.478 ms - -[0m
[0mGET /css/home.css [36m304[0m 0.832 ms - -[0m
[0mGET /css/chat-box.css [36m304[0m 0.215 ms - -[0m
[0mGET /javascript/chat_engine.js [36m304[0m 0.855 ms - -[0m
[0mGET /javascript/home_posts.js [36m304[0m 0.663 ms - -[0m
[0mGET /javascript/posts_comments.js [36m304[0m 0.908 ms - -[0m
[0mGET /javascript/toggle-likes.js [36m304[0m 0.742 ms - -[0m
[0mGET /uploads/users/avtars/search.svg [36m304[0m 5.247 ms - -[0m
[0mGET /uploads/users/avtars/avatarSVG.svg [36m304[0m 4.462 ms - -[0m
[0mGET /users/sign-out [36m302[0m 10.066 ms - 72[0m
[0mGET /users/sign-in [32m200[0m 6.417 ms - 3115[0m
[0mGET /css/layout.css [36m304[0m 0.798 ms - -[0m
[0mGET /css/header.css [36m304[0m 0.197 ms - -[0m
[0mGET /css/auth.css [36m304[0m 0.969 ms - -[0m
[0mGET /css/footer.css [36m304[0m 1.096 ms - -[0m
[0mGET /uploads/users/avtars/search.svg [36m304[0m 2.856 ms - -[0m
[0mGET /users/sign-in [32m200[0m 8.893 ms - 3227[0m
[0mGET /css/layout.css [36m304[0m 0.499 ms - -[0m
[0mGET /css/header.css [36m304[0m 0.485 ms - -[0m
[0mGET /css/footer.css [36m304[0m 0.293 ms - -[0m
[0mGET /css/auth.css [36m304[0m 0.369 ms - -[0m
[0mGET /uploads/users/avtars/search.svg [36m304[0m 3.273 ms - -[0m
[0mPOST /users/create-session [36m302[0m 14.424 ms - 46[0m
[0mGET / [32m200[0m 39.205 ms - 30249[0m
[0mGET /css/layout.css [36m304[0m 0.341 ms - -[0m
[0mGET /css/header.css [36m304[0m 0.583 ms - -[0m
[0mGET /css/footer.css [36m304[0m 0.689 ms - -[0m
[0mGET /css/home.css [36m304[0m 0.852 ms - -[0m
[0mGET /css/chat-box.css [36m304[0m 1.098 ms - -[0m
[0mGET /uploads/users/avtars/search.svg [36m304[0m 5.787 ms - -[0m
[0mGET /javascript/chat_engine.js [36m304[0m 1.944 ms - -[0m
[0mGET /javascript/home_posts.js [36m304[0m 1.850 ms - -[0m
[0mGET /javascript/posts_comments.js [36m304[0m 1.733 ms - -[0m
[0mGET /javascript/toggle-likes.js [36m304[0m 1.185 ms - -[0m
[0mGET /uploads/users/avtars/avatarSVG.svg [36m304[0m 4.094 ms - -[0m
[0mGET /users/sign-out [36m302[0m 14.894 ms - 72[0m
[0mGET /users/sign-in [32m200[0m 9.435 ms - 3246[0m
[0mGET /css/layout.css [36m304[0m 0.355 ms - -[0m
[0mGET /css/header.css [36m304[0m 0.631 ms - -[0m
[0mGET /css/footer.css [36m304[0m 0.357 ms - -[0m
[0mGET /css/auth.css [36m304[0m 0.316 ms - -[0m
[0mGET /uploads/users/avtars/search.svg [36m304[0m 4.586 ms - -[0m
[0mGET /css/layout.css [36m304[0m 1.100 ms - -[0m
[0mGET /css/header.css [36m304[0m 1.333 ms - -[0m
[0mGET /css/footer.css [36m304[0m 1.206 ms - -[0m
[0mGET /css/auth.css [36m304[0m 0.614 ms - -[0m
[0mGET /users/sign-in [32m200[0m 7.049 ms - 3318[0m
[0mGET /css/layout.css [36m304[0m 0.530 ms - -[0m
[0mGET /css/header.css [36m304[0m 0.849 ms - -[0m
[0mGET /css/footer.css [36m304[0m 0.563 ms - -[0m
[0mGET /css/auth.css [36m304[0m 0.584 ms - -[0m
[0mGET /uploads/users/avtars/search.svg [36m304[0m 2.784 ms - -[0m
[0mPOST /users/create-session [36m302[0m 13.212 ms - 46[0m
[0mGET / [32m200[0m 45.507 ms - 30340[0m
[0mGET /css/layout.css [36m304[0m 0.381 ms - -[0m
[0mGET /css/header.css [36m304[0m 0.369 ms - -[0m
[0mGET /css/footer.css [36m304[0m 0.509 ms - -[0m
[0mGET /css/home.css [36m304[0m 0.364 ms - -[0m
[0mGET /css/chat-box.css [36m304[0m 0.263 ms - -[0m
[0mGET /javascript/chat_engine.js [36m304[0m 1.505 ms - -[0m
[0mGET /javascript/home_posts.js [36m304[0m 0.871 ms - -[0m
[0mGET /javascript/posts_comments.js [36m304[0m 0.757 ms - -[0m
[0mGET /javascript/toggle-likes.js [36m304[0m 0.490 ms - -[0m
[0mGET /uploads/users/avtars/search.svg [36m304[0m 4.860 ms - -[0m
[0mGET /uploads/users/avtars/avatarSVG.svg [36m304[0m 4.277 ms - -[0m
[0mGET / [32m200[0m 42.539 ms - 30341[0m
[0mGET /css/layout.css [36m304[0m 0.633 ms - -[0m
[0mGET /css/header.css [36m304[0m 0.683 ms - -[0m
[0mGET /css/footer.css [36m304[0m 0.198 ms - -[0m
[0mGET /css/home.css [36m304[0m 0.268 ms - -[0m
[0mGET /css/chat-box.css [36m304[0m 0.331 ms - -[0m
[0mGET /javascript/chat_engine.js [36m304[0m 0.934 ms - -[0m
[0mGET /javascript/home_posts.js [36m304[0m 0.811 ms - -[0m
[0mGET /javascript/posts_comments.js [36m304[0m 0.721 ms - -[0m
[0mGET /javascript/toggle-likes.js [36m304[0m 0.820 ms - -[0m
[0mGET /uploads/users/avtars/avatarSVG.svg [36m304[0m 5.540 ms - -[0m
[0mGET /uploads/users/avtars/search.svg [36m304[0m 6.788 ms - -[0m
[0mGET /users/sign-out [36m302[0m 12.017 ms - 72[0m
[0mGET /users/sign-in [32m200[0m 6.783 ms - 3360[0m
[0mGET /css/layout.css [36m304[0m 0.337 ms - -[0m
[0mGET /css/header.css [36m304[0m 0.410 ms - -[0m
[0mGET /css/footer.css [36m304[0m 0.656 ms - -[0m
[0mGET /css/auth.css [36m304[0m 0.699 ms - -[0m
[0mGET /uploads/users/avtars/search.svg [36m304[0m 2.855 ms - -[0m
[0mPOST /users/create-session [36m302[0m 8.917 ms - 46[0m
[0mGET / [32m200[0m 34.368 ms - 29055[0m
[0mGET /css/layout.css [36m304[0m 0.397 ms - -[0m
[0mGET /css/home.css [36m304[0m 0.524 ms - -[0m
[0mGET /css/header.css [36m304[0m 0.586 ms - -[0m
[0mGET /css/footer.css [36m304[0m 0.614 ms - -[0m
[0mGET /css/chat-box.css [36m304[0m 0.671 ms - -[0m
[0mGET /uploads/users/avtars/search.svg [36m304[0m 4.254 ms - -[0m
[0mGET /javascript/chat_engine.js [36m304[0m 0.409 ms - -[0m
[0mGET /javascript/home_posts.js [36m304[0m 0.302 ms - -[0m
[0mGET /javascript/posts_comments.js [36m304[0m 0.680 ms - -[0m
[0mGET /javascript/toggle-likes.js [36m304[0m 0.619 ms - -[0m
[0mGET /uploads/users/avtars/avatarSVG.svg [36m304[0m 2.764 ms - -[0m
[0mGET / [32m200[0m 40.242 ms - 29079[0m
[0mGET /css/layout.css [36m304[0m 0.299 ms - -[0m
[0mGET /css/header.css [36m304[0m 0.275 ms - -[0m
[0mGET /css/footer.css [36m304[0m 0.280 ms - -[0m
[0mGET /css/home.css [36m304[0m 0.289 ms - -[0m
[0mGET /css/chat-box.css [36m304[0m 0.396 ms - -[0m
[0mGET /javascript/chat_engine.js [36m304[0m 0.910 ms - -[0m
[0mGET /javascript/home_posts.js [36m304[0m 0.787 ms - -[0m
[0mGET /javascript/posts_comments.js [36m304[0m 0.689 ms - -[0m
[0mGET /javascript/toggle-likes.js [36m304[0m 0.374 ms - -[0m
[0mGET /uploads/users/avtars/search.svg [36m304[0m 3.760 ms - -[0m
[0mGET /uploads/users/avtars/avatarSVG.svg [36m304[0m 3.586 ms - -[0m
[0mGET /users/sign-out [36m302[0m 8.783 ms - 72[0m
[0mGET /users/sign-in [32m200[0m 5.942 ms - 3406[0m
[0mGET /css/layout.css [36m304[0m 0.476 ms - -[0m
[0mGET /css/header.css [36m304[0m 0.956 ms - -[0m
[0mGET /css/footer.css [36m304[0m 0.232 ms - -[0m
[0mGET /css/auth.css [36m304[0m 0.668 ms - -[0m
[0mGET /uploads/users/avtars/search.svg [36m304[0m 2.955 ms - -[0m
[0mPOST /users/create-session [36m302[0m 13.709 ms - 46[0m
[0mGET / [32m200[0m 41.803 ms - 30409[0m
[0mGET /css/layout.css [36m304[0m 0.322 ms - -[0m
[0mGET /css/header.css [36m304[0m 0.456 ms - -[0m
[0mGET /css/footer.css [36m304[0m 0.748 ms - -[0m
[0mGET /css/home.css [36m304[0m 0.203 ms - -[0m
[0mGET /css/chat-box.css [36m304[0m 0.902 ms - -[0m
[0mGET /uploads/users/avtars/search.svg [36m304[0m 3.179 ms - -[0m
[0mGET /javascript/chat_engine.js [36m304[0m 0.699 ms - -[0m
[0mGET /javascript/home_posts.js [36m304[0m 0.864 ms - -[0m
[0mGET /javascript/posts_comments.js [36m304[0m 0.445 ms - -[0m
[0mGET /javascript/toggle-likes.js [36m304[0m 0.437 ms - -[0m
[0mGET /uploads/users/avtars/avatarSVG.svg [36m304[0m 3.614 ms - -[0m
[0mGET /users/sign-out [36m302[0m 10.461 ms - 72[0m
[0mGET /users/sign-in [36m304[0m 9.325 ms - -[0m
[0mGET /css/layout.css [36m304[0m 0.289 ms - -[0m
[0mGET /css/header.css [36m304[0m 0.484 ms - -[0m
[0mGET /css/footer.css [36m304[0m 0.623 ms - -[0m
[0mGET /css/auth.css [36m304[0m 0.150 ms - -[0m
[0mGET /uploads/users/avtars/search.svg [36m304[0m 1.848 ms - -[0m
[0mGET /users/sign-in [32m200[0m 6.464 ms - 3396[0m
[0mGET /css/layout.css [36m304[0m 0.342 ms - -[0m
[0mGET /css/header.css [36m304[0m 0.222 ms - -[0m
[0mGET /css/footer.css [36m304[0m 0.273 ms - -[0m
[0mGET /css/auth.css [36m304[0m 0.324 ms - -[0m
[0mGET /uploads/users/avtars/search.svg [36m304[0m 2.911 ms - -[0m
[0mGET /users/sign-in [36m304[0m 7.715 ms - -[0m
[0mGET /css/layout.css [36m304[0m 0.281 ms - -[0m
[0mGET /css/header.css [36m304[0m 2.595 ms - -[0m
[0mGET /css/auth.css [36m304[0m 0.435 ms - -[0m
[0mGET /css/footer.css [36m304[0m 0.729 ms - -[0m
[0mGET /uploads/users/avtars/search.svg [36m304[0m 2.204 ms - -[0m
[0mPOST /users/create-session [36m302[0m 13.422 ms - 46[0m
[0mGET / [32m200[0m 37.117 ms - 29110[0m
[0mGET /css/layout.css [36m304[0m 0.373 ms - -[0m
[0mGET /css/header.css [36m304[0m 0.568 ms - -[0m
[0mGET /css/footer.css [36m304[0m 1.687 ms - -[0m
[0mGET /css/home.css [36m304[0m 0.296 ms - -[0m
[0mGET /css/chat-box.css [36m304[0m 1.611 ms - -[0m
[0mGET /uploads/users/avtars/search.svg [36m304[0m 5.043 ms - -[0m
[0mGET /javascript/chat_engine.js [36m304[0m 0.422 ms - -[0m
[0mGET /javascript/home_posts.js [36m304[0m 0.496 ms - -[0m
[0mGET /javascript/posts_comments.js [36m304[0m 0.455 ms - -[0m
[0mGET /javascript/toggle-likes.js [36m304[0m 0.479 ms - -[0m
[0mGET /uploads/users/avtars/avatarSVG.svg [36m304[0m 4.232 ms - -[0m
[0mGET /css/layout.css [36m304[0m 0.817 ms - -[0m
[0mGET /css/header.css [36m304[0m 0.648 ms - -[0m
[0mGET /css/footer.css [36m304[0m 0.405 ms - -[0m
[0mGET /css/home.css [36m304[0m 0.399 ms - -[0m
[0mGET /css/chat-box.css [36m304[0m 0.448 ms - -[0m
[0mGET / [32m200[0m 40.973 ms - 29087[0m
[0mGET /css/layout.css [36m304[0m 0.323 ms - -[0m
[0mGET /css/header.css [36m304[0m 0.229 ms - -[0m
[0mGET /css/footer.css [36m304[0m 0.375 ms - -[0m
[0mGET /css/home.css [36m304[0m 0.373 ms - -[0m
[0mGET /css/chat-box.css [36m304[0m 0.391 ms - -[0m
[0mGET /javascript/chat_engine.js [36m304[0m 1.438 ms - -[0m
[0mGET /javascript/home_posts.js [36m304[0m 1.271 ms - -[0m
[0mGET /javascript/posts_comments.js [36m304[0m 1.561 ms - -[0m
[0mGET /javascript/toggle-likes.js [36m304[0m 1.478 ms - -[0m
[0mGET /uploads/users/avtars/search.svg [36m304[0m 4.667 ms - -[0m
[0mGET /uploads/users/avtars/avatarSVG.svg [36m304[0m 5.032 ms - -[0m
[0mGET / [32m200[0m 24.691 ms - 29043[0m
[0mGET /css/layout.css [36m304[0m 0.439 ms - -[0m
[0mGET /css/header.css [36m304[0m 0.594 ms - -[0m
[0mGET /css/footer.css [36m304[0m 0.442 ms - -[0m
[0mGET /css/home.css [36m304[0m 0.479 ms - -[0m
[0mGET /css/chat-box.css [36m304[0m 0.545 ms - -[0m
[0mGET /javascript/chat_engine.js [36m304[0m 0.387 ms - -[0m
[0mGET /javascript/home_posts.js [36m304[0m 2.256 ms - -[0m
[0mGET /javascript/posts_comments.js [36m304[0m 0.754 ms - -[0m
[0mGET /javascript/toggle-likes.js [36m304[0m 0.860 ms - -[0m
[0mGET /uploads/users/avtars/search.svg [36m304[0m 7.201 ms - -[0m
[0mGET /uploads/users/avtars/avatarSVG.svg [36m304[0m 7.402 ms - -[0m
[0mGET /users/sign-out [36m302[0m 9.375 ms - 72[0m
[0mGET /users/sign-in [32m200[0m 8.608 ms - 3370[0m
[0mGET /css/layout.css [36m304[0m 0.277 ms - -[0m
[0mGET /css/header.css [36m304[0m 1.824 ms - -[0m
[0mGET /css/footer.css [36m304[0m 0.969 ms - -[0m
[0mGET /css/auth.css [36m304[0m 0.226 ms - -[0m
[0mGET /uploads/users/avtars/search.svg [36m304[0m 4.626 ms - -[0m
[0mGET /users/sign-in [32m200[0m 8.837 ms - 3351[0m
[0mGET /css/layout.css [36m304[0m 1.376 ms - -[0m
[0mGET /css/header.css [36m304[0m 0.469 ms - -[0m
[0mGET /css/auth.css [36m304[0m 0.517 ms - -[0m
[0mGET /css/footer.css [36m304[0m 0.579 ms - -[0m
[0mGET /uploads/users/avtars/search.svg [36m304[0m 2.301 ms - -[0m
[0mGET /users/sign-in [36m304[0m 25.992 ms - -[0m
[0mGET /uploads/users/avtars/search.svg [36m304[0m 2.753 ms - -[0m
[0mGET /users/sign-in [36m304[0m 11.809 ms - -[0m
[0mGET /css/layout.css [32m200[0m 3.956 ms - 1135[0m
[0mGET /css/header.css [32m200[0m 1.504 ms - 1858[0m
[0mGET /css/footer.css [32m200[0m 1.766 ms - 252[0m
[0mGET /css/auth.css [32m200[0m 1.988 ms - 1711[0m
[0mGET /uploads/users/avtars/search.svg [36m304[0m 3.085 ms - -[0m
[0mPOST /users/create-session [36m302[0m 37.673 ms - 46[0m
[0mGET / [32m200[0m 51.904 ms - 30373[0m
[0mGET /css/layout.css [36m304[0m 0.959 ms - -[0m
[0mGET /css/header.css [36m304[0m 0.947 ms - -[0m
[0mGET /css/footer.css [36m304[0m 0.949 ms - -[0m
[0mGET /uploads/users/avtars/search.svg [36m304[0m 4.882 ms - -[0m
[0mGET /javascript/chat_engine.js [36m304[0m 0.525 ms - -[0m
[0mGET /javascript/home_posts.js [36m304[0m 0.672 ms - -[0m
[0mGET /javascript/posts_comments.js [36m304[0m 0.611 ms - -[0m
[0mGET /javascript/toggle-likes.js [36m304[0m 0.749 ms - -[0m
[0mGET /uploads/users/avtars/avatarSVG.svg [36m304[0m 2.790 ms - -[0m
[0mGET /users/sign-out [36m302[0m 18.140 ms - 72[0m
[0mGET /users/sign-in [32m200[0m 8.413 ms - 3370[0m
[0mGET /css/layout.css [36m304[0m 0.376 ms - -[0m
[0mGET /css/header.css [36m304[0m 0.573 ms - -[0m
[0mGET /css/footer.css [36m304[0m 0.817 ms - -[0m
[0mGET /css/auth.css [36m304[0m 1.085 ms - -[0m
[0mGET /uploads/users/avtars/search.svg [36m304[0m 4.376 ms - -[0m
[0mGET /users/sign-in [32m200[0m 11.564 ms - 3311[0m
[0mGET /css/layout.css [36m304[0m 0.359 ms - -[0m
[0mGET /css/header.css [36m304[0m 0.236 ms - -[0m
[0mGET /css/footer.css [36m304[0m 0.226 ms - -[0m
[0mGET /css/auth.css [36m304[0m 0.222 ms - -[0m
[0mGET /uploads/users/avtars/search.svg [36m304[0m 2.964 ms - -[0m
[0mGET /users/sign-in [36m304[0m 10.444 ms - -[0m
[0mGET /css/layout.css [36m304[0m 1.839 ms - -[0m
[0mGET /css/header.css [36m304[0m 0.757 ms - -[0m
[0mGET /css/auth.css [36m304[0m 0.397 ms - -[0m
[0mGET /css/footer.css [36m304[0m 0.512 ms - -[0m
[0mGET /uploads/users/avtars/search.svg [36m304[0m 3.029 ms - -[0m
[0mGET /css/layout.css [36m304[0m 0.993 ms - -[0m
[0mGET /css/header.css [36m304[0m 1.425 ms - -[0m
[0mGET /css/footer.css [36m304[0m 2.556 ms - -[0m
[0mGET /css/auth.css [36m304[0m 2.732 ms - -[0m
[0mPOST /users/create-session [36m302[0m 12.949 ms - 46[0m
[0mGET / [32m200[0m 50.272 ms - 30333[0m
[0mGET /css/layout.css [36m304[0m 0.472 ms - -[0m
[0mGET /css/header.css [36m304[0m 0.446 ms - -[0m
[0mGET /css/footer.css [36m304[0m 0.575 ms - -[0m
[0mGET /css/home.css [32m200[0m 2.077 ms - 4270[0m
[0mGET /css/chat-box.css [32m200[0m 1.474 ms - 1276[0m
[0mGET /javascript/chat_engine.js [36m304[0m 1.411 ms - -[0m
[0mGET /javascript/home_posts.js [36m304[0m 1.250 ms - -[0m
[0mGET /javascript/posts_comments.js [36m304[0m 1.076 ms - -[0m
[0mGET /javascript/toggle-likes.js [36m304[0m 0.969 ms - -[0m
[0mGET /uploads/users/avtars/search.svg [36m304[0m 5.260 ms - -[0m
[0mGET /uploads/users/avtars/avatarSVG.svg [36m304[0m 4.710 ms - -[0m
[0mGET /users/sign-out [36m302[0m 12.905 ms - 72[0m
[0mGET /users/sign-in [32m200[0m 5.369 ms - 3330[0m
[0mGET /css/layout.css [36m304[0m 0.461 ms - -[0m
[0mGET /css/header.css [36m304[0m 0.610 ms - -[0m
[0mGET /css/auth.css [36m304[0m 0.373 ms - -[0m
[0mGET /css/footer.css [36m304[0m 0.440 ms - -[0m
[0mGET /uploads/users/avtars/search.svg [36m304[0m 3.916 ms - -[0m
[0mPOST /users/create-session [36m302[0m 16.950 ms - 46[0m
[0mGET / [36m304[0m 33.971 ms - -[0m
[0mGET /css/header.css [36m304[0m 0.852 ms - -[0m
[0mGET /css/layout.css [36m304[0m 0.693 ms - -[0m
[0mGET /css/footer.css [36m304[0m 0.434 ms - -[0m
[0mGET /css/home.css [36m304[0m 0.458 ms - -[0m
[0mGET /css/chat-box.css [36m304[0m 0.479 ms - -[0m
[0mGET /javascript/chat_engine.js [36m304[0m 0.352 ms - -[0m
[0mGET /javascript/home_posts.js [36m304[0m 0.939 ms - -[0m
[0mGET /javascript/posts_comments.js [36m304[0m 1.206 ms - -[0m
[0mGET /javascript/toggle-likes.js [36m304[0m 1.054 ms - -[0m
[0mGET /uploads/users/avtars/search.svg [36m304[0m 5.600 ms - -[0m
[0mGET /uploads/users/avtars/avatarSVG.svg [36m304[0m 5.904 ms - -[0m
[0mGET /css/layout.css [36m304[0m 0.738 ms - -[0m
[0mGET /css/header.css [36m304[0m 0.968 ms - -[0m
[0mGET /css/footer.css [36m304[0m 0.418 ms - -[0m
[0mGET /css/home.css [36m304[0m 0.448 ms - -[0m
[0mGET /css/chat-box.css [36m304[0m 0.474 ms - -[0m
[0mGET / [32m200[0m 46.684 ms - 30594[0m
[0mGET /css/header.css [36m304[0m 0.503 ms - -[0m
[0mGET /css/layout.css [36m304[0m 0.659 ms - -[0m
[0mGET /css/footer.css [36m304[0m 0.877 ms - -[0m
[0mGET /css/home.css [36m304[0m 0.627 ms - -[0m
[0mGET /css/chat-box.css [36m304[0m 1.426 ms - -[0m
[0mGET /javascript/chat_engine.js [36m304[0m 1.488 ms - -[0m
[0mGET /javascript/home_posts.js [36m304[0m 1.641 ms - -[0m
[0mGET /javascript/posts_comments.js [36m304[0m 1.377 ms - -[0m
[0mGET /javascript/toggle-likes.js [36m304[0m 1.225 ms - -[0m
[0mGET /uploads/users/avtars/search.svg [36m304[0m 7.705 ms - -[0m
[0mGET /uploads/users/avtars/avatarSVG.svg [36m304[0m 6.132 ms - -[0m
[0mGET /users/sign-out [36m302[0m 12.351 ms - 72[0m
[0mGET /users/sign-in [32m200[0m 11.014 ms - 3613[0m
[0mGET /css/layout.css [36m304[0m 1.273 ms - -[0m
[0mGET /css/header.css [36m304[0m 0.701 ms - -[0m
[0mGET /css/footer.css [36m304[0m 0.522 ms - -[0m
[0mGET /css/auth.css [36m304[0m 0.557 ms - -[0m
[0mGET /uploads/users/avtars/search.svg [36m304[0m 3.658 ms - -[0m
[0mPOST /users/create-session [36m302[0m 12.592 ms - 46[0m
[0mGET / [32m200[0m 39.563 ms - 29308[0m
[0mGET /css/layout.css [36m304[0m 0.464 ms - -[0m
[0mGET /css/footer.css [36m304[0m 1.080 ms - -[0m
[0mGET /css/header.css [36m304[0m 0.448 ms - -[0m
[0mGET /css/home.css [36m304[0m 0.572 ms - -[0m
[0mGET /css/chat-box.css [36m304[0m 0.614 ms - -[0m
[0mGET /uploads/users/avtars/search.svg [36m304[0m 4.305 ms - -[0m
[0mGET /javascript/chat_engine.js [36m304[0m 0.630 ms - -[0m
[0mGET /javascript/home_posts.js [36m304[0m 0.485 ms - -[0m
[0mGET /javascript/posts_comments.js [36m304[0m 0.653 ms - -[0m
[0mGET /javascript/toggle-likes.js [36m304[0m 0.760 ms - -[0m
[0mGET /uploads/users/avtars/avatarSVG.svg [36m304[0m 3.628 ms - -[0m
[0mGET /users/sign-out [36m302[0m 13.693 ms - 72[0m
[0mGET /users/sign-in [32m200[0m 6.563 ms - 3604[0m
[0mGET /css/layout.css [36m304[0m 0.929 ms - -[0m
[0mGET /css/header.css [36m304[0m 0.491 ms - -[0m
[0mGET /css/footer.css [36m304[0m 0.384 ms - -[0m
[0mGET /css/auth.css [36m304[0m 0.503 ms - -[0m
[0mGET /uploads/users/avtars/search.svg [36m304[0m 5.225 ms - -[0m
[0mPOST /users/create-session [36m302[0m 17.325 ms - 46[0m
[0mGET / [32m200[0m 37.150 ms - 30607[0m
[0mGET /css/layout.css [36m304[0m 0.841 ms - -[0m
[0mGET /css/header.css [36m304[0m 0.531 ms - -[0m
[0mGET /css/footer.css [36m304[0m 0.288 ms - -[0m
[0mGET /css/home.css [36m304[0m 0.344 ms - -[0m
[0mGET /css/chat-box.css [36m304[0m 0.368 ms - -[0m
[0mGET /uploads/users/avtars/search.svg [36m304[0m 3.384 ms - -[0m
[0mGET /javascript/chat_engine.js [36m304[0m 0.589 ms - -[0m
[0mGET /javascript/home_posts.js [36m304[0m 0.623 ms - -[0m
[0mGET /javascript/posts_comments.js [36m304[0m 0.505 ms - -[0m
[0mGET /javascript/toggle-likes.js [36m304[0m 0.280 ms - -[0m
[0mGET /uploads/users/avtars/avatarSVG.svg [36m304[0m 2.446 ms - -[0m
[0mGET / [32m200[0m 44.119 ms - 30311[0m
[0mGET /css/layout.css [36m304[0m 0.586 ms - -[0m
[0mGET /css/header.css [36m304[0m 0.533 ms - -[0m
[0mGET /css/footer.css [36m304[0m 0.307 ms - -[0m
[0mGET /css/home.css [36m304[0m 0.468 ms - -[0m
[0mGET /css/chat-box.css [36m304[0m 0.315 ms - -[0m
[0mGET /javascript/chat_engine.js [36m304[0m 0.692 ms - -[0m
[0mGET /javascript/home_posts.js [36m304[0m 0.582 ms - -[0m
[0mGET /javascript/posts_comments.js [36m304[0m 0.503 ms - -[0m
[0mGET /javascript/toggle-likes.js [36m304[0m 0.438 ms - -[0m
[0mGET /uploads/users/avtars/search.svg [36m304[0m 4.350 ms - -[0m
[0mGET /uploads/users/avtars/avatarSVG.svg [36m304[0m 3.655 ms - -[0m
[0mGET /users/sign-out [36m302[0m 8.381 ms - 72[0m
[0mGET /users/sign-in [32m200[0m 6.488 ms - 3330[0m
[0mGET /css/layout.css [36m304[0m 0.768 ms - -[0m
[0mGET /css/header.css [36m304[0m 0.940 ms - -[0m
[0mGET /css/footer.css [36m304[0m 1.022 ms - -[0m
[0mGET /css/auth.css [36m304[0m 1.625 ms - -[0m
[0mGET /uploads/users/avtars/search.svg [36m304[0m 4.098 ms - -[0m
[0mGET /users/sign-in [32m200[0m 19.390 ms - 3311[0m
[0mGET /uploads/users/avtars/search.svg [36m304[0m 4.257 ms - -[0m
[0mPOST /users/create-session [36m302[0m 44.043 ms - 46[0m
[0mGET / [32m200[0m 45.336 ms - 30333[0m
[0mGET /css/layout.css [32m200[0m 3.710 ms - 1135[0m
[0mGET /css/header.css [32m200[0m 3.147 ms - 1858[0m
[0mGET /css/footer.css [32m200[0m 3.398 ms - 252[0m
[0mGET /uploads/users/avtars/search.svg [36m304[0m 5.105 ms - -[0m
[0mGET /javascript/chat_engine.js [36m304[0m 0.419 ms - -[0m
[0mGET /javascript/home_posts.js [36m304[0m 0.564 ms - -[0m
[0mGET /javascript/posts_comments.js [36m304[0m 1.122 ms - -[0m
[0mGET /javascript/toggle-likes.js [36m304[0m 0.920 ms - -[0m
[0mGET /uploads/users/avtars/avatarSVG.svg [36m304[0m 2.691 ms - -[0m
[0mGET / [32m200[0m 57.267 ms - 30302[0m
[0mGET /css/layout.css [36m304[0m 2.007 ms - -[0m
[0mGET /css/home.css [32m200[0m 1.079 ms - 4270[0m
[0mGET /css/footer.css [36m304[0m 0.740 ms - -[0m
[0mGET /css/header.css [36m304[0m 0.959 ms - -[0m
[0mGET /css/chat-box.css [32m200[0m 1.934 ms - 1276[0m
[0mGET /javascript/chat_engine.js [36m304[0m 0.516 ms - -[0m
[0mGET /javascript/home_posts.js [36m304[0m 0.629 ms - -[0m
[0mGET /javascript/posts_comments.js [36m304[0m 0.757 ms - -[0m
[0mGET /javascript/toggle-likes.js [36m304[0m 0.608 ms - -[0m
[0mGET /uploads/users/avtars/search.svg [36m304[0m 4.619 ms - -[0m
[0mGET /uploads/users/avtars/avatarSVG.svg [36m304[0m 3.831 ms - -[0m
[0mGET /users/sign-out [36m302[0m 18.686 ms - 72[0m
[0mGET /users/sign-in [32m200[0m 9.505 ms - 3321[0m
[0mGET /css/layout.css [36m304[0m 0.315 ms - -[0m
[0mGET /css/header.css [36m304[0m 0.350 ms - -[0m
[0mGET /css/footer.css [36m304[0m 1.258 ms - -[0m
[0mGET /css/auth.css [32m200[0m 2.488 ms - 1711[0m
[0mGET /uploads/users/avtars/search.svg [36m304[0m 3.716 ms - -[0m
[0mPOST /users/create-session [36m302[0m 15.148 ms - 46[0m
[0mGET / [32m200[0m 43.649 ms - 30324[0m
[0mGET /css/layout.css [36m304[0m 0.322 ms - -[0m
[0mGET /css/header.css [36m304[0m 0.535 ms - -[0m
[0mGET /css/footer.css [36m304[0m 0.445 ms - -[0m
[0mGET /css/home.css [36m304[0m 0.676 ms - -[0m
[0mGET /css/chat-box.css [36m304[0m 1.824 ms - -[0m
[0mGET /uploads/users/avtars/search.svg [36m304[0m 5.152 ms - -[0m
[0mGET /javascript/chat_engine.js [36m304[0m 0.621 ms - -[0m
[0mGET /javascript/home_posts.js [36m304[0m 0.504 ms - -[0m
[0mGET /javascript/posts_comments.js [36m304[0m 0.258 ms - -[0m
[0mGET /javascript/toggle-likes.js [36m304[0m 0.887 ms - -[0m
[0mGET /uploads/users/avtars/avatarSVG.svg [36m304[0m 4.303 ms - -[0m
[0mGET /users/sign-out [36m302[0m 14.094 ms - 72[0m
[0mGET /users/sign-in [36m304[0m 9.427 ms - -[0m
[0mGET /css/layout.css [36m304[0m 0.470 ms - -[0m
[0mGET /css/header.css [36m304[0m 0.699 ms - -[0m
[0mGET /css/footer.css [36m304[0m 0.968 ms - -[0m
[0mGET /css/auth.css [36m304[0m 0.889 ms - -[0m
[0mGET /uploads/users/avtars/search.svg [36m304[0m 3.864 ms - -[0m
[0mPOST /users/create-session [36m302[0m 14.096 ms - 46[0m
[0mGET / [32m200[0m 44.135 ms - 30328[0m
[0mGET /css/layout.css [36m304[0m 0.450 ms - -[0m
[0mGET /css/header.css [36m304[0m 0.893 ms - -[0m
[0mGET /css/footer.css [36m304[0m 0.563 ms - -[0m
[0mGET /css/home.css [36m304[0m 0.299 ms - -[0m
[0mGET /css/chat-box.css [36m304[0m 0.529 ms - -[0m
[0mGET /uploads/users/avtars/search.svg [36m304[0m 3.619 ms - -[0m
[0mGET /javascript/chat_engine.js [36m304[0m 0.551 ms - -[0m
[0mGET /javascript/home_posts.js [36m304[0m 0.455 ms - -[0m
[0mGET /javascript/posts_comments.js [36m304[0m 0.600 ms - -[0m
[0mGET /javascript/toggle-likes.js [36m304[0m 0.445 ms - -[0m
[0mGET /uploads/users/avtars/avatarSVG.svg [36m304[0m 2.446 ms - -[0m
[0mGET /users/sign-out [36m302[0m 12.550 ms - 72[0m
[0mGET /users/sign-in [32m200[0m 8.592 ms - 3337[0m
[0mGET /css/layout.css [36m304[0m 0.323 ms - -[0m
[0mGET /css/header.css [36m304[0m 1.104 ms - -[0m
[0mGET /css/footer.css [36m304[0m 1.447 ms - -[0m
[0mGET /css/auth.css [36m304[0m 1.892 ms - -[0m
[0mGET /uploads/users/avtars/search.svg [36m304[0m 4.380 ms - -[0m
[0mGET /users/sign-in [36m304[0m 3.443 ms - -[0m
[0mGET /css/layout.css [36m304[0m 0.463 ms - -[0m
[0mGET /css/header.css [36m304[0m 0.308 ms - -[0m
[0mGET /css/footer.css [36m304[0m 0.294 ms - -[0m
[0mGET /css/auth.css [36m304[0m 0.308 ms - -[0m
[0mGET /uploads/users/avtars/search.svg [36m304[0m 1.706 ms - -[0m
[0mPOST /users/create-session [36m302[0m 12.066 ms - 46[0m
[0mGET / [32m200[0m 56.071 ms - 30337[0m
[0mGET /css/layout.css [36m304[0m 0.356 ms - -[0m
[0mGET /css/header.css [36m304[0m 0.226 ms - -[0m
[0mGET /css/footer.css [36m304[0m 1.558 ms - -[0m
[0mGET /css/home.css [36m304[0m 1.768 ms - -[0m
[0mGET /css/chat-box.css [36m304[0m 0.227 ms - -[0m
[0mGET /uploads/users/avtars/search.svg [36m304[0m 5.173 ms - -[0m
[0mGET /javascript/chat_engine.js [36m304[0m 0.552 ms - -[0m
[0mGET /javascript/home_posts.js [36m304[0m 0.489 ms - -[0m
[0mGET /javascript/posts_comments.js [36m304[0m 2.401 ms - -[0m
[0mGET /javascript/toggle-likes.js [36m304[0m 2.061 ms - -[0m
[0mGET /uploads/users/avtars/avatarSVG.svg [36m304[0m 6.509 ms - -[0m
[0mGET /users/sign-out [36m302[0m 11.694 ms - 72[0m
[0mGET /users/sign-in [32m200[0m 7.217 ms - 3373[0m
[0mGET /css/layout.css [36m304[0m 0.361 ms - -[0m
[0mGET /css/header.css [36m304[0m 0.395 ms - -[0m
[0mGET /css/footer.css [36m304[0m 0.460 ms - -[0m
[0mGET /css/auth.css [36m304[0m 0.745 ms - -[0m
[0mGET /uploads/users/avtars/search.svg [36m304[0m 3.498 ms - -[0m
[0mGET /users/sign-in [36m304[0m 25.654 ms - -[0m
[0mGET /uploads/users/avtars/search.svg [36m304[0m 3.050 ms - -[0m
[0mPOST /users/create-session [36m302[0m 39.524 ms - 46[0m
[0mGET / [32m200[0m 41.388 ms - 30373[0m
[0mGET /css/layout.css [32m200[0m 3.414 ms - 1135[0m
[0mGET /css/header.css [32m200[0m 3.820 ms - 1858[0m
[0mGET /css/footer.css [32m200[0m 4.074 ms - 252[0m
[0mGET /uploads/users/avtars/search.svg [36m304[0m 6.365 ms - -[0m
[0mGET /javascript/chat_engine.js [36m304[0m 0.791 ms - -[0m
[0mGET /javascript/home_posts.js [36m304[0m 1.202 ms - -[0m
[0mGET /javascript/posts_comments.js [36m304[0m 0.249 ms - -[0m
[0mGET /javascript/toggle-likes.js [36m304[0m 0.721 ms - -[0m
[0mGET /uploads/users/avtars/avatarSVG.svg [36m304[0m 3.005 ms - -[0m
[0mGET / [32m200[0m 53.896 ms - 30365[0m
[0mGET /css/layout.css [36m304[0m 1.014 ms - -[0m
[0mGET /css/header.css [36m304[0m 0.304 ms - -[0m
[0mGET /css/footer.css [36m304[0m 1.475 ms - -[0m
[0mGET /css/home.css [32m200[0m 2.314 ms - 4270[0m
[0mGET /css/chat-box.css [32m200[0m 2.867 ms - 1276[0m
[0mGET /javascript/chat_engine.js [36m304[0m 0.442 ms - -[0m
[0mGET /javascript/home_posts.js [36m304[0m 0.686 ms - -[0m
[0mGET /javascript/posts_comments.js [36m304[0m 0.686 ms - -[0m
[0mGET /javascript/toggle-likes.js [36m304[0m 0.657 ms - -[0m
[0mGET /uploads/users/avtars/search.svg [36m304[0m 3.032 ms - -[0m
[0mGET /uploads/users/avtars/avatarSVG.svg [36m304[0m 3.151 ms - -[0m
[0mGET /users/sign-out [36m302[0m 18.636 ms - 72[0m
[0mGET /users/sign-in [32m200[0m 8.365 ms - 3365[0m
[0mGET /css/layout.css [36m304[0m 0.672 ms - -[0m
[0mGET /css/header.css [36m304[0m 0.360 ms - -[0m
[0mGET /css/footer.css [36m304[0m 0.965 ms - -[0m
[0mGET /css/auth.css [32m200[0m 2.250 ms - 1711[0m
[0mGET /uploads/users/avtars/search.svg [36m304[0m 3.444 ms - -[0m
[0mGET /users/sign-in [32m200[0m 13.102 ms - 3373[0m
[0mGET /css/layout.css [36m304[0m 0.319 ms - -[0m
[0mGET /css/header.css [36m304[0m 0.341 ms - -[0m
[0mGET /css/footer.css [36m304[0m 0.489 ms - -[0m
[0mGET /css/auth.css [36m304[0m 0.229 ms - -[0m
[0mGET /uploads/users/avtars/search.svg [36m304[0m 3.263 ms - -[0m
[0mPOST /users/create-session [36m302[0m 13.559 ms - 46[0m
[0mGET / [32m200[0m 47.095 ms - 30373[0m
[0mGET /css/layout.css [36m304[0m 0.336 ms - -[0m
[0mGET /css/header.css [36m304[0m 0.549 ms - -[0m
[0mGET /css/footer.css [36m304[0m 0.975 ms - -[0m
[0mGET /css/home.css [36m304[0m 1.079 ms - -[0m
[0mGET /css/chat-box.css [36m304[0m 0.204 ms - -[0m
[0mGET /uploads/users/avtars/search.svg [36m304[0m 4.511 ms - -[0m
[0mGET /javascript/chat_engine.js [36m304[0m 0.447 ms - -[0m
[0mGET /javascript/home_posts.js [36m304[0m 0.379 ms - -[0m
[0mGET /javascript/posts_comments.js [36m304[0m 0.538 ms - -[0m
[0mGET /javascript/toggle-likes.js [36m304[0m 0.315 ms - -[0m
[0mGET /uploads/users/avtars/avatarSVG.svg [36m304[0m 2.588 ms - -[0m
[0mGET / [31m500[0m 70.679 ms - 1928[0m
[0mGET / [31m500[0m 71.489 ms - 1928[0m
[0mGET / [31m500[0m 50.618 ms - 1928[0m
[0mGET / [31m500[0m 45.006 ms - 1928[0m
[0mGET / [32m200[0m 55.121 ms - 30364[0m
[0mGET /javascript/chat_engine.js [36m304[0m 2.100 ms - -[0m
[0mGET /javascript/home_posts.js [36m304[0m 1.917 ms - -[0m
[0mGET /javascript/posts_comments.js [36m304[0m 1.662 ms - -[0m
[0mGET /javascript/toggle-likes.js [36m304[0m 1.837 ms - -[0m
[0mGET /uploads/users/avtars/search.svg [36m304[0m 3.657 ms - -[0m
[0mGET /uploads/users/avtars/avatarSVG.svg [36m304[0m 3.437 ms - -[0m
[0mGET /users/sign-out [36m302[0m 16.756 ms - 72[0m
[0mGET /users/sign-in [32m200[0m 12.473 ms - 3364[0m
[0mGET /css/layout.css [32m200[0m 6.537 ms - 1135[0m
[0mGET /css/header.css [32m200[0m 5.725 ms - 1858[0m
[0mGET /css/footer.css [32m200[0m 4.971 ms - 252[0m
[0mGET /uploads/users/avtars/search.svg [36m304[0m 6.760 ms - -[0m
[0mPOST /users/create-session [36m302[0m 25.598 ms - 46[0m
[0mGET / [36m304[0m 37.763 ms - -[0m
[0mGET /css/layout.css [36m304[0m 0.362 ms - -[0m
[0mGET /css/home.css [32m200[0m 1.325 ms - 4270[0m
[0mGET /css/header.css [36m304[0m 0.482 ms - -[0m
[0mGET /css/chat-box.css [32m200[0m 3.117 ms - 1276[0m
[0mGET /css/footer.css [36m304[0m 2.298 ms - -[0m
[0mGET /uploads/users/avtars/search.svg [36m304[0m 5.687 ms - -[0m
[0mGET /javascript/chat_engine.js [36m304[0m 0.757 ms - -[0m
[0mGET /javascript/home_posts.js [36m304[0m 0.612 ms - -[0m
[0mGET /javascript/posts_comments.js [36m304[0m 0.224 ms - -[0m
[0mGET /javascript/toggle-likes.js [36m304[0m 0.414 ms - -[0m
[0mGET /uploads/users/avtars/avatarSVG.svg [36m304[0m 4.419 ms - -[0m
[0mGET / [32m200[0m 40.274 ms - 17703[0m
[0mGET /css/layout.css [36m304[0m 0.499 ms - -[0m
[0mGET /css/header.css [36m304[0m 0.277 ms - -[0m
[0mGET /css/footer.css [36m304[0m 0.463 ms - -[0m
[0mGET /css/home.css [36m304[0m 0.359 ms - -[0m
[0mGET /css/chat-box.css [36m304[0m 0.241 ms - -[0m
[0mGET /javascript/chat_engine.js [36m304[0m 0.363 ms - -[0m
[0mGET /javascript/home_posts.js [36m304[0m 0.294 ms - -[0m
[0mGET /javascript/posts_comments.js [36m304[0m 1.124 ms - -[0m
[0mGET /javascript/toggle-likes.js [36m304[0m 1.163 ms - -[0m
[0mGET /uploads/users/avtars/search.svg [36m304[0m 3.414 ms - -[0m
[0mGET /uploads/users/avtars/avatarSVG.svg [36m304[0m 3.720 ms - -[0m
[0mGET /users/sign-in [36m304[0m 6.454 ms - -[0m
[0mGET /css/layout.css [36m304[0m 0.788 ms - -[0m
[0mGET /css/header.css [36m304[0m 1.339 ms - -[0m
[0mGET /css/footer.css [36m304[0m 0.762 ms - -[0m
[0mGET /css/auth.css [32m200[0m 2.863 ms - 1711[0m
[0mGET /uploads/users/avtars/search.svg [36m304[0m 4.516 ms - -[0m
[0mPOST /users/create-session [36m302[0m 14.741 ms - 46[0m
[0mGET / [32m200[0m 41.579 ms - 29056[0m
[0mGET /css/layout.css [36m304[0m 0.373 ms - -[0m
[0mGET /css/header.css [36m304[0m 0.238 ms - -[0m
[0mGET /css/footer.css [36m304[0m 0.553 ms - -[0m
[0mGET /css/home.css [36m304[0m 0.666 ms - -[0m
[0mGET /css/chat-box.css [36m304[0m 0.712 ms - -[0m
[0mGET /uploads/users/avtars/search.svg [36m304[0m 6.457 ms - -[0m
[0mGET /javascript/chat_engine.js [36m304[0m 0.886 ms - -[0m
[0mGET /javascript/home_posts.js [36m304[0m 1.401 ms - -[0m
[0mGET /javascript/posts_comments.js [36m304[0m 1.196 ms - -[0m
[0mGET /javascript/toggle-likes.js [36m304[0m 0.943 ms - -[0m
[0mGET /uploads/users/avtars/avatarSVG.svg [36m304[0m 7.937 ms - -[0m
